<html>
<head>
<title>TestNG:  Group of group Test</title>
<link href="../testng.css" rel="stylesheet" type="text/css" />
<link href="../my-testng.css" rel="stylesheet" type="text/css" />

<style type="text/css">
.log { display: none;} 
.stack-trace { display: none;} 
</style>
<script type="text/javascript">
<!--
function flip(e) {
  current = e.style.display;
  if (current == 'block') {
    e.style.display = 'none';
    return 0;
  }
  else {
    e.style.display = 'block';
    return 1;
  }
}

function toggleBox(szDivId, elem, msg1, msg2)
{
  var res = -1;  if (document.getElementById) {
    res = flip(document.getElementById(szDivId));
  }
  else if (document.all) {
    // this is the way old msie versions work
    res = flip(document.all[szDivId]);
  }
  if(elem) {
    if(res == 0) elem.innerHTML = msg1; else elem.innerHTML = msg2;
  }

}

function toggleAllBoxes() {
  if (document.getElementsByTagName) {
    d = document.getElementsByTagName('div');
    for (i = 0; i < d.length; i++) {
      if (d[i].className == 'log') {
        flip(d[i]);
      }
    }
  }
}

// -->
</script>

</head>
<body>
<h2 align='center'>Group of group Test</h2><table border='1' align="center">
<tr>
<td>Tests passed/Failed/Skipped:</td><td>42/4/0</td>
</tr><tr>
<td>Started on:</td><td>Wed Jul 28 01:58:08 EET 2021</td>
</tr>
<tr><td>Total time:</td><td>229 seconds (229246 ms)</td>
</tr><tr>
<td>Included groups:</td><td></td>
</tr><tr>
<td>Excluded groups:</td><td></td>
</tr>
</table><p/>
<small><i>(Hover the method name to see the test class name)</i></small><p/>
<table width='100%' border='1' class='invocation-failed'>
<tr><td colspan='4' align='center'><b>FAILED TESTS</b></td></tr>
<tr><td><b>Test method</b></td>
<td width="30%"><b>Exception</b></td>
<td width="10%"><b>Time (seconds)</b></td>
<td><b>Instance</b></td>
</tr>
<tr>
<td title='Marah.Admin.TestCases.EventsPageTest.add_event_with_invalid_date()'><b>add_event_with_invalid_date</b><br>Test class: Marah.Admin.TestCases.EventsPageTest<br>Parameters: public void Marah.Admin.TestCases.EventsPageTest.add_event_with_invalid_date(java.lang.reflect.Method) throws java.lang.InterruptedException</td>
<td><div><pre>org.openqa.selenium.NoSuchElementException: no such element: Unable to locate element: {&quot;method&quot;:&quot;xpath&quot;,&quot;selector&quot;:&quot;*//*[@class=&apos;alert alert-danger&apos;]/ul/li[1]&quot;}
  (Session info: chrome=92.0.4515.107)
For documentation on this error, please visit: https://www.seleniumhq.org/exceptions/no_such_element.html
Build info: version: &apos;3.141.59&apos;, revision: &apos;e82be7d358&apos;, time: &apos;2018-11-14T08:17:03&apos;
System info: host: &apos;DESKTOP-6D8D7QH&apos;, ip: &apos;192.168.1.2&apos;, os.name: &apos;Windows 10&apos;, os.arch: &apos;amd64&apos;, os.version: &apos;10.0&apos;, java.version: &apos;11.0.8&apos;
Driver info: org.openqa.selenium.chrome.ChromeDriver
Capabilities {acceptInsecureCerts: false, browserName: chrome, browserVersion: 92.0.4515.107, chrome: {chromedriverVersion: 91.0.4472.101 (af52a90bf870..., userDataDir: C:\Users\tarek\AppData\Loca...}, goog:chromeOptions: {debuggerAddress: localhost:50484}, javascriptEnabled: true, networkConnectionEnabled: false, pageLoadStrategy: normal, platform: WINDOWS, platformName: WINDOWS, proxy: Proxy(), setWindowRect: true, strictFileInteractability: false, timeouts: {implicit: 0, pageLoad: 300000, script: 30000}, unhandledPromptBehavior: dismiss and notify, webauthn:extension:largeBlob: true, webauthn:virtualAuthenticators: true}
Session ID: cc70ba4c212a6a60d47aa0bd50409d9b
*** Element info: {Using=xpath, value=*//*[@class=&apos;alert alert-danger&apos;]/ul/li[1]}
	at java.base/jdk.internal.reflect.NativeConstructorAccessorImpl.newInstance0(Native Method)
	at java.base/jdk.internal.reflect.NativeConstructorAccessorImpl.newInstance(NativeConstructorAccessorImpl.java:62)
	at java.base/jdk.internal.reflect.DelegatingConstructorAccessorImpl.newInstance(DelegatingConstructorAccessorImpl.java:45)
	at java.base/java.lang.reflect.Constructor.newInstance(Constructor.java:490)
	at org.openqa.selenium.remote.http.W3CHttpResponseCodec.createException(W3CHttpResponseCodec.java:187)
	at org.openqa.selenium.remote.http.W3CHttpResponseCodec.decode(W3CHttpResponseCodec.java:122)
	at org.openqa.selenium.remote.http.W3CHttpResponseCodec.decode(W3CHttpResponseCodec.java:49)
	at org.openqa.selenium.remote.HttpCommandExecutor.execute(HttpCommandExecutor.java:158)
	at org.openqa.selenium.remote.service.DriverCommandExecutor.execute(DriverCommandExecutor.java:83)
	at org.openqa.selenium.remote.RemoteWebDriver.execute(RemoteWebDriver.java:552)
	at org.openqa.selenium.remote.RemoteWebDriver.findElement(RemoteWebDriver.java:323)
	at org.openqa.selenium.remote.RemoteWebDriver.findElementByXPath(RemoteWebDriver.java:428)
	at org.openqa.selenium.By$ByXPath.findElement(By.java:353)
	at org.openqa.selenium.remote.RemoteWebDriver.findElement(RemoteWebDriver.java:315)
	at org.openqa.selenium.support.pagefactory.DefaultElementLocator.findElement(DefaultElementLocator.java:69)
	at org.openqa.selenium.support.pagefactory.internal.LocatingElementHandler.invoke(LocatingElementHandler.java:38)
	at com.sun.proxy.$Proxy12.getText(Unknown Source)
	at Marah.pages.Events.get_alert_message(Events.java:52)
	at Marah.Admin.TestCases.EventsPageTest.add_event_with_invalid_date(EventsPageTest.java:93)
	at java.base/jdk.internal.reflect.NativeMethodAccessorImpl.invoke0(Native Method)
	at java.base/jdk.internal.reflect.NativeMethodAccessorImpl.invoke(NativeMethodAccessorImpl.java:62)
	at java.base/jdk.internal.reflect.DelegatingMethodAccessorImpl.invoke(DelegatingMethodAccessorImpl.java:43)
	at java.base/java.lang.reflect.Method.invoke(Method.java:566)
	at org.testng.internal.MethodInvocationHelper.invokeMethod(MethodInvocationHelper.java:134)
	at org.testng.internal.TestInvoker.invokeMethod(TestInvoker.java:597)
	at org.testng.internal.TestInvoker.invokeTestMethod(TestInvoker.java:173)
	at org.testng.internal.MethodRunner.runInSequence(MethodRunner.java:46)
	at org.testng.internal.TestInvoker$MethodInvocationAgent.invoke(TestInvoker.java:816)
	at org.testng.internal.TestInvoker.invokeTestMethods(TestInvoker.java:146)
	at org.testng.internal.TestMethodWorker.invokeTestMethods(TestMethodWorker.java:146)
	at org.testng.internal.TestMethodWorker.run(TestMethodWorker.java:128)
	at java.base/java.util.ArrayList.forEach(ArrayList.java:1541)
	at org.testng.TestRunner.privateRun(TestRunner.java:766)
	at org.testng.TestRunner.run(TestRunner.java:587)
	at org.testng.SuiteRunner.runTest(SuiteRunner.java:384)
	at org.testng.SuiteRunner.runSequentially(SuiteRunner.java:378)
	at org.testng.SuiteRunner.privateRun(SuiteRunner.java:337)
	at org.testng.SuiteRunner.run(SuiteRunner.java:286)
	at org.testng.SuiteRunnerWorker.runSuite(SuiteRunnerWorker.java:53)
	at org.testng.SuiteRunnerWorker.run(SuiteRunnerWorker.java:96)
	at org.testng.TestNG.runSuitesSequentially(TestNG.java:1187)
	at org.testng.TestNG.runSuitesLocally(TestNG.java:1109)
	at org.testng.TestNG.runSuites(TestNG.java:1039)
	at org.testng.TestNG.run(TestNG.java:1007)
	at org.apache.maven.surefire.testng.TestNGExecutor.run(TestNGExecutor.java:283)
	at org.apache.maven.surefire.testng.TestNGXmlTestSuite.execute(TestNGXmlTestSuite.java:75)
	at org.apache.maven.surefire.testng.TestNGProvider.invoke(TestNGProvider.java:120)
	at org.apache.maven.surefire.booter.ForkedBooter.invokeProviderInSameClassLoader(ForkedBooter.java:383)
	at org.apache.maven.surefire.booter.ForkedBooter.runSuitesInProcess(ForkedBooter.java:344)
	at org.apache.maven.surefire.booter.ForkedBooter.execute(ForkedBooter.java:125)
	at org.apache.maven.surefire.booter.ForkedBooter.main(ForkedBooter.java:417)
</pre></div><a href='#' onClick='toggleBox("stack-trace2038484780", this, "Click to show all stack frames", "Click to hide stack frames")'>Click to show all stack frames</a>
<div class='stack-trace' id='stack-trace2038484780'><pre>org.openqa.selenium.NoSuchElementException: no such element: Unable to locate element: {&quot;method&quot;:&quot;xpath&quot;,&quot;selector&quot;:&quot;*//*[@class=&apos;alert alert-danger&apos;]/ul/li[1]&quot;}
  (Session info: chrome=92.0.4515.107)
For documentation on this error, please visit: https://www.seleniumhq.org/exceptions/no_such_element.html
Build info: version: &apos;3.141.59&apos;, revision: &apos;e82be7d358&apos;, time: &apos;2018-11-14T08:17:03&apos;
System info: host: &apos;DESKTOP-6D8D7QH&apos;, ip: &apos;192.168.1.2&apos;, os.name: &apos;Windows 10&apos;, os.arch: &apos;amd64&apos;, os.version: &apos;10.0&apos;, java.version: &apos;11.0.8&apos;
Driver info: org.openqa.selenium.chrome.ChromeDriver
Capabilities {acceptInsecureCerts: false, browserName: chrome, browserVersion: 92.0.4515.107, chrome: {chromedriverVersion: 91.0.4472.101 (af52a90bf870..., userDataDir: C:\Users\tarek\AppData\Loca...}, goog:chromeOptions: {debuggerAddress: localhost:50484}, javascriptEnabled: true, networkConnectionEnabled: false, pageLoadStrategy: normal, platform: WINDOWS, platformName: WINDOWS, proxy: Proxy(), setWindowRect: true, strictFileInteractability: false, timeouts: {implicit: 0, pageLoad: 300000, script: 30000}, unhandledPromptBehavior: dismiss and notify, webauthn:extension:largeBlob: true, webauthn:virtualAuthenticators: true}
Session ID: cc70ba4c212a6a60d47aa0bd50409d9b
*** Element info: {Using=xpath, value=*//*[@class=&apos;alert alert-danger&apos;]/ul/li[1]}
	at java.base/jdk.internal.reflect.NativeConstructorAccessorImpl.newInstance0(Native Method)
	at java.base/jdk.internal.reflect.NativeConstructorAccessorImpl.newInstance(NativeConstructorAccessorImpl.java:62)
	at java.base/jdk.internal.reflect.DelegatingConstructorAccessorImpl.newInstance(DelegatingConstructorAccessorImpl.java:45)
	at java.base/java.lang.reflect.Constructor.newInstance(Constructor.java:490)
	at org.openqa.selenium.remote.http.W3CHttpResponseCodec.createException(W3CHttpResponseCodec.java:187)
	at org.openqa.selenium.remote.http.W3CHttpResponseCodec.decode(W3CHttpResponseCodec.java:122)
	at org.openqa.selenium.remote.http.W3CHttpResponseCodec.decode(W3CHttpResponseCodec.java:49)
	at org.openqa.selenium.remote.HttpCommandExecutor.execute(HttpCommandExecutor.java:158)
	at org.openqa.selenium.remote.service.DriverCommandExecutor.execute(DriverCommandExecutor.java:83)
	at org.openqa.selenium.remote.RemoteWebDriver.execute(RemoteWebDriver.java:552)
	at org.openqa.selenium.remote.RemoteWebDriver.findElement(RemoteWebDriver.java:323)
	at org.openqa.selenium.remote.RemoteWebDriver.findElementByXPath(RemoteWebDriver.java:428)
	at org.openqa.selenium.By$ByXPath.findElement(By.java:353)
	at org.openqa.selenium.remote.RemoteWebDriver.findElement(RemoteWebDriver.java:315)
	at org.openqa.selenium.support.pagefactory.DefaultElementLocator.findElement(DefaultElementLocator.java:69)
	at org.openqa.selenium.support.pagefactory.internal.LocatingElementHandler.invoke(LocatingElementHandler.java:38)
	at com.sun.proxy.$Proxy12.getText(Unknown Source)
	at Marah.pages.Events.get_alert_message(Events.java:52)
	at Marah.Admin.TestCases.EventsPageTest.add_event_with_invalid_date(EventsPageTest.java:93)
	at java.base/jdk.internal.reflect.NativeMethodAccessorImpl.invoke0(Native Method)
	at java.base/jdk.internal.reflect.NativeMethodAccessorImpl.invoke(NativeMethodAccessorImpl.java:62)
	at java.base/jdk.internal.reflect.DelegatingMethodAccessorImpl.invoke(DelegatingMethodAccessorImpl.java:43)
	at java.base/java.lang.reflect.Method.invoke(Method.java:566)
	at org.testng.internal.MethodInvocationHelper.invokeMethod(MethodInvocationHelper.java:134)
	at org.testng.internal.TestInvoker.invokeMethod(TestInvoker.java:597)
	at org.testng.internal.TestInvoker.invokeTestMethod(TestInvoker.java:173)
	at org.testng.internal.MethodRunner.runInSequence(MethodRunner.java:46)
	at org.testng.internal.TestInvoker$MethodInvocationAgent.invoke(TestInvoker.java:816)
	at org.testng.internal.TestInvoker.invokeTestMethods(TestInvoker.java:146)
	at org.testng.internal.TestMethodWorker.invokeTestMethods(TestMethodWorker.java:146)
	at org.testng.internal.TestMethodWorker.run(TestMethodWorker.java:128)
	at java.base/java.util.ArrayList.forEach(ArrayList.java:1541)
	at org.testng.TestRunner.privateRun(TestRunner.java:766)
	at org.testng.TestRunner.run(TestRunner.java:587)
	at org.testng.SuiteRunner.runTest(SuiteRunner.java:384)
	at org.testng.SuiteRunner.runSequentially(SuiteRunner.java:378)
	at org.testng.SuiteRunner.privateRun(SuiteRunner.java:337)
	at org.testng.SuiteRunner.run(SuiteRunner.java:286)
	at org.testng.SuiteRunnerWorker.runSuite(SuiteRunnerWorker.java:53)
	at org.testng.SuiteRunnerWorker.run(SuiteRunnerWorker.java:96)
	at org.testng.TestNG.runSuitesSequentially(TestNG.java:1187)
	at org.testng.TestNG.runSuitesLocally(TestNG.java:1109)
	at org.testng.TestNG.runSuites(TestNG.java:1039)
	at org.testng.TestNG.run(TestNG.java:1007)
	at org.apache.maven.surefire.testng.TestNGExecutor.run(TestNGExecutor.java:283)
	at org.apache.maven.surefire.testng.TestNGXmlTestSuite.execute(TestNGXmlTestSuite.java:75)
	at org.apache.maven.surefire.testng.TestNGProvider.invoke(TestNGProvider.java:120)
	at org.apache.maven.surefire.booter.ForkedBooter.invokeProviderInSameClassLoader(ForkedBooter.java:383)
	at org.apache.maven.surefire.booter.ForkedBooter.runSuitesInProcess(ForkedBooter.java:344)
	at org.apache.maven.surefire.booter.ForkedBooter.execute(ForkedBooter.java:125)
	at org.apache.maven.surefire.booter.ForkedBooter.main(ForkedBooter.java:417)
</pre></div></td>
<td>5</td>
<td>Marah.Admin.TestCases.EventsPageTest@61d6015a</td></tr>
<tr>
<td title='Marah.Admin.TestCases.UsersTest.add_user_admin()'><b>add_user_admin</b><br>Test class: Marah.Admin.TestCases.UsersTest<br>Parameters: public void Marah.Admin.TestCases.UsersTest.add_user_admin(java.lang.reflect.Method) throws java.lang.InterruptedException</td>
<td><div><pre>org.openqa.selenium.NoSuchElementException: no such element: Unable to locate element: {&quot;method&quot;:&quot;xpath&quot;,&quot;selector&quot;:&quot;/html/body/div[3]/div/div&quot;}
  (Session info: chrome=92.0.4515.107)
For documentation on this error, please visit: https://www.seleniumhq.org/exceptions/no_such_element.html
Build info: version: &apos;3.141.59&apos;, revision: &apos;e82be7d358&apos;, time: &apos;2018-11-14T08:17:03&apos;
System info: host: &apos;DESKTOP-6D8D7QH&apos;, ip: &apos;192.168.1.2&apos;, os.name: &apos;Windows 10&apos;, os.arch: &apos;amd64&apos;, os.version: &apos;10.0&apos;, java.version: &apos;11.0.8&apos;
Driver info: org.openqa.selenium.chrome.ChromeDriver
Capabilities {acceptInsecureCerts: false, browserName: chrome, browserVersion: 92.0.4515.107, chrome: {chromedriverVersion: 91.0.4472.101 (af52a90bf870..., userDataDir: C:\Users\tarek\AppData\Loca...}, goog:chromeOptions: {debuggerAddress: localhost:50484}, javascriptEnabled: true, networkConnectionEnabled: false, pageLoadStrategy: normal, platform: WINDOWS, platformName: WINDOWS, proxy: Proxy(), setWindowRect: true, strictFileInteractability: false, timeouts: {implicit: 0, pageLoad: 300000, script: 30000}, unhandledPromptBehavior: dismiss and notify, webauthn:extension:largeBlob: true, webauthn:virtualAuthenticators: true}
Session ID: cc70ba4c212a6a60d47aa0bd50409d9b
*** Element info: {Using=xpath, value=/html/body/div[3]/div/div}
	at java.base/jdk.internal.reflect.NativeConstructorAccessorImpl.newInstance0(Native Method)
	at java.base/jdk.internal.reflect.NativeConstructorAccessorImpl.newInstance(NativeConstructorAccessorImpl.java:62)
	at java.base/jdk.internal.reflect.DelegatingConstructorAccessorImpl.newInstance(DelegatingConstructorAccessorImpl.java:45)
	at java.base/java.lang.reflect.Constructor.newInstance(Constructor.java:490)
	at org.openqa.selenium.remote.http.W3CHttpResponseCodec.createException(W3CHttpResponseCodec.java:187)
	at org.openqa.selenium.remote.http.W3CHttpResponseCodec.decode(W3CHttpResponseCodec.java:122)
	at org.openqa.selenium.remote.http.W3CHttpResponseCodec.decode(W3CHttpResponseCodec.java:49)
	at org.openqa.selenium.remote.HttpCommandExecutor.execute(HttpCommandExecutor.java:158)
	at org.openqa.selenium.remote.service.DriverCommandExecutor.execute(DriverCommandExecutor.java:83)
	at org.openqa.selenium.remote.RemoteWebDriver.execute(RemoteWebDriver.java:552)
	at org.openqa.selenium.remote.RemoteWebDriver.findElement(RemoteWebDriver.java:323)
	at org.openqa.selenium.remote.RemoteWebDriver.findElementByXPath(RemoteWebDriver.java:428)
	at org.openqa.selenium.By$ByXPath.findElement(By.java:353)
	at org.openqa.selenium.remote.RemoteWebDriver.findElement(RemoteWebDriver.java:315)
	at org.openqa.selenium.support.pagefactory.DefaultElementLocator.findElement(DefaultElementLocator.java:69)
	at org.openqa.selenium.support.pagefactory.internal.LocatingElementHandler.invoke(LocatingElementHandler.java:38)
	at com.sun.proxy.$Proxy12.getAttribute(Unknown Source)
	at Marah.pages.ServicesTypes.getmessage(ServicesTypes.java:74)
	at Marah.Admin.TestCases.UsersTest.add_user_admin(UsersTest.java:79)
	at java.base/jdk.internal.reflect.NativeMethodAccessorImpl.invoke0(Native Method)
	at java.base/jdk.internal.reflect.NativeMethodAccessorImpl.invoke(NativeMethodAccessorImpl.java:62)
	at java.base/jdk.internal.reflect.DelegatingMethodAccessorImpl.invoke(DelegatingMethodAccessorImpl.java:43)
	at java.base/java.lang.reflect.Method.invoke(Method.java:566)
	at org.testng.internal.MethodInvocationHelper.invokeMethod(MethodInvocationHelper.java:134)
	at org.testng.internal.TestInvoker.invokeMethod(TestInvoker.java:597)
	at org.testng.internal.TestInvoker.invokeTestMethod(TestInvoker.java:173)
	at org.testng.internal.MethodRunner.runInSequence(MethodRunner.java:46)
	at org.testng.internal.TestInvoker$MethodInvocationAgent.invoke(TestInvoker.java:816)
	at org.testng.internal.TestInvoker.invokeTestMethods(TestInvoker.java:146)
	at org.testng.internal.TestMethodWorker.invokeTestMethods(TestMethodWorker.java:146)
	at org.testng.internal.TestMethodWorker.run(TestMethodWorker.java:128)
	at java.base/java.util.ArrayList.forEach(ArrayList.java:1541)
	at org.testng.TestRunner.privateRun(TestRunner.java:766)
	at org.testng.TestRunner.run(TestRunner.java:587)
	at org.testng.SuiteRunner.runTest(SuiteRunner.java:384)
	at org.testng.SuiteRunner.runSequentially(SuiteRunner.java:378)
	at org.testng.SuiteRunner.privateRun(SuiteRunner.java:337)
	at org.testng.SuiteRunner.run(SuiteRunner.java:286)
	at org.testng.SuiteRunnerWorker.runSuite(SuiteRunnerWorker.java:53)
	at org.testng.SuiteRunnerWorker.run(SuiteRunnerWorker.java:96)
	at org.testng.TestNG.runSuitesSequentially(TestNG.java:1187)
	at org.testng.TestNG.runSuitesLocally(TestNG.java:1109)
	at org.testng.TestNG.runSuites(TestNG.java:1039)
	at org.testng.TestNG.run(TestNG.java:1007)
	at org.apache.maven.surefire.testng.TestNGExecutor.run(TestNGExecutor.java:283)
	at org.apache.maven.surefire.testng.TestNGXmlTestSuite.execute(TestNGXmlTestSuite.java:75)
	at org.apache.maven.surefire.testng.TestNGProvider.invoke(TestNGProvider.java:120)
	at org.apache.maven.surefire.booter.ForkedBooter.invokeProviderInSameClassLoader(ForkedBooter.java:383)
	at org.apache.maven.surefire.booter.ForkedBooter.runSuitesInProcess(ForkedBooter.java:344)
	at org.apache.maven.surefire.booter.ForkedBooter.execute(ForkedBooter.java:125)
	at org.apache.maven.surefire.booter.ForkedBooter.main(ForkedBooter.java:417)
</pre></div><a href='#' onClick='toggleBox("stack-trace818859466", this, "Click to show all stack frames", "Click to hide stack frames")'>Click to show all stack frames</a>
<div class='stack-trace' id='stack-trace818859466'><pre>org.openqa.selenium.NoSuchElementException: no such element: Unable to locate element: {&quot;method&quot;:&quot;xpath&quot;,&quot;selector&quot;:&quot;/html/body/div[3]/div/div&quot;}
  (Session info: chrome=92.0.4515.107)
For documentation on this error, please visit: https://www.seleniumhq.org/exceptions/no_such_element.html
Build info: version: &apos;3.141.59&apos;, revision: &apos;e82be7d358&apos;, time: &apos;2018-11-14T08:17:03&apos;
System info: host: &apos;DESKTOP-6D8D7QH&apos;, ip: &apos;192.168.1.2&apos;, os.name: &apos;Windows 10&apos;, os.arch: &apos;amd64&apos;, os.version: &apos;10.0&apos;, java.version: &apos;11.0.8&apos;
Driver info: org.openqa.selenium.chrome.ChromeDriver
Capabilities {acceptInsecureCerts: false, browserName: chrome, browserVersion: 92.0.4515.107, chrome: {chromedriverVersion: 91.0.4472.101 (af52a90bf870..., userDataDir: C:\Users\tarek\AppData\Loca...}, goog:chromeOptions: {debuggerAddress: localhost:50484}, javascriptEnabled: true, networkConnectionEnabled: false, pageLoadStrategy: normal, platform: WINDOWS, platformName: WINDOWS, proxy: Proxy(), setWindowRect: true, strictFileInteractability: false, timeouts: {implicit: 0, pageLoad: 300000, script: 30000}, unhandledPromptBehavior: dismiss and notify, webauthn:extension:largeBlob: true, webauthn:virtualAuthenticators: true}
Session ID: cc70ba4c212a6a60d47aa0bd50409d9b
*** Element info: {Using=xpath, value=/html/body/div[3]/div/div}
	at java.base/jdk.internal.reflect.NativeConstructorAccessorImpl.newInstance0(Native Method)
	at java.base/jdk.internal.reflect.NativeConstructorAccessorImpl.newInstance(NativeConstructorAccessorImpl.java:62)
	at java.base/jdk.internal.reflect.DelegatingConstructorAccessorImpl.newInstance(DelegatingConstructorAccessorImpl.java:45)
	at java.base/java.lang.reflect.Constructor.newInstance(Constructor.java:490)
	at org.openqa.selenium.remote.http.W3CHttpResponseCodec.createException(W3CHttpResponseCodec.java:187)
	at org.openqa.selenium.remote.http.W3CHttpResponseCodec.decode(W3CHttpResponseCodec.java:122)
	at org.openqa.selenium.remote.http.W3CHttpResponseCodec.decode(W3CHttpResponseCodec.java:49)
	at org.openqa.selenium.remote.HttpCommandExecutor.execute(HttpCommandExecutor.java:158)
	at org.openqa.selenium.remote.service.DriverCommandExecutor.execute(DriverCommandExecutor.java:83)
	at org.openqa.selenium.remote.RemoteWebDriver.execute(RemoteWebDriver.java:552)
	at org.openqa.selenium.remote.RemoteWebDriver.findElement(RemoteWebDriver.java:323)
	at org.openqa.selenium.remote.RemoteWebDriver.findElementByXPath(RemoteWebDriver.java:428)
	at org.openqa.selenium.By$ByXPath.findElement(By.java:353)
	at org.openqa.selenium.remote.RemoteWebDriver.findElement(RemoteWebDriver.java:315)
	at org.openqa.selenium.support.pagefactory.DefaultElementLocator.findElement(DefaultElementLocator.java:69)
	at org.openqa.selenium.support.pagefactory.internal.LocatingElementHandler.invoke(LocatingElementHandler.java:38)
	at com.sun.proxy.$Proxy12.getAttribute(Unknown Source)
	at Marah.pages.ServicesTypes.getmessage(ServicesTypes.java:74)
	at Marah.Admin.TestCases.UsersTest.add_user_admin(UsersTest.java:79)
	at java.base/jdk.internal.reflect.NativeMethodAccessorImpl.invoke0(Native Method)
	at java.base/jdk.internal.reflect.NativeMethodAccessorImpl.invoke(NativeMethodAccessorImpl.java:62)
	at java.base/jdk.internal.reflect.DelegatingMethodAccessorImpl.invoke(DelegatingMethodAccessorImpl.java:43)
	at java.base/java.lang.reflect.Method.invoke(Method.java:566)
	at org.testng.internal.MethodInvocationHelper.invokeMethod(MethodInvocationHelper.java:134)
	at org.testng.internal.TestInvoker.invokeMethod(TestInvoker.java:597)
	at org.testng.internal.TestInvoker.invokeTestMethod(TestInvoker.java:173)
	at org.testng.internal.MethodRunner.runInSequence(MethodRunner.java:46)
	at org.testng.internal.TestInvoker$MethodInvocationAgent.invoke(TestInvoker.java:816)
	at org.testng.internal.TestInvoker.invokeTestMethods(TestInvoker.java:146)
	at org.testng.internal.TestMethodWorker.invokeTestMethods(TestMethodWorker.java:146)
	at org.testng.internal.TestMethodWorker.run(TestMethodWorker.java:128)
	at java.base/java.util.ArrayList.forEach(ArrayList.java:1541)
	at org.testng.TestRunner.privateRun(TestRunner.java:766)
	at org.testng.TestRunner.run(TestRunner.java:587)
	at org.testng.SuiteRunner.runTest(SuiteRunner.java:384)
	at org.testng.SuiteRunner.runSequentially(SuiteRunner.java:378)
	at org.testng.SuiteRunner.privateRun(SuiteRunner.java:337)
	at org.testng.SuiteRunner.run(SuiteRunner.java:286)
	at org.testng.SuiteRunnerWorker.runSuite(SuiteRunnerWorker.java:53)
	at org.testng.SuiteRunnerWorker.run(SuiteRunnerWorker.java:96)
	at org.testng.TestNG.runSuitesSequentially(TestNG.java:1187)
	at org.testng.TestNG.runSuitesLocally(TestNG.java:1109)
	at org.testng.TestNG.runSuites(TestNG.java:1039)
	at org.testng.TestNG.run(TestNG.java:1007)
	at org.apache.maven.surefire.testng.TestNGExecutor.run(TestNGExecutor.java:283)
	at org.apache.maven.surefire.testng.TestNGXmlTestSuite.execute(TestNGXmlTestSuite.java:75)
	at org.apache.maven.surefire.testng.TestNGProvider.invoke(TestNGProvider.java:120)
	at org.apache.maven.surefire.booter.ForkedBooter.invokeProviderInSameClassLoader(ForkedBooter.java:383)
	at org.apache.maven.surefire.booter.ForkedBooter.runSuitesInProcess(ForkedBooter.java:344)
	at org.apache.maven.surefire.booter.ForkedBooter.execute(ForkedBooter.java:125)
	at org.apache.maven.surefire.booter.ForkedBooter.main(ForkedBooter.java:417)
</pre></div></td>
<td>6</td>
<td>Marah.Admin.TestCases.UsersTest@f381794</td></tr>
<tr>
<td title='Marah.Admin.TestCases.UsersTest.add_user_admin_by_registered_emai_phone()'><b>add_user_admin_by_registered_emai_phone</b><br>Test class: Marah.Admin.TestCases.UsersTest<br>Parameters: public void Marah.Admin.TestCases.UsersTest.add_user_admin_by_registered_emai_phone(java.lang.reflect.Method) throws java.lang.InterruptedException</td>
<td><div><pre>java.lang.AssertionError:  it is inValid expected [The email has already been taken.] but found [The Phone has already been taken.]
	at org.testng.Assert.fail(Assert.java:97)
	at org.testng.Assert.assertEqualsImpl(Assert.java:136)
	at org.testng.Assert.assertEquals(Assert.java:118)
	at org.testng.Assert.assertEquals(Assert.java:575)
	at Marah.Admin.TestCases.UsersTest.add_user_admin_by_registered_emai_phone(UsersTest.java:158)
	at java.base/jdk.internal.reflect.NativeMethodAccessorImpl.invoke0(Native Method)
	at java.base/jdk.internal.reflect.NativeMethodAccessorImpl.invoke(NativeMethodAccessorImpl.java:62)
	at java.base/jdk.internal.reflect.DelegatingMethodAccessorImpl.invoke(DelegatingMethodAccessorImpl.java:43)
	at java.base/java.lang.reflect.Method.invoke(Method.java:566)
	at org.testng.internal.MethodInvocationHelper.invokeMethod(MethodInvocationHelper.java:134)
	at org.testng.internal.TestInvoker.invokeMethod(TestInvoker.java:597)
	at org.testng.internal.TestInvoker.invokeTestMethod(TestInvoker.java:173)
	at org.testng.internal.MethodRunner.runInSequence(MethodRunner.java:46)
	at org.testng.internal.TestInvoker$MethodInvocationAgent.invoke(TestInvoker.java:816)
	at org.testng.internal.TestInvoker.invokeTestMethods(TestInvoker.java:146)
	at org.testng.internal.TestMethodWorker.invokeTestMethods(TestMethodWorker.java:146)
	at org.testng.internal.TestMethodWorker.run(TestMethodWorker.java:128)
	at java.base/java.util.ArrayList.forEach(ArrayList.java:1541)
	at org.testng.TestRunner.privateRun(TestRunner.java:766)
	at org.testng.TestRunner.run(TestRunner.java:587)
	at org.testng.SuiteRunner.runTest(SuiteRunner.java:384)
	at org.testng.SuiteRunner.runSequentially(SuiteRunner.java:378)
	at org.testng.SuiteRunner.privateRun(SuiteRunner.java:337)
	at org.testng.SuiteRunner.run(SuiteRunner.java:286)
	at org.testng.SuiteRunnerWorker.runSuite(SuiteRunnerWorker.java:53)
	at org.testng.SuiteRunnerWorker.run(SuiteRunnerWorker.java:96)
	at org.testng.TestNG.runSuitesSequentially(TestNG.java:1187)
	at org.testng.TestNG.runSuitesLocally(TestNG.java:1109)
	at org.testng.TestNG.runSuites(TestNG.java:1039)
	at org.testng.TestNG.run(TestNG.java:1007)
	at org.apache.maven.surefire.testng.TestNGExecutor.run(TestNGExecutor.java:283)
	at org.apache.maven.surefire.testng.TestNGXmlTestSuite.execute(TestNGXmlTestSuite.java:75)
	at org.apache.maven.surefire.testng.TestNGProvider.invoke(TestNGProvider.java:120)
	at org.apache.maven.surefire.booter.ForkedBooter.invokeProviderInSameClassLoader(ForkedBooter.java:383)
	at org.apache.maven.surefire.booter.ForkedBooter.runSuitesInProcess(ForkedBooter.java:344)
	at org.apache.maven.surefire.booter.ForkedBooter.execute(ForkedBooter.java:125)
	at org.apache.maven.surefire.booter.ForkedBooter.main(ForkedBooter.java:417)
</pre></div><a href='#' onClick='toggleBox("stack-trace936261188", this, "Click to show all stack frames", "Click to hide stack frames")'>Click to show all stack frames</a>
<div class='stack-trace' id='stack-trace936261188'><pre>java.lang.AssertionError:  it is inValid expected [The email has already been taken.] but found [The Phone has already been taken.]
	at org.testng.Assert.fail(Assert.java:97)
	at org.testng.Assert.assertEqualsImpl(Assert.java:136)
	at org.testng.Assert.assertEquals(Assert.java:118)
	at org.testng.Assert.assertEquals(Assert.java:575)
	at Marah.Admin.TestCases.UsersTest.add_user_admin_by_registered_emai_phone(UsersTest.java:158)
	at java.base/jdk.internal.reflect.NativeMethodAccessorImpl.invoke0(Native Method)
	at java.base/jdk.internal.reflect.NativeMethodAccessorImpl.invoke(NativeMethodAccessorImpl.java:62)
	at java.base/jdk.internal.reflect.DelegatingMethodAccessorImpl.invoke(DelegatingMethodAccessorImpl.java:43)
	at java.base/java.lang.reflect.Method.invoke(Method.java:566)
	at org.testng.internal.MethodInvocationHelper.invokeMethod(MethodInvocationHelper.java:134)
	at org.testng.internal.TestInvoker.invokeMethod(TestInvoker.java:597)
	at org.testng.internal.TestInvoker.invokeTestMethod(TestInvoker.java:173)
	at org.testng.internal.MethodRunner.runInSequence(MethodRunner.java:46)
	at org.testng.internal.TestInvoker$MethodInvocationAgent.invoke(TestInvoker.java:816)
	at org.testng.internal.TestInvoker.invokeTestMethods(TestInvoker.java:146)
	at org.testng.internal.TestMethodWorker.invokeTestMethods(TestMethodWorker.java:146)
	at org.testng.internal.TestMethodWorker.run(TestMethodWorker.java:128)
	at java.base/java.util.ArrayList.forEach(ArrayList.java:1541)
	at org.testng.TestRunner.privateRun(TestRunner.java:766)
	at org.testng.TestRunner.run(TestRunner.java:587)
	at org.testng.SuiteRunner.runTest(SuiteRunner.java:384)
	at org.testng.SuiteRunner.runSequentially(SuiteRunner.java:378)
	at org.testng.SuiteRunner.privateRun(SuiteRunner.java:337)
	at org.testng.SuiteRunner.run(SuiteRunner.java:286)
	at org.testng.SuiteRunnerWorker.runSuite(SuiteRunnerWorker.java:53)
	at org.testng.SuiteRunnerWorker.run(SuiteRunnerWorker.java:96)
	at org.testng.TestNG.runSuitesSequentially(TestNG.java:1187)
	at org.testng.TestNG.runSuitesLocally(TestNG.java:1109)
	at org.testng.TestNG.runSuites(TestNG.java:1039)
	at org.testng.TestNG.run(TestNG.java:1007)
	at org.apache.maven.surefire.testng.TestNGExecutor.run(TestNGExecutor.java:283)
	at org.apache.maven.surefire.testng.TestNGXmlTestSuite.execute(TestNGXmlTestSuite.java:75)
	at org.apache.maven.surefire.testng.TestNGProvider.invoke(TestNGProvider.java:120)
	at org.apache.maven.surefire.booter.ForkedBooter.invokeProviderInSameClassLoader(ForkedBooter.java:383)
	at org.apache.maven.surefire.booter.ForkedBooter.runSuitesInProcess(ForkedBooter.java:344)
	at org.apache.maven.surefire.booter.ForkedBooter.execute(ForkedBooter.java:125)
	at org.apache.maven.surefire.booter.ForkedBooter.main(ForkedBooter.java:417)
</pre></div></td>
<td>7</td>
<td>Marah.Admin.TestCases.UsersTest@f381794</td></tr>
<tr>
<td title='Marah.Admin.TestCases.UsersTest.add_user_technical_support()'><b>add_user_technical_support</b><br>Test class: Marah.Admin.TestCases.UsersTest<br>Parameters: public void Marah.Admin.TestCases.UsersTest.add_user_technical_support(java.lang.reflect.Method) throws java.lang.InterruptedException</td>
<td><div><pre>org.openqa.selenium.NoSuchElementException: no such element: Unable to locate element: {&quot;method&quot;:&quot;xpath&quot;,&quot;selector&quot;:&quot;/html/body/div[3]/div/div&quot;}
  (Session info: chrome=92.0.4515.107)
For documentation on this error, please visit: https://www.seleniumhq.org/exceptions/no_such_element.html
Build info: version: &apos;3.141.59&apos;, revision: &apos;e82be7d358&apos;, time: &apos;2018-11-14T08:17:03&apos;
System info: host: &apos;DESKTOP-6D8D7QH&apos;, ip: &apos;192.168.1.2&apos;, os.name: &apos;Windows 10&apos;, os.arch: &apos;amd64&apos;, os.version: &apos;10.0&apos;, java.version: &apos;11.0.8&apos;
Driver info: org.openqa.selenium.chrome.ChromeDriver
Capabilities {acceptInsecureCerts: false, browserName: chrome, browserVersion: 92.0.4515.107, chrome: {chromedriverVersion: 91.0.4472.101 (af52a90bf870..., userDataDir: C:\Users\tarek\AppData\Loca...}, goog:chromeOptions: {debuggerAddress: localhost:50484}, javascriptEnabled: true, networkConnectionEnabled: false, pageLoadStrategy: normal, platform: WINDOWS, platformName: WINDOWS, proxy: Proxy(), setWindowRect: true, strictFileInteractability: false, timeouts: {implicit: 0, pageLoad: 300000, script: 30000}, unhandledPromptBehavior: dismiss and notify, webauthn:extension:largeBlob: true, webauthn:virtualAuthenticators: true}
Session ID: cc70ba4c212a6a60d47aa0bd50409d9b
*** Element info: {Using=xpath, value=/html/body/div[3]/div/div}
	at java.base/jdk.internal.reflect.NativeConstructorAccessorImpl.newInstance0(Native Method)
	at java.base/jdk.internal.reflect.NativeConstructorAccessorImpl.newInstance(NativeConstructorAccessorImpl.java:62)
	at java.base/jdk.internal.reflect.DelegatingConstructorAccessorImpl.newInstance(DelegatingConstructorAccessorImpl.java:45)
	at java.base/java.lang.reflect.Constructor.newInstance(Constructor.java:490)
	at org.openqa.selenium.remote.http.W3CHttpResponseCodec.createException(W3CHttpResponseCodec.java:187)
	at org.openqa.selenium.remote.http.W3CHttpResponseCodec.decode(W3CHttpResponseCodec.java:122)
	at org.openqa.selenium.remote.http.W3CHttpResponseCodec.decode(W3CHttpResponseCodec.java:49)
	at org.openqa.selenium.remote.HttpCommandExecutor.execute(HttpCommandExecutor.java:158)
	at org.openqa.selenium.remote.service.DriverCommandExecutor.execute(DriverCommandExecutor.java:83)
	at org.openqa.selenium.remote.RemoteWebDriver.execute(RemoteWebDriver.java:552)
	at org.openqa.selenium.remote.RemoteWebDriver.findElement(RemoteWebDriver.java:323)
	at org.openqa.selenium.remote.RemoteWebDriver.findElementByXPath(RemoteWebDriver.java:428)
	at org.openqa.selenium.By$ByXPath.findElement(By.java:353)
	at org.openqa.selenium.remote.RemoteWebDriver.findElement(RemoteWebDriver.java:315)
	at org.openqa.selenium.support.pagefactory.DefaultElementLocator.findElement(DefaultElementLocator.java:69)
	at org.openqa.selenium.support.pagefactory.internal.LocatingElementHandler.invoke(LocatingElementHandler.java:38)
	at com.sun.proxy.$Proxy12.getAttribute(Unknown Source)
	at Marah.pages.ServicesTypes.getmessage(ServicesTypes.java:74)
	at Marah.Admin.TestCases.UsersTest.add_user_technical_support(UsersTest.java:110)
	at java.base/jdk.internal.reflect.NativeMethodAccessorImpl.invoke0(Native Method)
	at java.base/jdk.internal.reflect.NativeMethodAccessorImpl.invoke(NativeMethodAccessorImpl.java:62)
	at java.base/jdk.internal.reflect.DelegatingMethodAccessorImpl.invoke(DelegatingMethodAccessorImpl.java:43)
	at java.base/java.lang.reflect.Method.invoke(Method.java:566)
	at org.testng.internal.MethodInvocationHelper.invokeMethod(MethodInvocationHelper.java:134)
	at org.testng.internal.TestInvoker.invokeMethod(TestInvoker.java:597)
	at org.testng.internal.TestInvoker.invokeTestMethod(TestInvoker.java:173)
	at org.testng.internal.MethodRunner.runInSequence(MethodRunner.java:46)
	at org.testng.internal.TestInvoker$MethodInvocationAgent.invoke(TestInvoker.java:816)
	at org.testng.internal.TestInvoker.invokeTestMethods(TestInvoker.java:146)
	at org.testng.internal.TestMethodWorker.invokeTestMethods(TestMethodWorker.java:146)
	at org.testng.internal.TestMethodWorker.run(TestMethodWorker.java:128)
	at java.base/java.util.ArrayList.forEach(ArrayList.java:1541)
	at org.testng.TestRunner.privateRun(TestRunner.java:766)
	at org.testng.TestRunner.run(TestRunner.java:587)
	at org.testng.SuiteRunner.runTest(SuiteRunner.java:384)
	at org.testng.SuiteRunner.runSequentially(SuiteRunner.java:378)
	at org.testng.SuiteRunner.privateRun(SuiteRunner.java:337)
	at org.testng.SuiteRunner.run(SuiteRunner.java:286)
	at org.testng.SuiteRunnerWorker.runSuite(SuiteRunnerWorker.java:53)
	at org.testng.SuiteRunnerWorker.run(SuiteRunnerWorker.java:96)
	at org.testng.TestNG.runSuitesSequentially(TestNG.java:1187)
	at org.testng.TestNG.runSuitesLocally(TestNG.java:1109)
	at org.testng.TestNG.runSuites(TestNG.java:1039)
	at org.testng.TestNG.run(TestNG.java:1007)
	at org.apache.maven.surefire.testng.TestNGExecutor.run(TestNGExecutor.java:283)
	at org.apache.maven.surefire.testng.TestNGXmlTestSuite.execute(TestNGXmlTestSuite.java:75)
	at org.apache.maven.surefire.testng.TestNGProvider.invoke(TestNGProvider.java:120)
	at org.apache.maven.surefire.booter.ForkedBooter.invokeProviderInSameClassLoader(ForkedBooter.java:383)
	at org.apache.maven.surefire.booter.ForkedBooter.runSuitesInProcess(ForkedBooter.java:344)
	at org.apache.maven.surefire.booter.ForkedBooter.execute(ForkedBooter.java:125)
	at org.apache.maven.surefire.booter.ForkedBooter.main(ForkedBooter.java:417)
</pre></div><a href='#' onClick='toggleBox("stack-trace350413251", this, "Click to show all stack frames", "Click to hide stack frames")'>Click to show all stack frames</a>
<div class='stack-trace' id='stack-trace350413251'><pre>org.openqa.selenium.NoSuchElementException: no such element: Unable to locate element: {&quot;method&quot;:&quot;xpath&quot;,&quot;selector&quot;:&quot;/html/body/div[3]/div/div&quot;}
  (Session info: chrome=92.0.4515.107)
For documentation on this error, please visit: https://www.seleniumhq.org/exceptions/no_such_element.html
Build info: version: &apos;3.141.59&apos;, revision: &apos;e82be7d358&apos;, time: &apos;2018-11-14T08:17:03&apos;
System info: host: &apos;DESKTOP-6D8D7QH&apos;, ip: &apos;192.168.1.2&apos;, os.name: &apos;Windows 10&apos;, os.arch: &apos;amd64&apos;, os.version: &apos;10.0&apos;, java.version: &apos;11.0.8&apos;
Driver info: org.openqa.selenium.chrome.ChromeDriver
Capabilities {acceptInsecureCerts: false, browserName: chrome, browserVersion: 92.0.4515.107, chrome: {chromedriverVersion: 91.0.4472.101 (af52a90bf870..., userDataDir: C:\Users\tarek\AppData\Loca...}, goog:chromeOptions: {debuggerAddress: localhost:50484}, javascriptEnabled: true, networkConnectionEnabled: false, pageLoadStrategy: normal, platform: WINDOWS, platformName: WINDOWS, proxy: Proxy(), setWindowRect: true, strictFileInteractability: false, timeouts: {implicit: 0, pageLoad: 300000, script: 30000}, unhandledPromptBehavior: dismiss and notify, webauthn:extension:largeBlob: true, webauthn:virtualAuthenticators: true}
Session ID: cc70ba4c212a6a60d47aa0bd50409d9b
*** Element info: {Using=xpath, value=/html/body/div[3]/div/div}
	at java.base/jdk.internal.reflect.NativeConstructorAccessorImpl.newInstance0(Native Method)
	at java.base/jdk.internal.reflect.NativeConstructorAccessorImpl.newInstance(NativeConstructorAccessorImpl.java:62)
	at java.base/jdk.internal.reflect.DelegatingConstructorAccessorImpl.newInstance(DelegatingConstructorAccessorImpl.java:45)
	at java.base/java.lang.reflect.Constructor.newInstance(Constructor.java:490)
	at org.openqa.selenium.remote.http.W3CHttpResponseCodec.createException(W3CHttpResponseCodec.java:187)
	at org.openqa.selenium.remote.http.W3CHttpResponseCodec.decode(W3CHttpResponseCodec.java:122)
	at org.openqa.selenium.remote.http.W3CHttpResponseCodec.decode(W3CHttpResponseCodec.java:49)
	at org.openqa.selenium.remote.HttpCommandExecutor.execute(HttpCommandExecutor.java:158)
	at org.openqa.selenium.remote.service.DriverCommandExecutor.execute(DriverCommandExecutor.java:83)
	at org.openqa.selenium.remote.RemoteWebDriver.execute(RemoteWebDriver.java:552)
	at org.openqa.selenium.remote.RemoteWebDriver.findElement(RemoteWebDriver.java:323)
	at org.openqa.selenium.remote.RemoteWebDriver.findElementByXPath(RemoteWebDriver.java:428)
	at org.openqa.selenium.By$ByXPath.findElement(By.java:353)
	at org.openqa.selenium.remote.RemoteWebDriver.findElement(RemoteWebDriver.java:315)
	at org.openqa.selenium.support.pagefactory.DefaultElementLocator.findElement(DefaultElementLocator.java:69)
	at org.openqa.selenium.support.pagefactory.internal.LocatingElementHandler.invoke(LocatingElementHandler.java:38)
	at com.sun.proxy.$Proxy12.getAttribute(Unknown Source)
	at Marah.pages.ServicesTypes.getmessage(ServicesTypes.java:74)
	at Marah.Admin.TestCases.UsersTest.add_user_technical_support(UsersTest.java:110)
	at java.base/jdk.internal.reflect.NativeMethodAccessorImpl.invoke0(Native Method)
	at java.base/jdk.internal.reflect.NativeMethodAccessorImpl.invoke(NativeMethodAccessorImpl.java:62)
	at java.base/jdk.internal.reflect.DelegatingMethodAccessorImpl.invoke(DelegatingMethodAccessorImpl.java:43)
	at java.base/java.lang.reflect.Method.invoke(Method.java:566)
	at org.testng.internal.MethodInvocationHelper.invokeMethod(MethodInvocationHelper.java:134)
	at org.testng.internal.TestInvoker.invokeMethod(TestInvoker.java:597)
	at org.testng.internal.TestInvoker.invokeTestMethod(TestInvoker.java:173)
	at org.testng.internal.MethodRunner.runInSequence(MethodRunner.java:46)
	at org.testng.internal.TestInvoker$MethodInvocationAgent.invoke(TestInvoker.java:816)
	at org.testng.internal.TestInvoker.invokeTestMethods(TestInvoker.java:146)
	at org.testng.internal.TestMethodWorker.invokeTestMethods(TestMethodWorker.java:146)
	at org.testng.internal.TestMethodWorker.run(TestMethodWorker.java:128)
	at java.base/java.util.ArrayList.forEach(ArrayList.java:1541)
	at org.testng.TestRunner.privateRun(TestRunner.java:766)
	at org.testng.TestRunner.run(TestRunner.java:587)
	at org.testng.SuiteRunner.runTest(SuiteRunner.java:384)
	at org.testng.SuiteRunner.runSequentially(SuiteRunner.java:378)
	at org.testng.SuiteRunner.privateRun(SuiteRunner.java:337)
	at org.testng.SuiteRunner.run(SuiteRunner.java:286)
	at org.testng.SuiteRunnerWorker.runSuite(SuiteRunnerWorker.java:53)
	at org.testng.SuiteRunnerWorker.run(SuiteRunnerWorker.java:96)
	at org.testng.TestNG.runSuitesSequentially(TestNG.java:1187)
	at org.testng.TestNG.runSuitesLocally(TestNG.java:1109)
	at org.testng.TestNG.runSuites(TestNG.java:1039)
	at org.testng.TestNG.run(TestNG.java:1007)
	at org.apache.maven.surefire.testng.TestNGExecutor.run(TestNGExecutor.java:283)
	at org.apache.maven.surefire.testng.TestNGXmlTestSuite.execute(TestNGXmlTestSuite.java:75)
	at org.apache.maven.surefire.testng.TestNGProvider.invoke(TestNGProvider.java:120)
	at org.apache.maven.surefire.booter.ForkedBooter.invokeProviderInSameClassLoader(ForkedBooter.java:383)
	at org.apache.maven.surefire.booter.ForkedBooter.runSuitesInProcess(ForkedBooter.java:344)
	at org.apache.maven.surefire.booter.ForkedBooter.execute(ForkedBooter.java:125)
	at org.apache.maven.surefire.booter.ForkedBooter.main(ForkedBooter.java:417)
</pre></div></td>
<td>5</td>
<td>Marah.Admin.TestCases.UsersTest@f381794</td></tr>
</table><p>
<table width='100%' border='1' class='invocation-passed'>
<tr><td colspan='4' align='center'><b>PASSED TESTS</b></td></tr>
<tr><td><b>Test method</b></td>
<td width="30%"><b>Exception</b></td>
<td width="10%"><b>Time (seconds)</b></td>
<td><b>Instance</b></td>
</tr>
<tr>
<td title='Marah.Admin.TestCases.ComplainPageTest.add_Complain()'><b>add_Complain</b><br>Test class: Marah.Admin.TestCases.ComplainPageTest<br>Parameters: public void Marah.Admin.TestCases.ComplainPageTest.add_Complain(java.lang.reflect.Method) throws java.lang.InterruptedException</td>
<td></td>
<td>4</td>
<td>Marah.Admin.TestCases.ComplainPageTest@524d6d96</td></tr>
<tr>
<td title='Marah.Admin.TestCases.CustomerPageTest.add_Customer()'><b>add_Customer</b><br>Test class: Marah.Admin.TestCases.CustomerPageTest<br>Parameters: public void Marah.Admin.TestCases.CustomerPageTest.add_Customer(java.lang.reflect.Method) throws java.lang.InterruptedException</td>
<td></td>
<td>4</td>
<td>Marah.Admin.TestCases.CustomerPageTest@2cdd0d4b</td></tr>
<tr>
<td title='Marah.Admin.TestCases.CustomerPageTest.add_Customer_without_name()'><b>add_Customer_without_name</b><br>Test class: Marah.Admin.TestCases.CustomerPageTest<br>Parameters: public void Marah.Admin.TestCases.CustomerPageTest.add_Customer_without_name(java.lang.reflect.Method) throws java.lang.InterruptedException</td>
<td></td>
<td>2</td>
<td>Marah.Admin.TestCases.CustomerPageTest@2cdd0d4b</td></tr>
<tr>
<td title='Marah.Admin.TestCases.CenterPageTest.add_center()'><b>add_center</b><br>Test class: Marah.Admin.TestCases.CenterPageTest</td>
<td></td>
<td>23</td>
<td>Marah.Admin.TestCases.CenterPageTest@2e1d27ba</td></tr>
<tr>
<td title='Marah.Admin.TestCases.CenterPageTest.add_center_with_empty()'><b>add_center_with_empty</b><br>Test class: Marah.Admin.TestCases.CenterPageTest<br>Parameters: public void Marah.Admin.TestCases.CenterPageTest.add_center_with_empty(java.lang.reflect.Method) throws java.lang.InterruptedException</td>
<td></td>
<td>3</td>
<td>Marah.Admin.TestCases.CenterPageTest@2e1d27ba</td></tr>
<tr>
<td title='Marah.Admin.TestCases.ServicesTypesTest.add_empty_field()'><b>add_empty_field</b><br>Test class: Marah.Admin.TestCases.ServicesTypesTest<br>Parameters: public void Marah.Admin.TestCases.ServicesTypesTest.add_empty_field(java.lang.reflect.Method)</td>
<td></td>
<td>1</td>
<td>Marah.Admin.TestCases.ServicesTypesTest@7e9131d5</td></tr>
<tr>
<td title='Marah.Admin.TestCases.EventsPageTest.add_event_special_price()'><b>add_event_special_price</b><br>Test class: Marah.Admin.TestCases.EventsPageTest<br>Parameters: public void Marah.Admin.TestCases.EventsPageTest.add_event_special_price(java.lang.reflect.Method) throws java.lang.InterruptedException</td>
<td></td>
<td>7</td>
<td>Marah.Admin.TestCases.EventsPageTest@61d6015a</td></tr>
<tr>
<td title='Marah.Admin.TestCases.EventsPageTest.add_event_special_show()'><b>add_event_special_show</b><br>Test class: Marah.Admin.TestCases.EventsPageTest<br>Parameters: public void Marah.Admin.TestCases.EventsPageTest.add_event_special_show(java.lang.reflect.Method) throws java.lang.InterruptedException</td>
<td></td>
<td>7</td>
<td>Marah.Admin.TestCases.EventsPageTest@61d6015a</td></tr>
<tr>
<td title='Marah.Admin.TestCases.EventsPageTest.add_event_with_empty()'><b>add_event_with_empty</b><br>Test class: Marah.Admin.TestCases.EventsPageTest<br>Parameters: public void Marah.Admin.TestCases.EventsPageTest.add_event_with_empty(java.lang.reflect.Method) throws java.lang.InterruptedException</td>
<td></td>
<td>5</td>
<td>Marah.Admin.TestCases.EventsPageTest@61d6015a</td></tr>
<tr>
<td title='Marah.Admin.TestCases.EventsPageTest.add_eventwith_name_only()'><b>add_eventwith_name_only</b><br>Test class: Marah.Admin.TestCases.EventsPageTest<br>Parameters: public void Marah.Admin.TestCases.EventsPageTest.add_eventwith_name_only(java.lang.reflect.Method)</td>
<td></td>
<td>3</td>
<td>Marah.Admin.TestCases.EventsPageTest@61d6015a</td></tr>
<tr>
<td title='Marah.Admin.TestCases.ServicesTypesTest.add_services_types()'><b>add_services_types</b><br>Test class: Marah.Admin.TestCases.ServicesTypesTest<br>Parameters: public void Marah.Admin.TestCases.ServicesTypesTest.add_services_types(java.lang.reflect.Method)</td>
<td></td>
<td>2</td>
<td>Marah.Admin.TestCases.ServicesTypesTest@7e9131d5</td></tr>
<tr>
<td title='Marah.Admin.TestCases.SuggestionPageTest.add_suggestion()'><b>add_suggestion</b><br>Test class: Marah.Admin.TestCases.SuggestionPageTest<br>Parameters: public void Marah.Admin.TestCases.SuggestionPageTest.add_suggestion(java.lang.reflect.Method) throws java.lang.InterruptedException</td>
<td></td>
<td>4</td>
<td>Marah.Admin.TestCases.SuggestionPageTest@2525ff7e</td></tr>
<tr>
<td title='Marah.Admin.TestCases.SuggestionPageTest.add_suggetion_without_name()'><b>add_suggetion_without_name</b><br>Test class: Marah.Admin.TestCases.SuggestionPageTest<br>Parameters: public void Marah.Admin.TestCases.SuggestionPageTest.add_suggetion_without_name(java.lang.reflect.Method) throws java.lang.InterruptedException</td>
<td></td>
<td>3</td>
<td>Marah.Admin.TestCases.SuggestionPageTest@2525ff7e</td></tr>
<tr>
<td title='Marah.Admin.TestCases.ComplainPageTest.add_suggetion_without_name()'><b>add_suggetion_without_name</b><br>Test class: Marah.Admin.TestCases.ComplainPageTest<br>Parameters: public void Marah.Admin.TestCases.ComplainPageTest.add_suggetion_without_name(java.lang.reflect.Method) throws java.lang.InterruptedException</td>
<td></td>
<td>2</td>
<td>Marah.Admin.TestCases.ComplainPageTest@524d6d96</td></tr>
<tr>
<td title='Marah.Admin.TestCases.CustomerPageTest.add_user_admin_by_registered_phone()'><b>add_user_admin_by_registered_phone</b><br>Test class: Marah.Admin.TestCases.CustomerPageTest<br>Parameters: public void Marah.Admin.TestCases.CustomerPageTest.add_user_admin_by_registered_phone(java.lang.reflect.Method) throws java.lang.InterruptedException</td>
<td></td>
<td>4</td>
<td>Marah.Admin.TestCases.CustomerPageTest@2cdd0d4b</td></tr>
<tr>
<td title='Marah.Admin.TestCases.UsersTest.add_user_center_admin()'><b>add_user_center_admin</b><br>Test class: Marah.Admin.TestCases.UsersTest<br>Parameters: public void Marah.Admin.TestCases.UsersTest.add_user_center_admin(java.lang.reflect.Method) throws java.lang.InterruptedException</td>
<td></td>
<td>8</td>
<td>Marah.Admin.TestCases.UsersTest@f381794</td></tr>
<tr>
<td title='Marah.Admin.TestCases.UsersTest.add_user_with_empty()'><b>add_user_with_empty</b><br>Test class: Marah.Admin.TestCases.UsersTest<br>Parameters: public void Marah.Admin.TestCases.UsersTest.add_user_with_empty(java.lang.reflect.Method) throws java.lang.InterruptedException</td>
<td></td>
<td>5</td>
<td>Marah.Admin.TestCases.UsersTest@f381794</td></tr>
<tr>
<td title='Marah.Admin.TestCases.ComplainPageTest.delete_Complain()'><b>delete_Complain</b><br>Test class: Marah.Admin.TestCases.ComplainPageTest<br>Parameters: public void Marah.Admin.TestCases.ComplainPageTest.delete_Complain(java.lang.reflect.Method) throws java.lang.InterruptedException</td>
<td></td>
<td>5</td>
<td>Marah.Admin.TestCases.ComplainPageTest@524d6d96</td></tr>
<tr>
<td title='Marah.Admin.TestCases.CustomerPageTest.delete_Customer()'><b>delete_Customer</b><br>Test class: Marah.Admin.TestCases.CustomerPageTest<br>Parameters: public void Marah.Admin.TestCases.CustomerPageTest.delete_Customer(java.lang.reflect.Method) throws java.lang.InterruptedException</td>
<td></td>
<td>5</td>
<td>Marah.Admin.TestCases.CustomerPageTest@2cdd0d4b</td></tr>
<tr>
<td title='Marah.Admin.TestCases.CenterPageTest.delete_center()'><b>delete_center</b><br>Test class: Marah.Admin.TestCases.CenterPageTest</td>
<td></td>
<td>6</td>
<td>Marah.Admin.TestCases.CenterPageTest@2e1d27ba</td></tr>
<tr>
<td title='Marah.Admin.TestCases.EventsPageTest.delete_event()'><b>delete_event</b><br>Test class: Marah.Admin.TestCases.EventsPageTest<br>Parameters: public void Marah.Admin.TestCases.EventsPageTest.delete_event(java.lang.reflect.Method) throws java.lang.InterruptedException</td>
<td></td>
<td>4</td>
<td>Marah.Admin.TestCases.EventsPageTest@61d6015a</td></tr>
<tr>
<td title='Marah.Admin.TestCases.ServicesTypesTest.delete_services_types()'><b>delete_services_types</b><br>Test class: Marah.Admin.TestCases.ServicesTypesTest<br>Parameters: public void Marah.Admin.TestCases.ServicesTypesTest.delete_services_types(java.lang.reflect.Method) throws java.lang.InterruptedException</td>
<td></td>
<td>3</td>
<td>Marah.Admin.TestCases.ServicesTypesTest@7e9131d5</td></tr>
<tr>
<td title='Marah.Admin.TestCases.SuggestionPageTest.delete_suggestion()'><b>delete_suggestion</b><br>Test class: Marah.Admin.TestCases.SuggestionPageTest<br>Parameters: public void Marah.Admin.TestCases.SuggestionPageTest.delete_suggestion(java.lang.reflect.Method) throws java.lang.InterruptedException</td>
<td></td>
<td>6</td>
<td>Marah.Admin.TestCases.SuggestionPageTest@2525ff7e</td></tr>
<tr>
<td title='Marah.Admin.TestCases.UsersTest.delete_user()'><b>delete_user</b><br>Test class: Marah.Admin.TestCases.UsersTest<br>Parameters: public void Marah.Admin.TestCases.UsersTest.delete_user(java.lang.reflect.Method) throws java.lang.InterruptedException</td>
<td></td>
<td>7</td>
<td>Marah.Admin.TestCases.UsersTest@f381794</td></tr>
<tr>
<td title='Marah.Admin.TestCases.CenterPageTest.disable_center()'><b>disable_center</b><br>Test class: Marah.Admin.TestCases.CenterPageTest<br>Parameters: public void Marah.Admin.TestCases.CenterPageTest.disable_center(java.lang.reflect.Method) throws java.lang.InterruptedException</td>
<td></td>
<td>3</td>
<td>Marah.Admin.TestCases.CenterPageTest@2e1d27ba</td></tr>
<tr>
<td title='Marah.Admin.TestCases.CenterPageTest.disable_reservation_center()'><b>disable_reservation_center</b><br>Test class: Marah.Admin.TestCases.CenterPageTest<br>Parameters: public void Marah.Admin.TestCases.CenterPageTest.disable_reservation_center(java.lang.reflect.Method) throws java.lang.InterruptedException</td>
<td></td>
<td>3</td>
<td>Marah.Admin.TestCases.CenterPageTest@2e1d27ba</td></tr>
<tr>
<td title='Marah.Admin.TestCases.ComplainPageTest.edit_Complain()'><b>edit_Complain</b><br>Test class: Marah.Admin.TestCases.ComplainPageTest<br>Parameters: public void Marah.Admin.TestCases.ComplainPageTest.edit_Complain(java.lang.reflect.Method) throws java.lang.InterruptedException</td>
<td></td>
<td>9</td>
<td>Marah.Admin.TestCases.ComplainPageTest@524d6d96</td></tr>
<tr>
<td title='Marah.Admin.TestCases.CustomerPageTest.edit_Customer()'><b>edit_Customer</b><br>Test class: Marah.Admin.TestCases.CustomerPageTest<br>Parameters: public void Marah.Admin.TestCases.CustomerPageTest.edit_Customer(java.lang.reflect.Method) throws java.lang.InterruptedException</td>
<td></td>
<td>6</td>
<td>Marah.Admin.TestCases.CustomerPageTest@2cdd0d4b</td></tr>
<tr>
<td title='Marah.Admin.TestCases.CenterPageTest.edit_center()'><b>edit_center</b><br>Test class: Marah.Admin.TestCases.CenterPageTest<br>Parameters: public void Marah.Admin.TestCases.CenterPageTest.edit_center(java.lang.reflect.Method) throws java.lang.InterruptedException</td>
<td></td>
<td>6</td>
<td>Marah.Admin.TestCases.CenterPageTest@2e1d27ba</td></tr>
<tr>
<td title='Marah.Admin.TestCases.ServicesTypesTest.edit_services_types()'><b>edit_services_types</b><br>Test class: Marah.Admin.TestCases.ServicesTypesTest<br>Parameters: public void Marah.Admin.TestCases.ServicesTypesTest.edit_services_types(java.lang.reflect.Method)</td>
<td></td>
<td>3</td>
<td>Marah.Admin.TestCases.ServicesTypesTest@7e9131d5</td></tr>
<tr>
<td title='Marah.Admin.TestCases.SuggestionPageTest.edit_suggestion()'><b>edit_suggestion</b><br>Test class: Marah.Admin.TestCases.SuggestionPageTest<br>Parameters: public void Marah.Admin.TestCases.SuggestionPageTest.edit_suggestion(java.lang.reflect.Method) throws java.lang.InterruptedException</td>
<td></td>
<td>8</td>
<td>Marah.Admin.TestCases.SuggestionPageTest@2525ff7e</td></tr>
<tr>
<td title='Marah.Admin.TestCases.UsersTest.edit_user()'><b>edit_user</b><br>Test class: Marah.Admin.TestCases.UsersTest<br>Parameters: public void Marah.Admin.TestCases.UsersTest.edit_user(java.lang.reflect.Method)</td>
<td></td>
<td>5</td>
<td>Marah.Admin.TestCases.UsersTest@f381794</td></tr>
<tr>
<td title='Marah.Admin.TestCases.CenterPageTest.go_to_Center_page()'><b>go_to_Center_page</b><br>Test class: Marah.Admin.TestCases.CenterPageTest<br>Parameters: public void Marah.Admin.TestCases.CenterPageTest.go_to_Center_page(java.lang.reflect.Method) throws java.lang.InterruptedException</td>
<td></td>
<td>1</td>
<td>Marah.Admin.TestCases.CenterPageTest@2e1d27ba</td></tr>
<tr>
<td title='Marah.Admin.TestCases.ComplainPageTest.go_to_Complain_page()'><b>go_to_Complain_page</b><br>Test class: Marah.Admin.TestCases.ComplainPageTest<br>Parameters: public void Marah.Admin.TestCases.ComplainPageTest.go_to_Complain_page(java.lang.reflect.Method)</td>
<td></td>
<td>0</td>
<td>Marah.Admin.TestCases.ComplainPageTest@524d6d96</td></tr>
<tr>
<td title='Marah.Admin.TestCases.CustomerPageTest.go_to_Customer_page()'><b>go_to_Customer_page</b><br>Test class: Marah.Admin.TestCases.CustomerPageTest<br>Parameters: public void Marah.Admin.TestCases.CustomerPageTest.go_to_Customer_page(java.lang.reflect.Method)</td>
<td></td>
<td>1</td>
<td>Marah.Admin.TestCases.CustomerPageTest@2cdd0d4b</td></tr>
<tr>
<td title='Marah.Admin.TestCases.EventsPageTest.go_to_Events_page()'><b>go_to_Events_page</b><br>Test class: Marah.Admin.TestCases.EventsPageTest<br>Parameters: public void Marah.Admin.TestCases.EventsPageTest.go_to_Events_page(java.lang.reflect.Method) throws java.lang.InterruptedException</td>
<td></td>
<td>0</td>
<td>Marah.Admin.TestCases.EventsPageTest@61d6015a</td></tr>
<tr>
<td title='Marah.Admin.TestCases.SuggestionPageTest.go_to_Suggestion_page()'><b>go_to_Suggestion_page</b><br>Test class: Marah.Admin.TestCases.SuggestionPageTest<br>Parameters: public void Marah.Admin.TestCases.SuggestionPageTest.go_to_Suggestion_page(java.lang.reflect.Method)</td>
<td></td>
<td>1</td>
<td>Marah.Admin.TestCases.SuggestionPageTest@2525ff7e</td></tr>
<tr>
<td title='Marah.Admin.TestCases.UsersTest.go_to_Users_page()'><b>go_to_Users_page</b><br>Test class: Marah.Admin.TestCases.UsersTest<br>Parameters: public void Marah.Admin.TestCases.UsersTest.go_to_Users_page(java.lang.reflect.Method)</td>
<td></td>
<td>1</td>
<td>Marah.Admin.TestCases.UsersTest@f381794</td></tr>
<tr>
<td title='Marah.Admin.TestCases.ServicesTypesTest.go_to_services_Types_page()'><b>go_to_services_Types_page</b><br>Test class: Marah.Admin.TestCases.ServicesTypesTest<br>Parameters: public void Marah.Admin.TestCases.ServicesTypesTest.go_to_services_Types_page(java.lang.reflect.Method) throws java.lang.InterruptedException</td>
<td></td>
<td>0</td>
<td>Marah.Admin.TestCases.ServicesTypesTest@7e9131d5</td></tr>
<tr>
<td title='Marah.Admin.TestCases.LoginPageTest.login_with_empty_data()'><b>login_with_empty_data</b><br>Test class: Marah.Admin.TestCases.LoginPageTest<br>Parameters: public void Marah.Admin.TestCases.LoginPageTest.login_with_empty_data(java.lang.reflect.Method) throws java.lang.InterruptedException</td>
<td></td>
<td>1</td>
<td>Marah.Admin.TestCases.LoginPageTest@6c779568</td></tr>
<tr>
<td title='Marah.Admin.TestCases.LoginPageTest.login_with_invalid_credentials()'><b>login_with_invalid_credentials</b><br>Test class: Marah.Admin.TestCases.LoginPageTest<br>Parameters: public void Marah.Admin.TestCases.LoginPageTest.login_with_invalid_credentials(java.lang.reflect.Method) throws java.lang.InterruptedException</td>
<td></td>
<td>1</td>
<td>Marah.Admin.TestCases.LoginPageTest@6c779568</td></tr>
<tr>
<td title='Marah.Admin.TestCases.LoginPageTest.login_with_valid_credentials()'><b>login_with_valid_credentials</b><br>Test class: Marah.Admin.TestCases.LoginPageTest<br>Parameters: public void Marah.Admin.TestCases.LoginPageTest.login_with_valid_credentials(java.lang.reflect.Method) throws java.lang.InterruptedException</td>
<td></td>
<td>5</td>
<td>Marah.Admin.TestCases.LoginPageTest@6c779568</td></tr>
</table><p>
</body>
</html>