<!DOCTYPE html PUBLIC "-//W3C//DTD XHTML 1.1//EN" "http://www.w3.org/TR/xhtml11/DTD/xhtml11.dtd">
<html xmlns="http://www.w3.org/1999/xhtml">
<head>
<meta http-equiv="content-type" content="text/html; charset=UTF-8"/>
<title>TestNG Report</title>
<style type="text/css">table {margin-bottom:10px;border-collapse:collapse;empty-cells:show}th,td {border:1px solid #009;padding:.25em .5em}th {vertical-align:bottom}td {vertical-align:top}table a {font-weight:bold}.stripe td {background-color: #E6EBF9}.num {text-align:right}.passedodd td {background-color: #3F3}.passedeven td {background-color: #0A0}.skippedodd td {background-color: #DDD}.skippedeven td {background-color: #CCC}.failedodd td,.attn {background-color: #F33}.failedeven td,.stripe .attn {background-color: #D00}.stacktrace {white-space:pre;font-family:monospace}.totop {font-size:85%;text-align:center;border-bottom:2px solid #000}.invisible {display:none}</style>
</head>
<body>
<table>
<tr><th>Test</th><th># Passed</th><th># Skipped</th><th># Retried</th><th># Failed</th><th>Time (ms)</th><th>Included Groups</th><th>Excluded Groups</th></tr>
<tr><th colspan="8">Group of group Suite</th></tr>
<tr><td><a href="#t0">Group of group Test</a></td><td class="num">42</td><td class="num">0</td><td class="num">0</td><td class="num attn">4</td><td class="num">229,246</td><td></td><td></td></tr>
</table>
<table id='summary'><thead><tr><th>Class</th><th>Method</th><th>Start</th><th>Time (ms)</th></tr></thead><tbody><tr><th colspan="4">Group of group Suite</th></tr></tbody><tbody id="t0"><tr><th colspan="4">Group of group Test &#8212; failed</th></tr><tr class="failedeven"><td rowspan="1">Marah.Admin.TestCases.EventsPageTest</td><td><a href="#m0">add_event_with_invalid_date</a></td><td rowspan="1">1627430443810</td><td rowspan="1">5340</td></tr><tr class="failedodd"><td rowspan="3">Marah.Admin.TestCases.UsersTest</td><td><a href="#m1">add_user_admin</a></td><td rowspan="1">1627430307523</td><td rowspan="1">6743</td></tr><tr class="failedodd"><td><a href="#m2">add_user_admin_by_registered_emai_phone</a></td><td rowspan="1">1627430341088</td><td rowspan="1">7041</td></tr><tr class="failedodd"><td><a href="#m3">add_user_technical_support</a></td><td rowspan="1">1627430322338</td><td rowspan="1">5935</td></tr><tr><th colspan="4">Group of group Test &#8212; passed</th></tr><tr class="passedeven"><td rowspan="7">Marah.Admin.TestCases.CenterPageTest</td><td><a href="#m4">add_center</a></td><td rowspan="1">1627430385749</td><td rowspan="1">23915</td></tr><tr class="passedeven"><td><a href="#m5">add_center_with_empty</a></td><td rowspan="1">1627430422965</td><td rowspan="1">3942</td></tr><tr class="passedeven"><td><a href="#m6">delete_center</a></td><td rowspan="1">1627430409666</td><td rowspan="1">6740</td></tr><tr class="passedeven"><td><a href="#m7">disable_center</a></td><td rowspan="1">1627430426908</td><td rowspan="1">3860</td></tr><tr class="passedeven"><td><a href="#m8">disable_reservation_center</a></td><td rowspan="1">1627430430769</td><td rowspan="1">3850</td></tr><tr class="passedeven"><td><a href="#m9">edit_center</a></td><td rowspan="1">1627430416409</td><td rowspan="1">6554</td></tr><tr class="passedeven"><td><a href="#m10">go_to_Center_page</a></td><td rowspan="1">1627430384206</td><td rowspan="1">1542</td></tr><tr class="passedodd"><td rowspan="5">Marah.Admin.TestCases.ComplainPageTest</td><td><a href="#m11">add_Complain</a></td><td rowspan="1">1627430494252</td><td rowspan="1">4899</td></tr><tr class="passedodd"><td><a href="#m12">add_suggetion_without_name</a></td><td rowspan="1">1627430514669</td><td rowspan="1">2608</td></tr><tr class="passedodd"><td><a href="#m13">delete_Complain</a></td><td rowspan="1">1627430509011</td><td rowspan="1">5656</td></tr><tr class="passedodd"><td><a href="#m14">edit_Complain</a></td><td rowspan="1">1627430499152</td><td rowspan="1">9857</td></tr><tr class="passedodd"><td><a href="#m15">go_to_Complain_page</a></td><td rowspan="1">1627430493443</td><td rowspan="1">808</td></tr><tr class="passedeven"><td rowspan="6">Marah.Admin.TestCases.CustomerPageTest</td><td><a href="#m16">add_Customer</a></td><td rowspan="1">1627430349176</td><td rowspan="1">4401</td></tr><tr class="passedeven"><td><a href="#m17">add_Customer_without_name</a></td><td rowspan="1">1627430369714</td><td rowspan="1">2147</td></tr><tr class="passedeven"><td><a href="#m18">add_user_admin_by_registered_phone</a></td><td rowspan="1">1627430353578</td><td rowspan="1">4324</td></tr><tr class="passedeven"><td><a href="#m19">delete_Customer</a></td><td rowspan="1">1627430364221</td><td rowspan="1">5492</td></tr><tr class="passedeven"><td><a href="#m20">edit_Customer</a></td><td rowspan="1">1627430357903</td><td rowspan="1">6318</td></tr><tr class="passedeven"><td><a href="#m21">go_to_Customer_page</a></td><td rowspan="1">1627430348131</td><td rowspan="1">1045</td></tr><tr class="passedodd"><td rowspan="6">Marah.Admin.TestCases.EventsPageTest</td><td><a href="#m22">add_event_special_price</a></td><td rowspan="1">1627430456932</td><td rowspan="1">7016</td></tr><tr class="passedodd"><td><a href="#m23">add_event_special_show</a></td><td rowspan="1">1627430449158</td><td rowspan="1">7771</td></tr><tr class="passedodd"><td><a href="#m24">add_event_with_empty</a></td><td rowspan="1">1627430435348</td><td rowspan="1">5443</td></tr><tr class="passedodd"><td><a href="#m25">add_eventwith_name_only</a></td><td rowspan="1">1627430440793</td><td rowspan="1">3015</td></tr><tr class="passedodd"><td><a href="#m26">delete_event</a></td><td rowspan="1">1627430463950</td><td rowspan="1">4456</td></tr><tr class="passedodd"><td><a href="#m27">go_to_Events_page</a></td><td rowspan="1">1627430434621</td><td rowspan="1">725</td></tr><tr class="passedeven"><td rowspan="3">Marah.Admin.TestCases.LoginPageTest</td><td><a href="#m28">login_with_empty_data</a></td><td rowspan="1">1627430290654</td><td rowspan="1">1196</td></tr><tr class="passedeven"><td><a href="#m29">login_with_invalid_credentials</a></td><td rowspan="1">1627430292122</td><td rowspan="1">1942</td></tr><tr class="passedeven"><td><a href="#m30">login_with_valid_credentials</a></td><td rowspan="1">1627430294401</td><td rowspan="1">5158</td></tr><tr class="passedodd"><td rowspan="5">Marah.Admin.TestCases.ServicesTypesTest</td><td><a href="#m31">add_empty_field</a></td><td rowspan="1">1627430379061</td><td rowspan="1">1156</td></tr><tr class="passedodd"><td><a href="#m32">add_services_types</a></td><td rowspan="1">1627430372579</td><td rowspan="1">2641</td></tr><tr class="passedodd"><td><a href="#m33">delete_services_types</a></td><td rowspan="1">1627430375221</td><td rowspan="1">3837</td></tr><tr class="passedodd"><td><a href="#m34">edit_services_types</a></td><td rowspan="1">1627430380219</td><td rowspan="1">3986</td></tr><tr class="passedodd"><td><a href="#m35">go_to_services_Types_page</a></td><td rowspan="1">1627430371863</td><td rowspan="1">714</td></tr><tr class="passedeven"><td rowspan="5">Marah.Admin.TestCases.SuggestionPageTest</td><td><a href="#m36">add_suggestion</a></td><td rowspan="1">1627430469495</td><td rowspan="1">4701</td></tr><tr class="passedeven"><td><a href="#m37">add_suggetion_without_name</a></td><td rowspan="1">1627430489679</td><td rowspan="1">3763</td></tr><tr class="passedeven"><td><a href="#m38">delete_suggestion</a></td><td rowspan="1">1627430482922</td><td rowspan="1">6756</td></tr><tr class="passedeven"><td><a href="#m39">edit_suggestion</a></td><td rowspan="1">1627430474197</td><td rowspan="1">8723</td></tr><tr class="passedeven"><td><a href="#m40">go_to_Suggestion_page</a></td><td rowspan="1">1627430468409</td><td rowspan="1">1085</td></tr><tr class="passedodd"><td rowspan="5">Marah.Admin.TestCases.UsersTest</td><td><a href="#m41">add_user_center_admin</a></td><td rowspan="1">1627430314281</td><td rowspan="1">8054</td></tr><tr class="passedodd"><td><a href="#m42">add_user_with_empty</a></td><td rowspan="1">1627430301557</td><td rowspan="1">5961</td></tr><tr class="passedodd"><td><a href="#m43">delete_user</a></td><td rowspan="1">1627430328277</td><td rowspan="1">7779</td></tr><tr class="passedodd"><td><a href="#m44">edit_user</a></td><td rowspan="1">1627430336061</td><td rowspan="1">5025</td></tr><tr class="passedodd"><td><a href="#m45">go_to_Users_page</a></td><td rowspan="1">1627430299564</td><td rowspan="1">1991</td></tr></tbody>
</table>
<h2>Group of group Test</h2><h3 id="m0">Marah.Admin.TestCases.EventsPageTest#add_event_with_invalid_date</h3><table class="result"><tr class="param"><th>Parameter #1</th></tr><tr class="param stripe"><td>public void Marah.Admin.TestCases.EventsPageTest.add_event_with_invalid_date(java.lang.reflect.Method) throws java.lang.InterruptedException</td></tr><tr><th>Exception</th></tr><tr><td><div class="stacktrace">org.openqa.selenium.NoSuchElementException: no such element: Unable to locate element: {&quot;method&quot;:&quot;xpath&quot;,&quot;selector&quot;:&quot;*//*[@class=&apos;alert alert-danger&apos;]/ul/li[1]&quot;}
  (Session info: chrome=92.0.4515.107)
For documentation on this error, please visit: https://www.seleniumhq.org/exceptions/no_such_element.html
Build info: version: &apos;3.141.59&apos;, revision: &apos;e82be7d358&apos;, time: &apos;2018-11-14T08:17:03&apos;
System info: host: &apos;DESKTOP-6D8D7QH&apos;, ip: &apos;192.168.1.2&apos;, os.name: &apos;Windows 10&apos;, os.arch: &apos;amd64&apos;, os.version: &apos;10.0&apos;, java.version: &apos;11.0.8&apos;
Driver info: org.openqa.selenium.chrome.ChromeDriver
Capabilities {acceptInsecureCerts: false, browserName: chrome, browserVersion: 92.0.4515.107, chrome: {chromedriverVersion: 91.0.4472.101 (af52a90bf870..., userDataDir: C:\Users\tarek\AppData\Loca...}, goog:chromeOptions: {debuggerAddress: localhost:50484}, javascriptEnabled: true, networkConnectionEnabled: false, pageLoadStrategy: normal, platform: WINDOWS, platformName: WINDOWS, proxy: Proxy(), setWindowRect: true, strictFileInteractability: false, timeouts: {implicit: 0, pageLoad: 300000, script: 30000}, unhandledPromptBehavior: dismiss and notify, webauthn:extension:largeBlob: true, webauthn:virtualAuthenticators: true}
Session ID: cc70ba4c212a6a60d47aa0bd50409d9b
*** Element info: {Using=xpath, value=*//*[@class=&apos;alert alert-danger&apos;]/ul/li[1]}
	at java.base/jdk.internal.reflect.NativeConstructorAccessorImpl.newInstance0(Native Method)
	at java.base/jdk.internal.reflect.NativeConstructorAccessorImpl.newInstance(NativeConstructorAccessorImpl.java:62)
	at java.base/jdk.internal.reflect.DelegatingConstructorAccessorImpl.newInstance(DelegatingConstructorAccessorImpl.java:45)
	at java.base/java.lang.reflect.Constructor.newInstance(Constructor.java:490)
	at org.openqa.selenium.remote.http.W3CHttpResponseCodec.createException(W3CHttpResponseCodec.java:187)
	at org.openqa.selenium.remote.http.W3CHttpResponseCodec.decode(W3CHttpResponseCodec.java:122)
	at org.openqa.selenium.remote.http.W3CHttpResponseCodec.decode(W3CHttpResponseCodec.java:49)
	at org.openqa.selenium.remote.HttpCommandExecutor.execute(HttpCommandExecutor.java:158)
	at org.openqa.selenium.remote.service.DriverCommandExecutor.execute(DriverCommandExecutor.java:83)
	at org.openqa.selenium.remote.RemoteWebDriver.execute(RemoteWebDriver.java:552)
	at org.openqa.selenium.remote.RemoteWebDriver.findElement(RemoteWebDriver.java:323)
	at org.openqa.selenium.remote.RemoteWebDriver.findElementByXPath(RemoteWebDriver.java:428)
	at org.openqa.selenium.By$ByXPath.findElement(By.java:353)
	at org.openqa.selenium.remote.RemoteWebDriver.findElement(RemoteWebDriver.java:315)
	at org.openqa.selenium.support.pagefactory.DefaultElementLocator.findElement(DefaultElementLocator.java:69)
	at org.openqa.selenium.support.pagefactory.internal.LocatingElementHandler.invoke(LocatingElementHandler.java:38)
	at com.sun.proxy.$Proxy12.getText(Unknown Source)
	at Marah.pages.Events.get_alert_message(Events.java:52)
	at Marah.Admin.TestCases.EventsPageTest.add_event_with_invalid_date(EventsPageTest.java:93)
	at java.base/jdk.internal.reflect.NativeMethodAccessorImpl.invoke0(Native Method)
	at java.base/jdk.internal.reflect.NativeMethodAccessorImpl.invoke(NativeMethodAccessorImpl.java:62)
	at java.base/jdk.internal.reflect.DelegatingMethodAccessorImpl.invoke(DelegatingMethodAccessorImpl.java:43)
	at java.base/java.lang.reflect.Method.invoke(Method.java:566)
	at org.testng.internal.MethodInvocationHelper.invokeMethod(MethodInvocationHelper.java:134)
	at org.testng.internal.TestInvoker.invokeMethod(TestInvoker.java:597)
	at org.testng.internal.TestInvoker.invokeTestMethod(TestInvoker.java:173)
	at org.testng.internal.MethodRunner.runInSequence(MethodRunner.java:46)
	at org.testng.internal.TestInvoker$MethodInvocationAgent.invoke(TestInvoker.java:816)
	at org.testng.internal.TestInvoker.invokeTestMethods(TestInvoker.java:146)
	at org.testng.internal.TestMethodWorker.invokeTestMethods(TestMethodWorker.java:146)
	at org.testng.internal.TestMethodWorker.run(TestMethodWorker.java:128)
	at java.base/java.util.ArrayList.forEach(ArrayList.java:1541)
	at org.testng.TestRunner.privateRun(TestRunner.java:766)
	at org.testng.TestRunner.run(TestRunner.java:587)
	at org.testng.SuiteRunner.runTest(SuiteRunner.java:384)
	at org.testng.SuiteRunner.runSequentially(SuiteRunner.java:378)
	at org.testng.SuiteRunner.privateRun(SuiteRunner.java:337)
	at org.testng.SuiteRunner.run(SuiteRunner.java:286)
	at org.testng.SuiteRunnerWorker.runSuite(SuiteRunnerWorker.java:53)
	at org.testng.SuiteRunnerWorker.run(SuiteRunnerWorker.java:96)
	at org.testng.TestNG.runSuitesSequentially(TestNG.java:1187)
	at org.testng.TestNG.runSuitesLocally(TestNG.java:1109)
	at org.testng.TestNG.runSuites(TestNG.java:1039)
	at org.testng.TestNG.run(TestNG.java:1007)
	at org.apache.maven.surefire.testng.TestNGExecutor.run(TestNGExecutor.java:283)
	at org.apache.maven.surefire.testng.TestNGXmlTestSuite.execute(TestNGXmlTestSuite.java:75)
	at org.apache.maven.surefire.testng.TestNGProvider.invoke(TestNGProvider.java:120)
	at org.apache.maven.surefire.booter.ForkedBooter.invokeProviderInSameClassLoader(ForkedBooter.java:383)
	at org.apache.maven.surefire.booter.ForkedBooter.runSuitesInProcess(ForkedBooter.java:344)
	at org.apache.maven.surefire.booter.ForkedBooter.execute(ForkedBooter.java:125)
	at org.apache.maven.surefire.booter.ForkedBooter.main(ForkedBooter.java:417)
</div></td></tr></table><p class="totop"><a href="#summary">back to summary</a></p>
<h3 id="m1">Marah.Admin.TestCases.UsersTest#add_user_admin</h3><table class="result"><tr class="param"><th>Parameter #1</th></tr><tr class="param stripe"><td>public void Marah.Admin.TestCases.UsersTest.add_user_admin(java.lang.reflect.Method) throws java.lang.InterruptedException</td></tr><tr><th>Exception</th></tr><tr><td><div class="stacktrace">org.openqa.selenium.NoSuchElementException: no such element: Unable to locate element: {&quot;method&quot;:&quot;xpath&quot;,&quot;selector&quot;:&quot;/html/body/div[3]/div/div&quot;}
  (Session info: chrome=92.0.4515.107)
For documentation on this error, please visit: https://www.seleniumhq.org/exceptions/no_such_element.html
Build info: version: &apos;3.141.59&apos;, revision: &apos;e82be7d358&apos;, time: &apos;2018-11-14T08:17:03&apos;
System info: host: &apos;DESKTOP-6D8D7QH&apos;, ip: &apos;192.168.1.2&apos;, os.name: &apos;Windows 10&apos;, os.arch: &apos;amd64&apos;, os.version: &apos;10.0&apos;, java.version: &apos;11.0.8&apos;
Driver info: org.openqa.selenium.chrome.ChromeDriver
Capabilities {acceptInsecureCerts: false, browserName: chrome, browserVersion: 92.0.4515.107, chrome: {chromedriverVersion: 91.0.4472.101 (af52a90bf870..., userDataDir: C:\Users\tarek\AppData\Loca...}, goog:chromeOptions: {debuggerAddress: localhost:50484}, javascriptEnabled: true, networkConnectionEnabled: false, pageLoadStrategy: normal, platform: WINDOWS, platformName: WINDOWS, proxy: Proxy(), setWindowRect: true, strictFileInteractability: false, timeouts: {implicit: 0, pageLoad: 300000, script: 30000}, unhandledPromptBehavior: dismiss and notify, webauthn:extension:largeBlob: true, webauthn:virtualAuthenticators: true}
Session ID: cc70ba4c212a6a60d47aa0bd50409d9b
*** Element info: {Using=xpath, value=/html/body/div[3]/div/div}
	at java.base/jdk.internal.reflect.NativeConstructorAccessorImpl.newInstance0(Native Method)
	at java.base/jdk.internal.reflect.NativeConstructorAccessorImpl.newInstance(NativeConstructorAccessorImpl.java:62)
	at java.base/jdk.internal.reflect.DelegatingConstructorAccessorImpl.newInstance(DelegatingConstructorAccessorImpl.java:45)
	at java.base/java.lang.reflect.Constructor.newInstance(Constructor.java:490)
	at org.openqa.selenium.remote.http.W3CHttpResponseCodec.createException(W3CHttpResponseCodec.java:187)
	at org.openqa.selenium.remote.http.W3CHttpResponseCodec.decode(W3CHttpResponseCodec.java:122)
	at org.openqa.selenium.remote.http.W3CHttpResponseCodec.decode(W3CHttpResponseCodec.java:49)
	at org.openqa.selenium.remote.HttpCommandExecutor.execute(HttpCommandExecutor.java:158)
	at org.openqa.selenium.remote.service.DriverCommandExecutor.execute(DriverCommandExecutor.java:83)
	at org.openqa.selenium.remote.RemoteWebDriver.execute(RemoteWebDriver.java:552)
	at org.openqa.selenium.remote.RemoteWebDriver.findElement(RemoteWebDriver.java:323)
	at org.openqa.selenium.remote.RemoteWebDriver.findElementByXPath(RemoteWebDriver.java:428)
	at org.openqa.selenium.By$ByXPath.findElement(By.java:353)
	at org.openqa.selenium.remote.RemoteWebDriver.findElement(RemoteWebDriver.java:315)
	at org.openqa.selenium.support.pagefactory.DefaultElementLocator.findElement(DefaultElementLocator.java:69)
	at org.openqa.selenium.support.pagefactory.internal.LocatingElementHandler.invoke(LocatingElementHandler.java:38)
	at com.sun.proxy.$Proxy12.getAttribute(Unknown Source)
	at Marah.pages.ServicesTypes.getmessage(ServicesTypes.java:74)
	at Marah.Admin.TestCases.UsersTest.add_user_admin(UsersTest.java:79)
	at java.base/jdk.internal.reflect.NativeMethodAccessorImpl.invoke0(Native Method)
	at java.base/jdk.internal.reflect.NativeMethodAccessorImpl.invoke(NativeMethodAccessorImpl.java:62)
	at java.base/jdk.internal.reflect.DelegatingMethodAccessorImpl.invoke(DelegatingMethodAccessorImpl.java:43)
	at java.base/java.lang.reflect.Method.invoke(Method.java:566)
	at org.testng.internal.MethodInvocationHelper.invokeMethod(MethodInvocationHelper.java:134)
	at org.testng.internal.TestInvoker.invokeMethod(TestInvoker.java:597)
	at org.testng.internal.TestInvoker.invokeTestMethod(TestInvoker.java:173)
	at org.testng.internal.MethodRunner.runInSequence(MethodRunner.java:46)
	at org.testng.internal.TestInvoker$MethodInvocationAgent.invoke(TestInvoker.java:816)
	at org.testng.internal.TestInvoker.invokeTestMethods(TestInvoker.java:146)
	at org.testng.internal.TestMethodWorker.invokeTestMethods(TestMethodWorker.java:146)
	at org.testng.internal.TestMethodWorker.run(TestMethodWorker.java:128)
	at java.base/java.util.ArrayList.forEach(ArrayList.java:1541)
	at org.testng.TestRunner.privateRun(TestRunner.java:766)
	at org.testng.TestRunner.run(TestRunner.java:587)
	at org.testng.SuiteRunner.runTest(SuiteRunner.java:384)
	at org.testng.SuiteRunner.runSequentially(SuiteRunner.java:378)
	at org.testng.SuiteRunner.privateRun(SuiteRunner.java:337)
	at org.testng.SuiteRunner.run(SuiteRunner.java:286)
	at org.testng.SuiteRunnerWorker.runSuite(SuiteRunnerWorker.java:53)
	at org.testng.SuiteRunnerWorker.run(SuiteRunnerWorker.java:96)
	at org.testng.TestNG.runSuitesSequentially(TestNG.java:1187)
	at org.testng.TestNG.runSuitesLocally(TestNG.java:1109)
	at org.testng.TestNG.runSuites(TestNG.java:1039)
	at org.testng.TestNG.run(TestNG.java:1007)
	at org.apache.maven.surefire.testng.TestNGExecutor.run(TestNGExecutor.java:283)
	at org.apache.maven.surefire.testng.TestNGXmlTestSuite.execute(TestNGXmlTestSuite.java:75)
	at org.apache.maven.surefire.testng.TestNGProvider.invoke(TestNGProvider.java:120)
	at org.apache.maven.surefire.booter.ForkedBooter.invokeProviderInSameClassLoader(ForkedBooter.java:383)
	at org.apache.maven.surefire.booter.ForkedBooter.runSuitesInProcess(ForkedBooter.java:344)
	at org.apache.maven.surefire.booter.ForkedBooter.execute(ForkedBooter.java:125)
	at org.apache.maven.surefire.booter.ForkedBooter.main(ForkedBooter.java:417)
</div></td></tr></table><p class="totop"><a href="#summary">back to summary</a></p>
<h3 id="m2">Marah.Admin.TestCases.UsersTest#add_user_admin_by_registered_emai_phone</h3><table class="result"><tr class="param"><th>Parameter #1</th></tr><tr class="param stripe"><td>public void Marah.Admin.TestCases.UsersTest.add_user_admin_by_registered_emai_phone(java.lang.reflect.Method) throws java.lang.InterruptedException</td></tr><tr><th>Exception</th></tr><tr><td><div class="stacktrace">java.lang.AssertionError:  it is inValid expected [The email has already been taken.] but found [The Phone has already been taken.]
	at org.testng.Assert.fail(Assert.java:97)
	at org.testng.Assert.assertEqualsImpl(Assert.java:136)
	at org.testng.Assert.assertEquals(Assert.java:118)
	at org.testng.Assert.assertEquals(Assert.java:575)
	at Marah.Admin.TestCases.UsersTest.add_user_admin_by_registered_emai_phone(UsersTest.java:158)
	at java.base/jdk.internal.reflect.NativeMethodAccessorImpl.invoke0(Native Method)
	at java.base/jdk.internal.reflect.NativeMethodAccessorImpl.invoke(NativeMethodAccessorImpl.java:62)
	at java.base/jdk.internal.reflect.DelegatingMethodAccessorImpl.invoke(DelegatingMethodAccessorImpl.java:43)
	at java.base/java.lang.reflect.Method.invoke(Method.java:566)
	at org.testng.internal.MethodInvocationHelper.invokeMethod(MethodInvocationHelper.java:134)
	at org.testng.internal.TestInvoker.invokeMethod(TestInvoker.java:597)
	at org.testng.internal.TestInvoker.invokeTestMethod(TestInvoker.java:173)
	at org.testng.internal.MethodRunner.runInSequence(MethodRunner.java:46)
	at org.testng.internal.TestInvoker$MethodInvocationAgent.invoke(TestInvoker.java:816)
	at org.testng.internal.TestInvoker.invokeTestMethods(TestInvoker.java:146)
	at org.testng.internal.TestMethodWorker.invokeTestMethods(TestMethodWorker.java:146)
	at org.testng.internal.TestMethodWorker.run(TestMethodWorker.java:128)
	at java.base/java.util.ArrayList.forEach(ArrayList.java:1541)
	at org.testng.TestRunner.privateRun(TestRunner.java:766)
	at org.testng.TestRunner.run(TestRunner.java:587)
	at org.testng.SuiteRunner.runTest(SuiteRunner.java:384)
	at org.testng.SuiteRunner.runSequentially(SuiteRunner.java:378)
	at org.testng.SuiteRunner.privateRun(SuiteRunner.java:337)
	at org.testng.SuiteRunner.run(SuiteRunner.java:286)
	at org.testng.SuiteRunnerWorker.runSuite(SuiteRunnerWorker.java:53)
	at org.testng.SuiteRunnerWorker.run(SuiteRunnerWorker.java:96)
	at org.testng.TestNG.runSuitesSequentially(TestNG.java:1187)
	at org.testng.TestNG.runSuitesLocally(TestNG.java:1109)
	at org.testng.TestNG.runSuites(TestNG.java:1039)
	at org.testng.TestNG.run(TestNG.java:1007)
	at org.apache.maven.surefire.testng.TestNGExecutor.run(TestNGExecutor.java:283)
	at org.apache.maven.surefire.testng.TestNGXmlTestSuite.execute(TestNGXmlTestSuite.java:75)
	at org.apache.maven.surefire.testng.TestNGProvider.invoke(TestNGProvider.java:120)
	at org.apache.maven.surefire.booter.ForkedBooter.invokeProviderInSameClassLoader(ForkedBooter.java:383)
	at org.apache.maven.surefire.booter.ForkedBooter.runSuitesInProcess(ForkedBooter.java:344)
	at org.apache.maven.surefire.booter.ForkedBooter.execute(ForkedBooter.java:125)
	at org.apache.maven.surefire.booter.ForkedBooter.main(ForkedBooter.java:417)
</div></td></tr></table><p class="totop"><a href="#summary">back to summary</a></p>
<h3 id="m3">Marah.Admin.TestCases.UsersTest#add_user_technical_support</h3><table class="result"><tr class="param"><th>Parameter #1</th></tr><tr class="param stripe"><td>public void Marah.Admin.TestCases.UsersTest.add_user_technical_support(java.lang.reflect.Method) throws java.lang.InterruptedException</td></tr><tr><th>Exception</th></tr><tr><td><div class="stacktrace">org.openqa.selenium.NoSuchElementException: no such element: Unable to locate element: {&quot;method&quot;:&quot;xpath&quot;,&quot;selector&quot;:&quot;/html/body/div[3]/div/div&quot;}
  (Session info: chrome=92.0.4515.107)
For documentation on this error, please visit: https://www.seleniumhq.org/exceptions/no_such_element.html
Build info: version: &apos;3.141.59&apos;, revision: &apos;e82be7d358&apos;, time: &apos;2018-11-14T08:17:03&apos;
System info: host: &apos;DESKTOP-6D8D7QH&apos;, ip: &apos;192.168.1.2&apos;, os.name: &apos;Windows 10&apos;, os.arch: &apos;amd64&apos;, os.version: &apos;10.0&apos;, java.version: &apos;11.0.8&apos;
Driver info: org.openqa.selenium.chrome.ChromeDriver
Capabilities {acceptInsecureCerts: false, browserName: chrome, browserVersion: 92.0.4515.107, chrome: {chromedriverVersion: 91.0.4472.101 (af52a90bf870..., userDataDir: C:\Users\tarek\AppData\Loca...}, goog:chromeOptions: {debuggerAddress: localhost:50484}, javascriptEnabled: true, networkConnectionEnabled: false, pageLoadStrategy: normal, platform: WINDOWS, platformName: WINDOWS, proxy: Proxy(), setWindowRect: true, strictFileInteractability: false, timeouts: {implicit: 0, pageLoad: 300000, script: 30000}, unhandledPromptBehavior: dismiss and notify, webauthn:extension:largeBlob: true, webauthn:virtualAuthenticators: true}
Session ID: cc70ba4c212a6a60d47aa0bd50409d9b
*** Element info: {Using=xpath, value=/html/body/div[3]/div/div}
	at java.base/jdk.internal.reflect.NativeConstructorAccessorImpl.newInstance0(Native Method)
	at java.base/jdk.internal.reflect.NativeConstructorAccessorImpl.newInstance(NativeConstructorAccessorImpl.java:62)
	at java.base/jdk.internal.reflect.DelegatingConstructorAccessorImpl.newInstance(DelegatingConstructorAccessorImpl.java:45)
	at java.base/java.lang.reflect.Constructor.newInstance(Constructor.java:490)
	at org.openqa.selenium.remote.http.W3CHttpResponseCodec.createException(W3CHttpResponseCodec.java:187)
	at org.openqa.selenium.remote.http.W3CHttpResponseCodec.decode(W3CHttpResponseCodec.java:122)
	at org.openqa.selenium.remote.http.W3CHttpResponseCodec.decode(W3CHttpResponseCodec.java:49)
	at org.openqa.selenium.remote.HttpCommandExecutor.execute(HttpCommandExecutor.java:158)
	at org.openqa.selenium.remote.service.DriverCommandExecutor.execute(DriverCommandExecutor.java:83)
	at org.openqa.selenium.remote.RemoteWebDriver.execute(RemoteWebDriver.java:552)
	at org.openqa.selenium.remote.RemoteWebDriver.findElement(RemoteWebDriver.java:323)
	at org.openqa.selenium.remote.RemoteWebDriver.findElementByXPath(RemoteWebDriver.java:428)
	at org.openqa.selenium.By$ByXPath.findElement(By.java:353)
	at org.openqa.selenium.remote.RemoteWebDriver.findElement(RemoteWebDriver.java:315)
	at org.openqa.selenium.support.pagefactory.DefaultElementLocator.findElement(DefaultElementLocator.java:69)
	at org.openqa.selenium.support.pagefactory.internal.LocatingElementHandler.invoke(LocatingElementHandler.java:38)
	at com.sun.proxy.$Proxy12.getAttribute(Unknown Source)
	at Marah.pages.ServicesTypes.getmessage(ServicesTypes.java:74)
	at Marah.Admin.TestCases.UsersTest.add_user_technical_support(UsersTest.java:110)
	at java.base/jdk.internal.reflect.NativeMethodAccessorImpl.invoke0(Native Method)
	at java.base/jdk.internal.reflect.NativeMethodAccessorImpl.invoke(NativeMethodAccessorImpl.java:62)
	at java.base/jdk.internal.reflect.DelegatingMethodAccessorImpl.invoke(DelegatingMethodAccessorImpl.java:43)
	at java.base/java.lang.reflect.Method.invoke(Method.java:566)
	at org.testng.internal.MethodInvocationHelper.invokeMethod(MethodInvocationHelper.java:134)
	at org.testng.internal.TestInvoker.invokeMethod(TestInvoker.java:597)
	at org.testng.internal.TestInvoker.invokeTestMethod(TestInvoker.java:173)
	at org.testng.internal.MethodRunner.runInSequence(MethodRunner.java:46)
	at org.testng.internal.TestInvoker$MethodInvocationAgent.invoke(TestInvoker.java:816)
	at org.testng.internal.TestInvoker.invokeTestMethods(TestInvoker.java:146)
	at org.testng.internal.TestMethodWorker.invokeTestMethods(TestMethodWorker.java:146)
	at org.testng.internal.TestMethodWorker.run(TestMethodWorker.java:128)
	at java.base/java.util.ArrayList.forEach(ArrayList.java:1541)
	at org.testng.TestRunner.privateRun(TestRunner.java:766)
	at org.testng.TestRunner.run(TestRunner.java:587)
	at org.testng.SuiteRunner.runTest(SuiteRunner.java:384)
	at org.testng.SuiteRunner.runSequentially(SuiteRunner.java:378)
	at org.testng.SuiteRunner.privateRun(SuiteRunner.java:337)
	at org.testng.SuiteRunner.run(SuiteRunner.java:286)
	at org.testng.SuiteRunnerWorker.runSuite(SuiteRunnerWorker.java:53)
	at org.testng.SuiteRunnerWorker.run(SuiteRunnerWorker.java:96)
	at org.testng.TestNG.runSuitesSequentially(TestNG.java:1187)
	at org.testng.TestNG.runSuitesLocally(TestNG.java:1109)
	at org.testng.TestNG.runSuites(TestNG.java:1039)
	at org.testng.TestNG.run(TestNG.java:1007)
	at org.apache.maven.surefire.testng.TestNGExecutor.run(TestNGExecutor.java:283)
	at org.apache.maven.surefire.testng.TestNGXmlTestSuite.execute(TestNGXmlTestSuite.java:75)
	at org.apache.maven.surefire.testng.TestNGProvider.invoke(TestNGProvider.java:120)
	at org.apache.maven.surefire.booter.ForkedBooter.invokeProviderInSameClassLoader(ForkedBooter.java:383)
	at org.apache.maven.surefire.booter.ForkedBooter.runSuitesInProcess(ForkedBooter.java:344)
	at org.apache.maven.surefire.booter.ForkedBooter.execute(ForkedBooter.java:125)
	at org.apache.maven.surefire.booter.ForkedBooter.main(ForkedBooter.java:417)
</div></td></tr></table><p class="totop"><a href="#summary">back to summary</a></p>
<h3 id="m4">Marah.Admin.TestCases.CenterPageTest#add_center</h3><table class="result"><tr><th class="invisible"/></tr></table><p class="totop"><a href="#summary">back to summary</a></p>
<h3 id="m5">Marah.Admin.TestCases.CenterPageTest#add_center_with_empty</h3><table class="result"><tr class="param"><th>Parameter #1</th></tr><tr class="param stripe"><td>public void Marah.Admin.TestCases.CenterPageTest.add_center_with_empty(java.lang.reflect.Method) throws java.lang.InterruptedException</td></tr></table><p class="totop"><a href="#summary">back to summary</a></p>
<h3 id="m6">Marah.Admin.TestCases.CenterPageTest#delete_center</h3><table class="result"><tr><th class="invisible"/></tr></table><p class="totop"><a href="#summary">back to summary</a></p>
<h3 id="m7">Marah.Admin.TestCases.CenterPageTest#disable_center</h3><table class="result"><tr class="param"><th>Parameter #1</th></tr><tr class="param stripe"><td>public void Marah.Admin.TestCases.CenterPageTest.disable_center(java.lang.reflect.Method) throws java.lang.InterruptedException</td></tr></table><p class="totop"><a href="#summary">back to summary</a></p>
<h3 id="m8">Marah.Admin.TestCases.CenterPageTest#disable_reservation_center</h3><table class="result"><tr class="param"><th>Parameter #1</th></tr><tr class="param stripe"><td>public void Marah.Admin.TestCases.CenterPageTest.disable_reservation_center(java.lang.reflect.Method) throws java.lang.InterruptedException</td></tr></table><p class="totop"><a href="#summary">back to summary</a></p>
<h3 id="m9">Marah.Admin.TestCases.CenterPageTest#edit_center</h3><table class="result"><tr class="param"><th>Parameter #1</th></tr><tr class="param stripe"><td>public void Marah.Admin.TestCases.CenterPageTest.edit_center(java.lang.reflect.Method) throws java.lang.InterruptedException</td></tr></table><p class="totop"><a href="#summary">back to summary</a></p>
<h3 id="m10">Marah.Admin.TestCases.CenterPageTest#go_to_Center_page</h3><table class="result"><tr class="param"><th>Parameter #1</th></tr><tr class="param stripe"><td>public void Marah.Admin.TestCases.CenterPageTest.go_to_Center_page(java.lang.reflect.Method) throws java.lang.InterruptedException</td></tr></table><p class="totop"><a href="#summary">back to summary</a></p>
<h3 id="m11">Marah.Admin.TestCases.ComplainPageTest#add_Complain</h3><table class="result"><tr class="param"><th>Parameter #1</th></tr><tr class="param stripe"><td>public void Marah.Admin.TestCases.ComplainPageTest.add_Complain(java.lang.reflect.Method) throws java.lang.InterruptedException</td></tr></table><p class="totop"><a href="#summary">back to summary</a></p>
<h3 id="m12">Marah.Admin.TestCases.ComplainPageTest#add_suggetion_without_name</h3><table class="result"><tr class="param"><th>Parameter #1</th></tr><tr class="param stripe"><td>public void Marah.Admin.TestCases.ComplainPageTest.add_suggetion_without_name(java.lang.reflect.Method) throws java.lang.InterruptedException</td></tr></table><p class="totop"><a href="#summary">back to summary</a></p>
<h3 id="m13">Marah.Admin.TestCases.ComplainPageTest#delete_Complain</h3><table class="result"><tr class="param"><th>Parameter #1</th></tr><tr class="param stripe"><td>public void Marah.Admin.TestCases.ComplainPageTest.delete_Complain(java.lang.reflect.Method) throws java.lang.InterruptedException</td></tr></table><p class="totop"><a href="#summary">back to summary</a></p>
<h3 id="m14">Marah.Admin.TestCases.ComplainPageTest#edit_Complain</h3><table class="result"><tr class="param"><th>Parameter #1</th></tr><tr class="param stripe"><td>public void Marah.Admin.TestCases.ComplainPageTest.edit_Complain(java.lang.reflect.Method) throws java.lang.InterruptedException</td></tr></table><p class="totop"><a href="#summary">back to summary</a></p>
<h3 id="m15">Marah.Admin.TestCases.ComplainPageTest#go_to_Complain_page</h3><table class="result"><tr class="param"><th>Parameter #1</th></tr><tr class="param stripe"><td>public void Marah.Admin.TestCases.ComplainPageTest.go_to_Complain_page(java.lang.reflect.Method)</td></tr></table><p class="totop"><a href="#summary">back to summary</a></p>
<h3 id="m16">Marah.Admin.TestCases.CustomerPageTest#add_Customer</h3><table class="result"><tr class="param"><th>Parameter #1</th></tr><tr class="param stripe"><td>public void Marah.Admin.TestCases.CustomerPageTest.add_Customer(java.lang.reflect.Method) throws java.lang.InterruptedException</td></tr></table><p class="totop"><a href="#summary">back to summary</a></p>
<h3 id="m17">Marah.Admin.TestCases.CustomerPageTest#add_Customer_without_name</h3><table class="result"><tr class="param"><th>Parameter #1</th></tr><tr class="param stripe"><td>public void Marah.Admin.TestCases.CustomerPageTest.add_Customer_without_name(java.lang.reflect.Method) throws java.lang.InterruptedException</td></tr></table><p class="totop"><a href="#summary">back to summary</a></p>
<h3 id="m18">Marah.Admin.TestCases.CustomerPageTest#add_user_admin_by_registered_phone</h3><table class="result"><tr class="param"><th>Parameter #1</th></tr><tr class="param stripe"><td>public void Marah.Admin.TestCases.CustomerPageTest.add_user_admin_by_registered_phone(java.lang.reflect.Method) throws java.lang.InterruptedException</td></tr></table><p class="totop"><a href="#summary">back to summary</a></p>
<h3 id="m19">Marah.Admin.TestCases.CustomerPageTest#delete_Customer</h3><table class="result"><tr class="param"><th>Parameter #1</th></tr><tr class="param stripe"><td>public void Marah.Admin.TestCases.CustomerPageTest.delete_Customer(java.lang.reflect.Method) throws java.lang.InterruptedException</td></tr></table><p class="totop"><a href="#summary">back to summary</a></p>
<h3 id="m20">Marah.Admin.TestCases.CustomerPageTest#edit_Customer</h3><table class="result"><tr class="param"><th>Parameter #1</th></tr><tr class="param stripe"><td>public void Marah.Admin.TestCases.CustomerPageTest.edit_Customer(java.lang.reflect.Method) throws java.lang.InterruptedException</td></tr></table><p class="totop"><a href="#summary">back to summary</a></p>
<h3 id="m21">Marah.Admin.TestCases.CustomerPageTest#go_to_Customer_page</h3><table class="result"><tr class="param"><th>Parameter #1</th></tr><tr class="param stripe"><td>public void Marah.Admin.TestCases.CustomerPageTest.go_to_Customer_page(java.lang.reflect.Method)</td></tr></table><p class="totop"><a href="#summary">back to summary</a></p>
<h3 id="m22">Marah.Admin.TestCases.EventsPageTest#add_event_special_price</h3><table class="result"><tr class="param"><th>Parameter #1</th></tr><tr class="param stripe"><td>public void Marah.Admin.TestCases.EventsPageTest.add_event_special_price(java.lang.reflect.Method) throws java.lang.InterruptedException</td></tr></table><p class="totop"><a href="#summary">back to summary</a></p>
<h3 id="m23">Marah.Admin.TestCases.EventsPageTest#add_event_special_show</h3><table class="result"><tr class="param"><th>Parameter #1</th></tr><tr class="param stripe"><td>public void Marah.Admin.TestCases.EventsPageTest.add_event_special_show(java.lang.reflect.Method) throws java.lang.InterruptedException</td></tr></table><p class="totop"><a href="#summary">back to summary</a></p>
<h3 id="m24">Marah.Admin.TestCases.EventsPageTest#add_event_with_empty</h3><table class="result"><tr class="param"><th>Parameter #1</th></tr><tr class="param stripe"><td>public void Marah.Admin.TestCases.EventsPageTest.add_event_with_empty(java.lang.reflect.Method) throws java.lang.InterruptedException</td></tr></table><p class="totop"><a href="#summary">back to summary</a></p>
<h3 id="m25">Marah.Admin.TestCases.EventsPageTest#add_eventwith_name_only</h3><table class="result"><tr class="param"><th>Parameter #1</th></tr><tr class="param stripe"><td>public void Marah.Admin.TestCases.EventsPageTest.add_eventwith_name_only(java.lang.reflect.Method)</td></tr></table><p class="totop"><a href="#summary">back to summary</a></p>
<h3 id="m26">Marah.Admin.TestCases.EventsPageTest#delete_event</h3><table class="result"><tr class="param"><th>Parameter #1</th></tr><tr class="param stripe"><td>public void Marah.Admin.TestCases.EventsPageTest.delete_event(java.lang.reflect.Method) throws java.lang.InterruptedException</td></tr></table><p class="totop"><a href="#summary">back to summary</a></p>
<h3 id="m27">Marah.Admin.TestCases.EventsPageTest#go_to_Events_page</h3><table class="result"><tr class="param"><th>Parameter #1</th></tr><tr class="param stripe"><td>public void Marah.Admin.TestCases.EventsPageTest.go_to_Events_page(java.lang.reflect.Method) throws java.lang.InterruptedException</td></tr></table><p class="totop"><a href="#summary">back to summary</a></p>
<h3 id="m28">Marah.Admin.TestCases.LoginPageTest#login_with_empty_data</h3><table class="result"><tr class="param"><th>Parameter #1</th></tr><tr class="param stripe"><td>public void Marah.Admin.TestCases.LoginPageTest.login_with_empty_data(java.lang.reflect.Method) throws java.lang.InterruptedException</td></tr></table><p class="totop"><a href="#summary">back to summary</a></p>
<h3 id="m29">Marah.Admin.TestCases.LoginPageTest#login_with_invalid_credentials</h3><table class="result"><tr class="param"><th>Parameter #1</th></tr><tr class="param stripe"><td>public void Marah.Admin.TestCases.LoginPageTest.login_with_invalid_credentials(java.lang.reflect.Method) throws java.lang.InterruptedException</td></tr></table><p class="totop"><a href="#summary">back to summary</a></p>
<h3 id="m30">Marah.Admin.TestCases.LoginPageTest#login_with_valid_credentials</h3><table class="result"><tr class="param"><th>Parameter #1</th></tr><tr class="param stripe"><td>public void Marah.Admin.TestCases.LoginPageTest.login_with_valid_credentials(java.lang.reflect.Method) throws java.lang.InterruptedException</td></tr></table><p class="totop"><a href="#summary">back to summary</a></p>
<h3 id="m31">Marah.Admin.TestCases.ServicesTypesTest#add_empty_field</h3><table class="result"><tr class="param"><th>Parameter #1</th></tr><tr class="param stripe"><td>public void Marah.Admin.TestCases.ServicesTypesTest.add_empty_field(java.lang.reflect.Method)</td></tr></table><p class="totop"><a href="#summary">back to summary</a></p>
<h3 id="m32">Marah.Admin.TestCases.ServicesTypesTest#add_services_types</h3><table class="result"><tr class="param"><th>Parameter #1</th></tr><tr class="param stripe"><td>public void Marah.Admin.TestCases.ServicesTypesTest.add_services_types(java.lang.reflect.Method)</td></tr></table><p class="totop"><a href="#summary">back to summary</a></p>
<h3 id="m33">Marah.Admin.TestCases.ServicesTypesTest#delete_services_types</h3><table class="result"><tr class="param"><th>Parameter #1</th></tr><tr class="param stripe"><td>public void Marah.Admin.TestCases.ServicesTypesTest.delete_services_types(java.lang.reflect.Method) throws java.lang.InterruptedException</td></tr></table><p class="totop"><a href="#summary">back to summary</a></p>
<h3 id="m34">Marah.Admin.TestCases.ServicesTypesTest#edit_services_types</h3><table class="result"><tr class="param"><th>Parameter #1</th></tr><tr class="param stripe"><td>public void Marah.Admin.TestCases.ServicesTypesTest.edit_services_types(java.lang.reflect.Method)</td></tr></table><p class="totop"><a href="#summary">back to summary</a></p>
<h3 id="m35">Marah.Admin.TestCases.ServicesTypesTest#go_to_services_Types_page</h3><table class="result"><tr class="param"><th>Parameter #1</th></tr><tr class="param stripe"><td>public void Marah.Admin.TestCases.ServicesTypesTest.go_to_services_Types_page(java.lang.reflect.Method) throws java.lang.InterruptedException</td></tr></table><p class="totop"><a href="#summary">back to summary</a></p>
<h3 id="m36">Marah.Admin.TestCases.SuggestionPageTest#add_suggestion</h3><table class="result"><tr class="param"><th>Parameter #1</th></tr><tr class="param stripe"><td>public void Marah.Admin.TestCases.SuggestionPageTest.add_suggestion(java.lang.reflect.Method) throws java.lang.InterruptedException</td></tr></table><p class="totop"><a href="#summary">back to summary</a></p>
<h3 id="m37">Marah.Admin.TestCases.SuggestionPageTest#add_suggetion_without_name</h3><table class="result"><tr class="param"><th>Parameter #1</th></tr><tr class="param stripe"><td>public void Marah.Admin.TestCases.SuggestionPageTest.add_suggetion_without_name(java.lang.reflect.Method) throws java.lang.InterruptedException</td></tr></table><p class="totop"><a href="#summary">back to summary</a></p>
<h3 id="m38">Marah.Admin.TestCases.SuggestionPageTest#delete_suggestion</h3><table class="result"><tr class="param"><th>Parameter #1</th></tr><tr class="param stripe"><td>public void Marah.Admin.TestCases.SuggestionPageTest.delete_suggestion(java.lang.reflect.Method) throws java.lang.InterruptedException</td></tr></table><p class="totop"><a href="#summary">back to summary</a></p>
<h3 id="m39">Marah.Admin.TestCases.SuggestionPageTest#edit_suggestion</h3><table class="result"><tr class="param"><th>Parameter #1</th></tr><tr class="param stripe"><td>public void Marah.Admin.TestCases.SuggestionPageTest.edit_suggestion(java.lang.reflect.Method) throws java.lang.InterruptedException</td></tr></table><p class="totop"><a href="#summary">back to summary</a></p>
<h3 id="m40">Marah.Admin.TestCases.SuggestionPageTest#go_to_Suggestion_page</h3><table class="result"><tr class="param"><th>Parameter #1</th></tr><tr class="param stripe"><td>public void Marah.Admin.TestCases.SuggestionPageTest.go_to_Suggestion_page(java.lang.reflect.Method)</td></tr></table><p class="totop"><a href="#summary">back to summary</a></p>
<h3 id="m41">Marah.Admin.TestCases.UsersTest#add_user_center_admin</h3><table class="result"><tr class="param"><th>Parameter #1</th></tr><tr class="param stripe"><td>public void Marah.Admin.TestCases.UsersTest.add_user_center_admin(java.lang.reflect.Method) throws java.lang.InterruptedException</td></tr></table><p class="totop"><a href="#summary">back to summary</a></p>
<h3 id="m42">Marah.Admin.TestCases.UsersTest#add_user_with_empty</h3><table class="result"><tr class="param"><th>Parameter #1</th></tr><tr class="param stripe"><td>public void Marah.Admin.TestCases.UsersTest.add_user_with_empty(java.lang.reflect.Method) throws java.lang.InterruptedException</td></tr></table><p class="totop"><a href="#summary">back to summary</a></p>
<h3 id="m43">Marah.Admin.TestCases.UsersTest#delete_user</h3><table class="result"><tr class="param"><th>Parameter #1</th></tr><tr class="param stripe"><td>public void Marah.Admin.TestCases.UsersTest.delete_user(java.lang.reflect.Method) throws java.lang.InterruptedException</td></tr></table><p class="totop"><a href="#summary">back to summary</a></p>
<h3 id="m44">Marah.Admin.TestCases.UsersTest#edit_user</h3><table class="result"><tr class="param"><th>Parameter #1</th></tr><tr class="param stripe"><td>public void Marah.Admin.TestCases.UsersTest.edit_user(java.lang.reflect.Method)</td></tr></table><p class="totop"><a href="#summary">back to summary</a></p>
<h3 id="m45">Marah.Admin.TestCases.UsersTest#go_to_Users_page</h3><table class="result"><tr class="param"><th>Parameter #1</th></tr><tr class="param stripe"><td>public void Marah.Admin.TestCases.UsersTest.go_to_Users_page(java.lang.reflect.Method)</td></tr></table><p class="totop"><a href="#summary">back to summary</a></p>
</body>
</html>
