<?xml version="1.0" encoding="UTF-8"?>
<testng-results ignored="10" total="56" passed="42" failed="4" skipped="0">
  <reporter-output>
  </reporter-output>
  <suite started-at="2021-07-28T01:58:08 EET" name="Group of group Suite" finished-at="2021-07-28T02:01:57 EET" duration-ms="229246">
    <groups>
    </groups>
    <test started-at="2021-07-28T01:58:08 EET" name="Group of group Test" finished-at="2021-07-28T02:01:57 EET" duration-ms="229246">
      <class name="Marah.Admin.TestCases.Config">
        <test-method is-config="true" signature="webDriver()[pri:0, instance:Marah.Admin.TestCases.Config@68e965f5]" started-at="2021-07-28T01:58:00 EET" name="webDriver" finished-at="2021-07-28T01:58:07 EET" duration-ms="7294" status="PASS">
          <reporter-output>
          </reporter-output>
        </test-method> <!-- webDriver -->
        <test-method is-config="true" signature="start()[pri:0, instance:Marah.Admin.TestCases.Config@68e965f5]" started-at="2021-07-28T01:58:07 EET" name="start" finished-at="2021-07-28T01:58:08 EET" depends-on-methods="Bagisto.MarahAdmin.App.webDriver" duration-ms="216" status="PASS">
          <reporter-output>
          </reporter-output>
        </test-method> <!-- start -->
        <test-method is-config="true" signature="end()[pri:0, instance:Marah.Admin.TestCases.Config@68e965f5]" started-at="2021-07-28T02:01:57 EET" name="end" finished-at="2021-07-28T02:01:58 EET" duration-ms="618" status="PASS">
          <reporter-output>
          </reporter-output>
        </test-method> <!-- end -->
        <test-method is-config="true" signature="webDriver1()[pri:0, instance:Marah.Admin.TestCases.Config@68e965f5]" started-at="2021-07-28T02:01:58 EET" name="webDriver1" finished-at="2021-07-28T02:01:58 EET" depends-on-methods="Marah.Admin.TestCases.Config.end" duration-ms="249" status="PASS">
          <reporter-output>
          </reporter-output>
        </test-method> <!-- webDriver1 -->
      </class> <!-- Marah.Admin.TestCases.Config -->
      <class name="Marah.Admin.TestCases.ComplainPageTest">
        <test-method signature="go_to_Complain_page(java.lang.reflect.Method)[pri:1, instance:Marah.Admin.TestCases.ComplainPageTest@524d6d96]" started-at="2021-07-28T02:01:33 EET" name="go_to_Complain_page" finished-at="2021-07-28T02:01:34 EET" duration-ms="808" status="PASS">
          <params>
            <param index="0">
              <value>
                <![CDATA[public void Marah.Admin.TestCases.ComplainPageTest.go_to_Complain_page(java.lang.reflect.Method)]]>
              </value>
            </param>
          </params>
          <reporter-output>
          </reporter-output>
        </test-method> <!-- go_to_Complain_page -->
        <test-method signature="add_Complain(java.lang.reflect.Method)[pri:2, instance:Marah.Admin.TestCases.ComplainPageTest@524d6d96]" started-at="2021-07-28T02:01:34 EET" name="add_Complain" finished-at="2021-07-28T02:01:39 EET" duration-ms="4899" status="PASS">
          <params>
            <param index="0">
              <value>
                <![CDATA[public void Marah.Admin.TestCases.ComplainPageTest.add_Complain(java.lang.reflect.Method) throws java.lang.InterruptedException]]>
              </value>
            </param>
          </params>
          <reporter-output>
          </reporter-output>
        </test-method> <!-- add_Complain -->
        <test-method signature="edit_Complain(java.lang.reflect.Method)[pri:3, instance:Marah.Admin.TestCases.ComplainPageTest@524d6d96]" started-at="2021-07-28T02:01:39 EET" name="edit_Complain" finished-at="2021-07-28T02:01:49 EET" duration-ms="9857" status="PASS">
          <params>
            <param index="0">
              <value>
                <![CDATA[public void Marah.Admin.TestCases.ComplainPageTest.edit_Complain(java.lang.reflect.Method) throws java.lang.InterruptedException]]>
              </value>
            </param>
          </params>
          <reporter-output>
          </reporter-output>
        </test-method> <!-- edit_Complain -->
        <test-method signature="delete_Complain(java.lang.reflect.Method)[pri:4, instance:Marah.Admin.TestCases.ComplainPageTest@524d6d96]" started-at="2021-07-28T02:01:49 EET" name="delete_Complain" finished-at="2021-07-28T02:01:54 EET" duration-ms="5656" status="PASS">
          <params>
            <param index="0">
              <value>
                <![CDATA[public void Marah.Admin.TestCases.ComplainPageTest.delete_Complain(java.lang.reflect.Method) throws java.lang.InterruptedException]]>
              </value>
            </param>
          </params>
          <reporter-output>
          </reporter-output>
        </test-method> <!-- delete_Complain -->
        <test-method signature="add_suggetion_without_name(java.lang.reflect.Method)[pri:5, instance:Marah.Admin.TestCases.ComplainPageTest@524d6d96]" started-at="2021-07-28T02:01:54 EET" name="add_suggetion_without_name" finished-at="2021-07-28T02:01:57 EET" duration-ms="2608" status="PASS">
          <params>
            <param index="0">
              <value>
                <![CDATA[public void Marah.Admin.TestCases.ComplainPageTest.add_suggetion_without_name(java.lang.reflect.Method) throws java.lang.InterruptedException]]>
              </value>
            </param>
          </params>
          <reporter-output>
          </reporter-output>
        </test-method> <!-- add_suggetion_without_name -->
      </class> <!-- Marah.Admin.TestCases.ComplainPageTest -->
      <class name="Marah.Admin.TestCases.CenterPageTest">
        <test-method is-config="true" signature="set_up(java.lang.reflect.Method)[pri:0, instance:Marah.Admin.TestCases.CenterPageTest@2e1d27ba]" started-at="2021-07-28T01:59:44 EET" name="set_up" finished-at="2021-07-28T01:59:44 EET" duration-ms="0" status="PASS">
          <params>
            <param index="0">
              <value>
                <![CDATA[public void Marah.Admin.TestCases.CenterPageTest.go_to_Center_page(java.lang.reflect.Method) throws java.lang.InterruptedException]]>
              </value>
            </param>
          </params>
          <reporter-output>
          </reporter-output>
        </test-method> <!-- set_up -->
        <test-method signature="go_to_Center_page(java.lang.reflect.Method)[pri:1, instance:Marah.Admin.TestCases.CenterPageTest@2e1d27ba]" started-at="2021-07-28T01:59:44 EET" name="go_to_Center_page" finished-at="2021-07-28T01:59:45 EET" duration-ms="1542" status="PASS">
          <params>
            <param index="0">
              <value>
                <![CDATA[public void Marah.Admin.TestCases.CenterPageTest.go_to_Center_page(java.lang.reflect.Method) throws java.lang.InterruptedException]]>
              </value>
            </param>
          </params>
          <reporter-output>
          </reporter-output>
        </test-method> <!-- go_to_Center_page -->
        <test-method is-config="true" signature="end_method(java.lang.reflect.Method, org.testng.ITestResult)[pri:0, instance:Marah.Admin.TestCases.CenterPageTest@2e1d27ba]" started-at="2021-07-28T01:59:45 EET" name="end_method" finished-at="2021-07-28T01:59:45 EET" duration-ms="1" status="PASS">
          <params>
            <param index="0">
              <value>
                <![CDATA[public void Marah.Admin.TestCases.CenterPageTest.go_to_Center_page(java.lang.reflect.Method) throws java.lang.InterruptedException]]>
              </value>
            </param>
            <param index="1">
              <value>
                <![CDATA[[TestResult name=go_to_Center_page status=SUCCESS method=CenterPageTest.go_to_Center_page(java.lang.reflect.Method)[pri:1, instance:Marah.Admin.TestCases.CenterPageTest@2e1d27ba] output={null}]]]>
              </value>
            </param>
          </params>
          <reporter-output>
          </reporter-output>
        </test-method> <!-- end_method -->
        <test-method is-config="true" signature="set_up(java.lang.reflect.Method)[pri:0, instance:Marah.Admin.TestCases.CenterPageTest@2e1d27ba]" started-at="2021-07-28T01:59:45 EET" name="set_up" finished-at="2021-07-28T01:59:45 EET" duration-ms="0" status="PASS">
          <params>
            <param index="0">
              <value>
                <![CDATA[public void Marah.Admin.TestCases.CenterPageTest.add_center() throws java.lang.InterruptedException]]>
              </value>
            </param>
          </params>
          <reporter-output>
          </reporter-output>
        </test-method> <!-- set_up -->
        <test-method signature="add_center()[pri:2, instance:Marah.Admin.TestCases.CenterPageTest@2e1d27ba]" started-at="2021-07-28T01:59:45 EET" name="add_center" finished-at="2021-07-28T02:00:09 EET" duration-ms="23915" status="PASS">
          <reporter-output>
          </reporter-output>
        </test-method> <!-- add_center -->
        <test-method is-config="true" signature="end_method(java.lang.reflect.Method, org.testng.ITestResult)[pri:0, instance:Marah.Admin.TestCases.CenterPageTest@2e1d27ba]" started-at="2021-07-28T02:00:09 EET" name="end_method" finished-at="2021-07-28T02:00:09 EET" duration-ms="1" status="PASS">
          <params>
            <param index="0">
              <value>
                <![CDATA[public void Marah.Admin.TestCases.CenterPageTest.add_center() throws java.lang.InterruptedException]]>
              </value>
            </param>
            <param index="1">
              <value>
                <![CDATA[[TestResult name=add_center status=SUCCESS method=CenterPageTest.add_center()[pri:2, instance:Marah.Admin.TestCases.CenterPageTest@2e1d27ba] output={null}]]]>
              </value>
            </param>
          </params>
          <reporter-output>
          </reporter-output>
        </test-method> <!-- end_method -->
        <test-method is-config="true" signature="set_up(java.lang.reflect.Method)[pri:0, instance:Marah.Admin.TestCases.CenterPageTest@2e1d27ba]" started-at="2021-07-28T02:00:09 EET" name="set_up" finished-at="2021-07-28T02:00:09 EET" duration-ms="0" status="PASS">
          <params>
            <param index="0">
              <value>
                <![CDATA[public void Marah.Admin.TestCases.CenterPageTest.delete_center() throws java.lang.InterruptedException]]>
              </value>
            </param>
          </params>
          <reporter-output>
          </reporter-output>
        </test-method> <!-- set_up -->
        <test-method signature="delete_center()[pri:3, instance:Marah.Admin.TestCases.CenterPageTest@2e1d27ba]" started-at="2021-07-28T02:00:09 EET" name="delete_center" finished-at="2021-07-28T02:00:16 EET" duration-ms="6740" status="PASS">
          <reporter-output>
          </reporter-output>
        </test-method> <!-- delete_center -->
        <test-method is-config="true" signature="end_method(java.lang.reflect.Method, org.testng.ITestResult)[pri:0, instance:Marah.Admin.TestCases.CenterPageTest@2e1d27ba]" started-at="2021-07-28T02:00:16 EET" name="end_method" finished-at="2021-07-28T02:00:16 EET" duration-ms="0" status="PASS">
          <params>
            <param index="0">
              <value>
                <![CDATA[public void Marah.Admin.TestCases.CenterPageTest.delete_center() throws java.lang.InterruptedException]]>
              </value>
            </param>
            <param index="1">
              <value>
                <![CDATA[[TestResult name=delete_center status=SUCCESS method=CenterPageTest.delete_center()[pri:3, instance:Marah.Admin.TestCases.CenterPageTest@2e1d27ba] output={null}]]]>
              </value>
            </param>
          </params>
          <reporter-output>
          </reporter-output>
        </test-method> <!-- end_method -->
        <test-method is-config="true" signature="set_up(java.lang.reflect.Method)[pri:0, instance:Marah.Admin.TestCases.CenterPageTest@2e1d27ba]" started-at="2021-07-28T02:00:16 EET" name="set_up" finished-at="2021-07-28T02:00:16 EET" duration-ms="1" status="PASS">
          <params>
            <param index="0">
              <value>
                <![CDATA[public void Marah.Admin.TestCases.CenterPageTest.edit_center(java.lang.reflect.Method) throws java.lang.InterruptedException]]>
              </value>
            </param>
          </params>
          <reporter-output>
          </reporter-output>
        </test-method> <!-- set_up -->
        <test-method signature="edit_center(java.lang.reflect.Method)[pri:4, instance:Marah.Admin.TestCases.CenterPageTest@2e1d27ba]" started-at="2021-07-28T02:00:16 EET" name="edit_center" finished-at="2021-07-28T02:00:22 EET" duration-ms="6554" status="PASS">
          <params>
            <param index="0">
              <value>
                <![CDATA[public void Marah.Admin.TestCases.CenterPageTest.edit_center(java.lang.reflect.Method) throws java.lang.InterruptedException]]>
              </value>
            </param>
          </params>
          <reporter-output>
          </reporter-output>
        </test-method> <!-- edit_center -->
        <test-method is-config="true" signature="end_method(java.lang.reflect.Method, org.testng.ITestResult)[pri:0, instance:Marah.Admin.TestCases.CenterPageTest@2e1d27ba]" started-at="2021-07-28T02:00:22 EET" name="end_method" finished-at="2021-07-28T02:00:22 EET" duration-ms="1" status="PASS">
          <params>
            <param index="0">
              <value>
                <![CDATA[public void Marah.Admin.TestCases.CenterPageTest.edit_center(java.lang.reflect.Method) throws java.lang.InterruptedException]]>
              </value>
            </param>
            <param index="1">
              <value>
                <![CDATA[[TestResult name=edit_center status=SUCCESS method=CenterPageTest.edit_center(java.lang.reflect.Method)[pri:4, instance:Marah.Admin.TestCases.CenterPageTest@2e1d27ba] output={null}]]]>
              </value>
            </param>
          </params>
          <reporter-output>
          </reporter-output>
        </test-method> <!-- end_method -->
        <test-method signature="add_center_with_empty(java.lang.reflect.Method)[pri:5, instance:Marah.Admin.TestCases.CenterPageTest@2e1d27ba]" started-at="2021-07-28T02:00:22 EET" name="add_center_with_empty" finished-at="2021-07-28T02:00:26 EET" duration-ms="3942" status="PASS">
          <params>
            <param index="0">
              <value>
                <![CDATA[public void Marah.Admin.TestCases.CenterPageTest.add_center_with_empty(java.lang.reflect.Method) throws java.lang.InterruptedException]]>
              </value>
            </param>
          </params>
          <reporter-output>
          </reporter-output>
        </test-method> <!-- add_center_with_empty -->
        <test-method is-config="true" signature="set_up(java.lang.reflect.Method)[pri:0, instance:Marah.Admin.TestCases.CenterPageTest@2e1d27ba]" started-at="2021-07-28T02:00:22 EET" name="set_up" finished-at="2021-07-28T02:00:22 EET" duration-ms="0" status="PASS">
          <params>
            <param index="0">
              <value>
                <![CDATA[public void Marah.Admin.TestCases.CenterPageTest.add_center_with_empty(java.lang.reflect.Method) throws java.lang.InterruptedException]]>
              </value>
            </param>
          </params>
          <reporter-output>
          </reporter-output>
        </test-method> <!-- set_up -->
        <test-method is-config="true" signature="end_method(java.lang.reflect.Method, org.testng.ITestResult)[pri:0, instance:Marah.Admin.TestCases.CenterPageTest@2e1d27ba]" started-at="2021-07-28T02:00:26 EET" name="end_method" finished-at="2021-07-28T02:00:26 EET" duration-ms="0" status="PASS">
          <params>
            <param index="0">
              <value>
                <![CDATA[public void Marah.Admin.TestCases.CenterPageTest.add_center_with_empty(java.lang.reflect.Method) throws java.lang.InterruptedException]]>
              </value>
            </param>
            <param index="1">
              <value>
                <![CDATA[[TestResult name=add_center_with_empty status=SUCCESS method=CenterPageTest.add_center_with_empty(java.lang.reflect.Method)[pri:5, instance:Marah.Admin.TestCases.CenterPageTest@2e1d27ba] output={null}]]]>
              </value>
            </param>
          </params>
          <reporter-output>
          </reporter-output>
        </test-method> <!-- end_method -->
        <test-method signature="disable_center(java.lang.reflect.Method)[pri:6, instance:Marah.Admin.TestCases.CenterPageTest@2e1d27ba]" started-at="2021-07-28T02:00:26 EET" name="disable_center" finished-at="2021-07-28T02:00:30 EET" duration-ms="3860" status="PASS">
          <params>
            <param index="0">
              <value>
                <![CDATA[public void Marah.Admin.TestCases.CenterPageTest.disable_center(java.lang.reflect.Method) throws java.lang.InterruptedException]]>
              </value>
            </param>
          </params>
          <reporter-output>
          </reporter-output>
        </test-method> <!-- disable_center -->
        <test-method is-config="true" signature="set_up(java.lang.reflect.Method)[pri:0, instance:Marah.Admin.TestCases.CenterPageTest@2e1d27ba]" started-at="2021-07-28T02:00:26 EET" name="set_up" finished-at="2021-07-28T02:00:26 EET" duration-ms="0" status="PASS">
          <params>
            <param index="0">
              <value>
                <![CDATA[public void Marah.Admin.TestCases.CenterPageTest.disable_center(java.lang.reflect.Method) throws java.lang.InterruptedException]]>
              </value>
            </param>
          </params>
          <reporter-output>
          </reporter-output>
        </test-method> <!-- set_up -->
        <test-method is-config="true" signature="end_method(java.lang.reflect.Method, org.testng.ITestResult)[pri:0, instance:Marah.Admin.TestCases.CenterPageTest@2e1d27ba]" started-at="2021-07-28T02:00:30 EET" name="end_method" finished-at="2021-07-28T02:00:30 EET" duration-ms="0" status="PASS">
          <params>
            <param index="0">
              <value>
                <![CDATA[public void Marah.Admin.TestCases.CenterPageTest.disable_center(java.lang.reflect.Method) throws java.lang.InterruptedException]]>
              </value>
            </param>
            <param index="1">
              <value>
                <![CDATA[[TestResult name=disable_center status=SUCCESS method=CenterPageTest.disable_center(java.lang.reflect.Method)[pri:6, instance:Marah.Admin.TestCases.CenterPageTest@2e1d27ba] output={null}]]]>
              </value>
            </param>
          </params>
          <reporter-output>
          </reporter-output>
        </test-method> <!-- end_method -->
        <test-method signature="disable_reservation_center(java.lang.reflect.Method)[pri:7, instance:Marah.Admin.TestCases.CenterPageTest@2e1d27ba]" started-at="2021-07-28T02:00:30 EET" name="disable_reservation_center" finished-at="2021-07-28T02:00:34 EET" duration-ms="3850" status="PASS">
          <params>
            <param index="0">
              <value>
                <![CDATA[public void Marah.Admin.TestCases.CenterPageTest.disable_reservation_center(java.lang.reflect.Method) throws java.lang.InterruptedException]]>
              </value>
            </param>
          </params>
          <reporter-output>
          </reporter-output>
        </test-method> <!-- disable_reservation_center -->
        <test-method is-config="true" signature="set_up(java.lang.reflect.Method)[pri:0, instance:Marah.Admin.TestCases.CenterPageTest@2e1d27ba]" started-at="2021-07-28T02:00:30 EET" name="set_up" finished-at="2021-07-28T02:00:30 EET" duration-ms="0" status="PASS">
          <params>
            <param index="0">
              <value>
                <![CDATA[public void Marah.Admin.TestCases.CenterPageTest.disable_reservation_center(java.lang.reflect.Method) throws java.lang.InterruptedException]]>
              </value>
            </param>
          </params>
          <reporter-output>
          </reporter-output>
        </test-method> <!-- set_up -->
        <test-method is-config="true" signature="end_method(java.lang.reflect.Method, org.testng.ITestResult)[pri:0, instance:Marah.Admin.TestCases.CenterPageTest@2e1d27ba]" started-at="2021-07-28T02:00:34 EET" name="end_method" finished-at="2021-07-28T02:00:34 EET" duration-ms="1" status="PASS">
          <params>
            <param index="0">
              <value>
                <![CDATA[public void Marah.Admin.TestCases.CenterPageTest.disable_reservation_center(java.lang.reflect.Method) throws java.lang.InterruptedException]]>
              </value>
            </param>
            <param index="1">
              <value>
                <![CDATA[[TestResult name=disable_reservation_center status=SUCCESS method=CenterPageTest.disable_reservation_center(java.lang.reflect.Method)[pri:7, instance:Marah.Admin.TestCases.CenterPageTest@2e1d27ba] output={null}]]]>
              </value>
            </param>
          </params>
          <reporter-output>
          </reporter-output>
        </test-method> <!-- end_method -->
      </class> <!-- Marah.Admin.TestCases.CenterPageTest -->
      <class name="Marah.Admin.TestCases.LoginPageTest">
        <test-method is-config="true" signature="set_up(java.lang.reflect.Method)[pri:0, instance:Marah.Admin.TestCases.LoginPageTest@6c779568]" started-at="2021-07-28T01:58:08 EET" name="set_up" finished-at="2021-07-28T01:58:10 EET" duration-ms="2561" status="PASS">
          <params>
            <param index="0">
              <value>
                <![CDATA[public void Marah.Admin.TestCases.LoginPageTest.login_with_empty_data(java.lang.reflect.Method) throws java.lang.InterruptedException]]>
              </value>
            </param>
          </params>
          <reporter-output>
          </reporter-output>
        </test-method> <!-- set_up -->
        <test-method signature="login_with_empty_data(java.lang.reflect.Method)[pri:1, instance:Marah.Admin.TestCases.LoginPageTest@6c779568]" started-at="2021-07-28T01:58:10 EET" name="login_with_empty_data" finished-at="2021-07-28T01:58:11 EET" duration-ms="1196" status="PASS">
          <params>
            <param index="0">
              <value>
                <![CDATA[public void Marah.Admin.TestCases.LoginPageTest.login_with_empty_data(java.lang.reflect.Method) throws java.lang.InterruptedException]]>
              </value>
            </param>
          </params>
          <reporter-output>
          </reporter-output>
        </test-method> <!-- login_with_empty_data -->
        <test-method is-config="true" signature="end_method(java.lang.reflect.Method, org.testng.ITestResult)[pri:0, instance:Marah.Admin.TestCases.LoginPageTest@6c779568]" started-at="2021-07-28T01:58:11 EET" name="end_method" finished-at="2021-07-28T01:58:11 EET" duration-ms="1" status="PASS">
          <params>
            <param index="0">
              <value>
                <![CDATA[public void Marah.Admin.TestCases.LoginPageTest.login_with_empty_data(java.lang.reflect.Method) throws java.lang.InterruptedException]]>
              </value>
            </param>
            <param index="1">
              <value>
                <![CDATA[[TestResult name=login_with_empty_data status=SUCCESS method=LoginPageTest.login_with_empty_data(java.lang.reflect.Method)[pri:1, instance:Marah.Admin.TestCases.LoginPageTest@6c779568] output={null}]]]>
              </value>
            </param>
          </params>
          <reporter-output>
          </reporter-output>
        </test-method> <!-- end_method -->
        <test-method is-config="true" signature="set_up(java.lang.reflect.Method)[pri:0, instance:Marah.Admin.TestCases.LoginPageTest@6c779568]" started-at="2021-07-28T01:58:11 EET" name="set_up" finished-at="2021-07-28T01:58:12 EET" duration-ms="263" status="PASS">
          <params>
            <param index="0">
              <value>
                <![CDATA[public void Marah.Admin.TestCases.LoginPageTest.login_with_invalid_credentials(java.lang.reflect.Method) throws java.lang.InterruptedException]]>
              </value>
            </param>
          </params>
          <reporter-output>
          </reporter-output>
        </test-method> <!-- set_up -->
        <test-method signature="login_with_invalid_credentials(java.lang.reflect.Method)[pri:2, instance:Marah.Admin.TestCases.LoginPageTest@6c779568]" started-at="2021-07-28T01:58:12 EET" name="login_with_invalid_credentials" finished-at="2021-07-28T01:58:14 EET" duration-ms="1942" status="PASS">
          <params>
            <param index="0">
              <value>
                <![CDATA[public void Marah.Admin.TestCases.LoginPageTest.login_with_invalid_credentials(java.lang.reflect.Method) throws java.lang.InterruptedException]]>
              </value>
            </param>
          </params>
          <reporter-output>
          </reporter-output>
        </test-method> <!-- login_with_invalid_credentials -->
        <test-method is-config="true" signature="end_method(java.lang.reflect.Method, org.testng.ITestResult)[pri:0, instance:Marah.Admin.TestCases.LoginPageTest@6c779568]" started-at="2021-07-28T01:58:14 EET" name="end_method" finished-at="2021-07-28T01:58:14 EET" duration-ms="0" status="PASS">
          <params>
            <param index="0">
              <value>
                <![CDATA[public void Marah.Admin.TestCases.LoginPageTest.login_with_invalid_credentials(java.lang.reflect.Method) throws java.lang.InterruptedException]]>
              </value>
            </param>
            <param index="1">
              <value>
                <![CDATA[[TestResult name=login_with_invalid_credentials status=SUCCESS method=LoginPageTest.login_with_invalid_credentials(java.lang.reflect.Method)[pri:2, instance:Marah.Admin.TestCases.LoginPageTest@6c779568] output={null}]]]>
              </value>
            </param>
          </params>
          <reporter-output>
          </reporter-output>
        </test-method> <!-- end_method -->
        <test-method is-config="true" signature="set_up(java.lang.reflect.Method)[pri:0, instance:Marah.Admin.TestCases.LoginPageTest@6c779568]" started-at="2021-07-28T01:58:14 EET" name="set_up" finished-at="2021-07-28T01:58:14 EET" duration-ms="334" status="PASS">
          <params>
            <param index="0">
              <value>
                <![CDATA[public void Marah.Admin.TestCases.LoginPageTest.login_with_valid_credentials(java.lang.reflect.Method) throws java.lang.InterruptedException]]>
              </value>
            </param>
          </params>
          <reporter-output>
          </reporter-output>
        </test-method> <!-- set_up -->
        <test-method signature="login_with_valid_credentials(java.lang.reflect.Method)[pri:3, instance:Marah.Admin.TestCases.LoginPageTest@6c779568]" started-at="2021-07-28T01:58:14 EET" name="login_with_valid_credentials" finished-at="2021-07-28T01:58:19 EET" duration-ms="5158" status="PASS">
          <params>
            <param index="0">
              <value>
                <![CDATA[public void Marah.Admin.TestCases.LoginPageTest.login_with_valid_credentials(java.lang.reflect.Method) throws java.lang.InterruptedException]]>
              </value>
            </param>
          </params>
          <reporter-output>
          </reporter-output>
        </test-method> <!-- login_with_valid_credentials -->
        <test-method is-config="true" signature="end_method(java.lang.reflect.Method, org.testng.ITestResult)[pri:0, instance:Marah.Admin.TestCases.LoginPageTest@6c779568]" started-at="2021-07-28T01:58:19 EET" name="end_method" finished-at="2021-07-28T01:58:19 EET" duration-ms="1" status="PASS">
          <params>
            <param index="0">
              <value>
                <![CDATA[public void Marah.Admin.TestCases.LoginPageTest.login_with_valid_credentials(java.lang.reflect.Method) throws java.lang.InterruptedException]]>
              </value>
            </param>
            <param index="1">
              <value>
                <![CDATA[[TestResult name=login_with_valid_credentials status=SUCCESS method=LoginPageTest.login_with_valid_credentials(java.lang.reflect.Method)[pri:3, instance:Marah.Admin.TestCases.LoginPageTest@6c779568] output={null}]]]>
              </value>
            </param>
          </params>
          <reporter-output>
          </reporter-output>
        </test-method> <!-- end_method -->
      </class> <!-- Marah.Admin.TestCases.LoginPageTest -->
      <class name="Marah.Admin.TestCases.ServicesTypesTest">
        <test-method is-config="true" signature="set_up(java.lang.reflect.Method)[pri:0, instance:Marah.Admin.TestCases.ServicesTypesTest@7e9131d5]" started-at="2021-07-28T01:59:31 EET" name="set_up" finished-at="2021-07-28T01:59:31 EET" duration-ms="1" status="PASS">
          <params>
            <param index="0">
              <value>
                <![CDATA[public void Marah.Admin.TestCases.ServicesTypesTest.go_to_services_Types_page(java.lang.reflect.Method) throws java.lang.InterruptedException]]>
              </value>
            </param>
          </params>
          <reporter-output>
          </reporter-output>
        </test-method> <!-- set_up -->
        <test-method signature="go_to_services_Types_page(java.lang.reflect.Method)[pri:1, instance:Marah.Admin.TestCases.ServicesTypesTest@7e9131d5]" started-at="2021-07-28T01:59:31 EET" name="go_to_services_Types_page" finished-at="2021-07-28T01:59:32 EET" duration-ms="714" status="PASS">
          <params>
            <param index="0">
              <value>
                <![CDATA[public void Marah.Admin.TestCases.ServicesTypesTest.go_to_services_Types_page(java.lang.reflect.Method) throws java.lang.InterruptedException]]>
              </value>
            </param>
          </params>
          <reporter-output>
          </reporter-output>
        </test-method> <!-- go_to_services_Types_page -->
        <test-method is-config="true" signature="end_method(java.lang.reflect.Method, org.testng.ITestResult)[pri:0, instance:Marah.Admin.TestCases.ServicesTypesTest@7e9131d5]" started-at="2021-07-28T01:59:32 EET" name="end_method" finished-at="2021-07-28T01:59:32 EET" duration-ms="0" status="PASS">
          <params>
            <param index="0">
              <value>
                <![CDATA[public void Marah.Admin.TestCases.ServicesTypesTest.go_to_services_Types_page(java.lang.reflect.Method) throws java.lang.InterruptedException]]>
              </value>
            </param>
            <param index="1">
              <value>
                <![CDATA[[TestResult name=go_to_services_Types_page status=SUCCESS method=ServicesTypesTest.go_to_services_Types_page(java.lang.reflect.Method)[pri:1, instance:Marah.Admin.TestCases.ServicesTypesTest@7e9131d5] output={null}]]]>
              </value>
            </param>
          </params>
          <reporter-output>
          </reporter-output>
        </test-method> <!-- end_method -->
        <test-method is-config="true" signature="set_up(java.lang.reflect.Method)[pri:0, instance:Marah.Admin.TestCases.ServicesTypesTest@7e9131d5]" started-at="2021-07-28T01:59:32 EET" name="set_up" finished-at="2021-07-28T01:59:32 EET" duration-ms="0" status="PASS">
          <params>
            <param index="0">
              <value>
                <![CDATA[public void Marah.Admin.TestCases.ServicesTypesTest.add_services_types(java.lang.reflect.Method)]]>
              </value>
            </param>
          </params>
          <reporter-output>
          </reporter-output>
        </test-method> <!-- set_up -->
        <test-method signature="add_services_types(java.lang.reflect.Method)[pri:2, instance:Marah.Admin.TestCases.ServicesTypesTest@7e9131d5]" started-at="2021-07-28T01:59:32 EET" name="add_services_types" finished-at="2021-07-28T01:59:35 EET" duration-ms="2641" status="PASS">
          <params>
            <param index="0">
              <value>
                <![CDATA[public void Marah.Admin.TestCases.ServicesTypesTest.add_services_types(java.lang.reflect.Method)]]>
              </value>
            </param>
          </params>
          <reporter-output>
          </reporter-output>
        </test-method> <!-- add_services_types -->
        <test-method is-config="true" signature="end_method(java.lang.reflect.Method, org.testng.ITestResult)[pri:0, instance:Marah.Admin.TestCases.ServicesTypesTest@7e9131d5]" started-at="2021-07-28T01:59:35 EET" name="end_method" finished-at="2021-07-28T01:59:35 EET" duration-ms="1" status="PASS">
          <params>
            <param index="0">
              <value>
                <![CDATA[public void Marah.Admin.TestCases.ServicesTypesTest.add_services_types(java.lang.reflect.Method)]]>
              </value>
            </param>
            <param index="1">
              <value>
                <![CDATA[[TestResult name=add_services_types status=SUCCESS method=ServicesTypesTest.add_services_types(java.lang.reflect.Method)[pri:2, instance:Marah.Admin.TestCases.ServicesTypesTest@7e9131d5] output={null}]]]>
              </value>
            </param>
          </params>
          <reporter-output>
          </reporter-output>
        </test-method> <!-- end_method -->
        <test-method signature="delete_services_types(java.lang.reflect.Method)[pri:3, instance:Marah.Admin.TestCases.ServicesTypesTest@7e9131d5]" started-at="2021-07-28T01:59:35 EET" name="delete_services_types" finished-at="2021-07-28T01:59:39 EET" duration-ms="3837" status="PASS">
          <params>
            <param index="0">
              <value>
                <![CDATA[public void Marah.Admin.TestCases.ServicesTypesTest.delete_services_types(java.lang.reflect.Method) throws java.lang.InterruptedException]]>
              </value>
            </param>
          </params>
          <reporter-output>
          </reporter-output>
        </test-method> <!-- delete_services_types -->
        <test-method is-config="true" signature="set_up(java.lang.reflect.Method)[pri:0, instance:Marah.Admin.TestCases.ServicesTypesTest@7e9131d5]" started-at="2021-07-28T01:59:35 EET" name="set_up" finished-at="2021-07-28T01:59:35 EET" duration-ms="0" status="PASS">
          <params>
            <param index="0">
              <value>
                <![CDATA[public void Marah.Admin.TestCases.ServicesTypesTest.delete_services_types(java.lang.reflect.Method) throws java.lang.InterruptedException]]>
              </value>
            </param>
          </params>
          <reporter-output>
          </reporter-output>
        </test-method> <!-- set_up -->
        <test-method is-config="true" signature="end_method(java.lang.reflect.Method, org.testng.ITestResult)[pri:0, instance:Marah.Admin.TestCases.ServicesTypesTest@7e9131d5]" started-at="2021-07-28T01:59:39 EET" name="end_method" finished-at="2021-07-28T01:59:39 EET" duration-ms="1" status="PASS">
          <params>
            <param index="0">
              <value>
                <![CDATA[public void Marah.Admin.TestCases.ServicesTypesTest.delete_services_types(java.lang.reflect.Method) throws java.lang.InterruptedException]]>
              </value>
            </param>
            <param index="1">
              <value>
                <![CDATA[[TestResult name=delete_services_types status=SUCCESS method=ServicesTypesTest.delete_services_types(java.lang.reflect.Method)[pri:3, instance:Marah.Admin.TestCases.ServicesTypesTest@7e9131d5] output={null}]]]>
              </value>
            </param>
          </params>
          <reporter-output>
          </reporter-output>
        </test-method> <!-- end_method -->
        <test-method is-config="true" signature="set_up(java.lang.reflect.Method)[pri:0, instance:Marah.Admin.TestCases.ServicesTypesTest@7e9131d5]" started-at="2021-07-28T01:59:39 EET" name="set_up" finished-at="2021-07-28T01:59:39 EET" duration-ms="1" status="PASS">
          <params>
            <param index="0">
              <value>
                <![CDATA[public void Marah.Admin.TestCases.ServicesTypesTest.add_empty_field(java.lang.reflect.Method)]]>
              </value>
            </param>
          </params>
          <reporter-output>
          </reporter-output>
        </test-method> <!-- set_up -->
        <test-method signature="add_empty_field(java.lang.reflect.Method)[pri:4, instance:Marah.Admin.TestCases.ServicesTypesTest@7e9131d5]" started-at="2021-07-28T01:59:39 EET" name="add_empty_field" finished-at="2021-07-28T01:59:40 EET" duration-ms="1156" status="PASS">
          <params>
            <param index="0">
              <value>
                <![CDATA[public void Marah.Admin.TestCases.ServicesTypesTest.add_empty_field(java.lang.reflect.Method)]]>
              </value>
            </param>
          </params>
          <reporter-output>
          </reporter-output>
        </test-method> <!-- add_empty_field -->
        <test-method is-config="true" signature="end_method(java.lang.reflect.Method, org.testng.ITestResult)[pri:0, instance:Marah.Admin.TestCases.ServicesTypesTest@7e9131d5]" started-at="2021-07-28T01:59:40 EET" name="end_method" finished-at="2021-07-28T01:59:40 EET" duration-ms="0" status="PASS">
          <params>
            <param index="0">
              <value>
                <![CDATA[public void Marah.Admin.TestCases.ServicesTypesTest.add_empty_field(java.lang.reflect.Method)]]>
              </value>
            </param>
            <param index="1">
              <value>
                <![CDATA[[TestResult name=add_empty_field status=SUCCESS method=ServicesTypesTest.add_empty_field(java.lang.reflect.Method)[pri:4, instance:Marah.Admin.TestCases.ServicesTypesTest@7e9131d5] output={null}]]]>
              </value>
            </param>
          </params>
          <reporter-output>
          </reporter-output>
        </test-method> <!-- end_method -->
        <test-method is-config="true" signature="set_up(java.lang.reflect.Method)[pri:0, instance:Marah.Admin.TestCases.ServicesTypesTest@7e9131d5]" started-at="2021-07-28T01:59:40 EET" name="set_up" finished-at="2021-07-28T01:59:40 EET" duration-ms="1" status="PASS">
          <params>
            <param index="0">
              <value>
                <![CDATA[public void Marah.Admin.TestCases.ServicesTypesTest.edit_services_types(java.lang.reflect.Method)]]>
              </value>
            </param>
          </params>
          <reporter-output>
          </reporter-output>
        </test-method> <!-- set_up -->
        <test-method signature="edit_services_types(java.lang.reflect.Method)[pri:5, instance:Marah.Admin.TestCases.ServicesTypesTest@7e9131d5]" started-at="2021-07-28T01:59:40 EET" name="edit_services_types" finished-at="2021-07-28T01:59:44 EET" duration-ms="3986" status="PASS">
          <params>
            <param index="0">
              <value>
                <![CDATA[public void Marah.Admin.TestCases.ServicesTypesTest.edit_services_types(java.lang.reflect.Method)]]>
              </value>
            </param>
          </params>
          <reporter-output>
          </reporter-output>
        </test-method> <!-- edit_services_types -->
        <test-method is-config="true" signature="end_method(java.lang.reflect.Method, org.testng.ITestResult)[pri:0, instance:Marah.Admin.TestCases.ServicesTypesTest@7e9131d5]" started-at="2021-07-28T01:59:44 EET" name="end_method" finished-at="2021-07-28T01:59:44 EET" duration-ms="0" status="PASS">
          <params>
            <param index="0">
              <value>
                <![CDATA[public void Marah.Admin.TestCases.ServicesTypesTest.edit_services_types(java.lang.reflect.Method)]]>
              </value>
            </param>
            <param index="1">
              <value>
                <![CDATA[[TestResult name=edit_services_types status=SUCCESS method=ServicesTypesTest.edit_services_types(java.lang.reflect.Method)[pri:5, instance:Marah.Admin.TestCases.ServicesTypesTest@7e9131d5] output={null}]]]>
              </value>
            </param>
          </params>
          <reporter-output>
          </reporter-output>
        </test-method> <!-- end_method -->
      </class> <!-- Marah.Admin.TestCases.ServicesTypesTest -->
      <class name="Marah.Admin.TestCases.SuggestionPageTest">
        <test-method signature="go_to_Suggestion_page(java.lang.reflect.Method)[pri:1, instance:Marah.Admin.TestCases.SuggestionPageTest@2525ff7e]" started-at="2021-07-28T02:01:08 EET" name="go_to_Suggestion_page" finished-at="2021-07-28T02:01:09 EET" duration-ms="1085" status="PASS">
          <params>
            <param index="0">
              <value>
                <![CDATA[public void Marah.Admin.TestCases.SuggestionPageTest.go_to_Suggestion_page(java.lang.reflect.Method)]]>
              </value>
            </param>
          </params>
          <reporter-output>
          </reporter-output>
        </test-method> <!-- go_to_Suggestion_page -->
        <test-method signature="add_suggestion(java.lang.reflect.Method)[pri:2, instance:Marah.Admin.TestCases.SuggestionPageTest@2525ff7e]" started-at="2021-07-28T02:01:09 EET" name="add_suggestion" finished-at="2021-07-28T02:01:14 EET" duration-ms="4701" status="PASS">
          <params>
            <param index="0">
              <value>
                <![CDATA[public void Marah.Admin.TestCases.SuggestionPageTest.add_suggestion(java.lang.reflect.Method) throws java.lang.InterruptedException]]>
              </value>
            </param>
          </params>
          <reporter-output>
          </reporter-output>
        </test-method> <!-- add_suggestion -->
        <test-method signature="edit_suggestion(java.lang.reflect.Method)[pri:3, instance:Marah.Admin.TestCases.SuggestionPageTest@2525ff7e]" started-at="2021-07-28T02:01:14 EET" name="edit_suggestion" finished-at="2021-07-28T02:01:22 EET" duration-ms="8723" status="PASS">
          <params>
            <param index="0">
              <value>
                <![CDATA[public void Marah.Admin.TestCases.SuggestionPageTest.edit_suggestion(java.lang.reflect.Method) throws java.lang.InterruptedException]]>
              </value>
            </param>
          </params>
          <reporter-output>
          </reporter-output>
        </test-method> <!-- edit_suggestion -->
        <test-method signature="delete_suggestion(java.lang.reflect.Method)[pri:4, instance:Marah.Admin.TestCases.SuggestionPageTest@2525ff7e]" started-at="2021-07-28T02:01:22 EET" name="delete_suggestion" finished-at="2021-07-28T02:01:29 EET" duration-ms="6756" status="PASS">
          <params>
            <param index="0">
              <value>
                <![CDATA[public void Marah.Admin.TestCases.SuggestionPageTest.delete_suggestion(java.lang.reflect.Method) throws java.lang.InterruptedException]]>
              </value>
            </param>
          </params>
          <reporter-output>
          </reporter-output>
        </test-method> <!-- delete_suggestion -->
        <test-method signature="add_suggetion_without_name(java.lang.reflect.Method)[pri:5, instance:Marah.Admin.TestCases.SuggestionPageTest@2525ff7e]" started-at="2021-07-28T02:01:29 EET" name="add_suggetion_without_name" finished-at="2021-07-28T02:01:33 EET" duration-ms="3763" status="PASS">
          <params>
            <param index="0">
              <value>
                <![CDATA[public void Marah.Admin.TestCases.SuggestionPageTest.add_suggetion_without_name(java.lang.reflect.Method) throws java.lang.InterruptedException]]>
              </value>
            </param>
          </params>
          <reporter-output>
          </reporter-output>
        </test-method> <!-- add_suggetion_without_name -->
      </class> <!-- Marah.Admin.TestCases.SuggestionPageTest -->
      <class name="Marah.Admin.TestCases.EventsPageTest">
        <test-method is-config="true" signature="set_up(java.lang.reflect.Method)[pri:0, instance:Marah.Admin.TestCases.EventsPageTest@61d6015a]" started-at="2021-07-28T02:00:34 EET" name="set_up" finished-at="2021-07-28T02:00:34 EET" duration-ms="1" status="PASS">
          <params>
            <param index="0">
              <value>
                <![CDATA[public void Marah.Admin.TestCases.EventsPageTest.go_to_Events_page(java.lang.reflect.Method) throws java.lang.InterruptedException]]>
              </value>
            </param>
          </params>
          <reporter-output>
          </reporter-output>
        </test-method> <!-- set_up -->
        <test-method signature="go_to_Events_page(java.lang.reflect.Method)[pri:1, instance:Marah.Admin.TestCases.EventsPageTest@61d6015a]" started-at="2021-07-28T02:00:34 EET" name="go_to_Events_page" finished-at="2021-07-28T02:00:35 EET" duration-ms="725" status="PASS">
          <params>
            <param index="0">
              <value>
                <![CDATA[public void Marah.Admin.TestCases.EventsPageTest.go_to_Events_page(java.lang.reflect.Method) throws java.lang.InterruptedException]]>
              </value>
            </param>
          </params>
          <reporter-output>
          </reporter-output>
        </test-method> <!-- go_to_Events_page -->
        <test-method is-config="true" signature="end_method(java.lang.reflect.Method, org.testng.ITestResult)[pri:0, instance:Marah.Admin.TestCases.EventsPageTest@61d6015a]" started-at="2021-07-28T02:00:35 EET" name="end_method" finished-at="2021-07-28T02:00:35 EET" duration-ms="1" status="PASS">
          <params>
            <param index="0">
              <value>
                <![CDATA[public void Marah.Admin.TestCases.EventsPageTest.go_to_Events_page(java.lang.reflect.Method) throws java.lang.InterruptedException]]>
              </value>
            </param>
            <param index="1">
              <value>
                <![CDATA[[TestResult name=go_to_Events_page status=SUCCESS method=EventsPageTest.go_to_Events_page(java.lang.reflect.Method)[pri:1, instance:Marah.Admin.TestCases.EventsPageTest@61d6015a] output={null}]]]>
              </value>
            </param>
          </params>
          <reporter-output>
          </reporter-output>
        </test-method> <!-- end_method -->
        <test-method is-config="true" signature="set_up(java.lang.reflect.Method)[pri:0, instance:Marah.Admin.TestCases.EventsPageTest@61d6015a]" started-at="2021-07-28T02:00:35 EET" name="set_up" finished-at="2021-07-28T02:00:35 EET" duration-ms="1" status="PASS">
          <params>
            <param index="0">
              <value>
                <![CDATA[public void Marah.Admin.TestCases.EventsPageTest.add_event_with_empty(java.lang.reflect.Method) throws java.lang.InterruptedException]]>
              </value>
            </param>
          </params>
          <reporter-output>
          </reporter-output>
        </test-method> <!-- set_up -->
        <test-method signature="add_event_with_empty(java.lang.reflect.Method)[pri:2, instance:Marah.Admin.TestCases.EventsPageTest@61d6015a]" started-at="2021-07-28T02:00:35 EET" name="add_event_with_empty" finished-at="2021-07-28T02:00:40 EET" duration-ms="5443" status="PASS">
          <params>
            <param index="0">
              <value>
                <![CDATA[public void Marah.Admin.TestCases.EventsPageTest.add_event_with_empty(java.lang.reflect.Method) throws java.lang.InterruptedException]]>
              </value>
            </param>
          </params>
          <reporter-output>
          </reporter-output>
        </test-method> <!-- add_event_with_empty -->
        <test-method is-config="true" signature="end_method(java.lang.reflect.Method, org.testng.ITestResult)[pri:0, instance:Marah.Admin.TestCases.EventsPageTest@61d6015a]" started-at="2021-07-28T02:00:40 EET" name="end_method" finished-at="2021-07-28T02:00:40 EET" duration-ms="1" status="PASS">
          <params>
            <param index="0">
              <value>
                <![CDATA[public void Marah.Admin.TestCases.EventsPageTest.add_event_with_empty(java.lang.reflect.Method) throws java.lang.InterruptedException]]>
              </value>
            </param>
            <param index="1">
              <value>
                <![CDATA[[TestResult name=add_event_with_empty status=SUCCESS method=EventsPageTest.add_event_with_empty(java.lang.reflect.Method)[pri:2, instance:Marah.Admin.TestCases.EventsPageTest@61d6015a] output={null}]]]>
              </value>
            </param>
          </params>
          <reporter-output>
          </reporter-output>
        </test-method> <!-- end_method -->
        <test-method is-config="true" signature="set_up(java.lang.reflect.Method)[pri:0, instance:Marah.Admin.TestCases.EventsPageTest@61d6015a]" started-at="2021-07-28T02:00:40 EET" name="set_up" finished-at="2021-07-28T02:00:40 EET" duration-ms="0" status="PASS">
          <params>
            <param index="0">
              <value>
                <![CDATA[public void Marah.Admin.TestCases.EventsPageTest.add_eventwith_name_only(java.lang.reflect.Method)]]>
              </value>
            </param>
          </params>
          <reporter-output>
          </reporter-output>
        </test-method> <!-- set_up -->
        <test-method signature="add_eventwith_name_only(java.lang.reflect.Method)[pri:3, instance:Marah.Admin.TestCases.EventsPageTest@61d6015a]" started-at="2021-07-28T02:00:40 EET" name="add_eventwith_name_only" finished-at="2021-07-28T02:00:43 EET" duration-ms="3015" status="PASS">
          <params>
            <param index="0">
              <value>
                <![CDATA[public void Marah.Admin.TestCases.EventsPageTest.add_eventwith_name_only(java.lang.reflect.Method)]]>
              </value>
            </param>
          </params>
          <reporter-output>
          </reporter-output>
        </test-method> <!-- add_eventwith_name_only -->
        <test-method is-config="true" signature="end_method(java.lang.reflect.Method, org.testng.ITestResult)[pri:0, instance:Marah.Admin.TestCases.EventsPageTest@61d6015a]" started-at="2021-07-28T02:00:43 EET" name="end_method" finished-at="2021-07-28T02:00:43 EET" duration-ms="0" status="PASS">
          <params>
            <param index="0">
              <value>
                <![CDATA[public void Marah.Admin.TestCases.EventsPageTest.add_eventwith_name_only(java.lang.reflect.Method)]]>
              </value>
            </param>
            <param index="1">
              <value>
                <![CDATA[[TestResult name=add_eventwith_name_only status=SUCCESS method=EventsPageTest.add_eventwith_name_only(java.lang.reflect.Method)[pri:3, instance:Marah.Admin.TestCases.EventsPageTest@61d6015a] output={null}]]]>
              </value>
            </param>
          </params>
          <reporter-output>
          </reporter-output>
        </test-method> <!-- end_method -->
        <test-method is-config="true" signature="set_up(java.lang.reflect.Method)[pri:0, instance:Marah.Admin.TestCases.EventsPageTest@61d6015a]" started-at="2021-07-28T02:00:43 EET" name="set_up" finished-at="2021-07-28T02:00:43 EET" duration-ms="0" status="PASS">
          <params>
            <param index="0">
              <value>
                <![CDATA[public void Marah.Admin.TestCases.EventsPageTest.add_event_with_invalid_date(java.lang.reflect.Method) throws java.lang.InterruptedException]]>
              </value>
            </param>
          </params>
          <reporter-output>
          </reporter-output>
        </test-method> <!-- set_up -->
        <test-method signature="add_event_with_invalid_date(java.lang.reflect.Method)[pri:4, instance:Marah.Admin.TestCases.EventsPageTest@61d6015a]" started-at="2021-07-28T02:00:43 EET" name="add_event_with_invalid_date" finished-at="2021-07-28T02:00:49 EET" duration-ms="5340" status="FAIL">
          <params>
            <param index="0">
              <value>
                <![CDATA[public void Marah.Admin.TestCases.EventsPageTest.add_event_with_invalid_date(java.lang.reflect.Method) throws java.lang.InterruptedException]]>
              </value>
            </param>
          </params>
          <exception class="org.openqa.selenium.NoSuchElementException">
            <message>
              <![CDATA[no such element: Unable to locate element: {"method":"xpath","selector":"*//*[@class='alert alert-danger']/ul/li[1]"}
  (Session info: chrome=92.0.4515.107)
For documentation on this error, please visit: https://www.seleniumhq.org/exceptions/no_such_element.html
Build info: version: '3.141.59', revision: 'e82be7d358', time: '2018-11-14T08:17:03'
System info: host: 'DESKTOP-6D8D7QH', ip: '192.168.1.2', os.name: 'Windows 10', os.arch: 'amd64', os.version: '10.0', java.version: '11.0.8'
Driver info: org.openqa.selenium.chrome.ChromeDriver
Capabilities {acceptInsecureCerts: false, browserName: chrome, browserVersion: 92.0.4515.107, chrome: {chromedriverVersion: 91.0.4472.101 (af52a90bf870..., userDataDir: C:\Users\tarek\AppData\Loca...}, goog:chromeOptions: {debuggerAddress: localhost:50484}, javascriptEnabled: true, networkConnectionEnabled: false, pageLoadStrategy: normal, platform: WINDOWS, platformName: WINDOWS, proxy: Proxy(), setWindowRect: true, strictFileInteractability: false, timeouts: {implicit: 0, pageLoad: 300000, script: 30000}, unhandledPromptBehavior: dismiss and notify, webauthn:extension:largeBlob: true, webauthn:virtualAuthenticators: true}
Session ID: cc70ba4c212a6a60d47aa0bd50409d9b
*** Element info: {Using=xpath, value=*//*[@class='alert alert-danger']/ul/li[1]}]]>
            </message>
            <full-stacktrace>
              <![CDATA[org.openqa.selenium.NoSuchElementException: no such element: Unable to locate element: {"method":"xpath","selector":"*//*[@class='alert alert-danger']/ul/li[1]"}
  (Session info: chrome=92.0.4515.107)
For documentation on this error, please visit: https://www.seleniumhq.org/exceptions/no_such_element.html
Build info: version: '3.141.59', revision: 'e82be7d358', time: '2018-11-14T08:17:03'
System info: host: 'DESKTOP-6D8D7QH', ip: '192.168.1.2', os.name: 'Windows 10', os.arch: 'amd64', os.version: '10.0', java.version: '11.0.8'
Driver info: org.openqa.selenium.chrome.ChromeDriver
Capabilities {acceptInsecureCerts: false, browserName: chrome, browserVersion: 92.0.4515.107, chrome: {chromedriverVersion: 91.0.4472.101 (af52a90bf870..., userDataDir: C:\Users\tarek\AppData\Loca...}, goog:chromeOptions: {debuggerAddress: localhost:50484}, javascriptEnabled: true, networkConnectionEnabled: false, pageLoadStrategy: normal, platform: WINDOWS, platformName: WINDOWS, proxy: Proxy(), setWindowRect: true, strictFileInteractability: false, timeouts: {implicit: 0, pageLoad: 300000, script: 30000}, unhandledPromptBehavior: dismiss and notify, webauthn:extension:largeBlob: true, webauthn:virtualAuthenticators: true}
Session ID: cc70ba4c212a6a60d47aa0bd50409d9b
*** Element info: {Using=xpath, value=*//*[@class='alert alert-danger']/ul/li[1]}
at java.base/jdk.internal.reflect.NativeConstructorAccessorImpl.newInstance0(Native Method)
at java.base/jdk.internal.reflect.NativeConstructorAccessorImpl.newInstance(NativeConstructorAccessorImpl.java:62)
at java.base/jdk.internal.reflect.DelegatingConstructorAccessorImpl.newInstance(DelegatingConstructorAccessorImpl.java:45)
at java.base/java.lang.reflect.Constructor.newInstance(Constructor.java:490)
at org.openqa.selenium.remote.http.W3CHttpResponseCodec.createException(W3CHttpResponseCodec.java:187)
at org.openqa.selenium.remote.http.W3CHttpResponseCodec.decode(W3CHttpResponseCodec.java:122)
at org.openqa.selenium.remote.http.W3CHttpResponseCodec.decode(W3CHttpResponseCodec.java:49)
at org.openqa.selenium.remote.HttpCommandExecutor.execute(HttpCommandExecutor.java:158)
at org.openqa.selenium.remote.service.DriverCommandExecutor.execute(DriverCommandExecutor.java:83)
at org.openqa.selenium.remote.RemoteWebDriver.execute(RemoteWebDriver.java:552)
at org.openqa.selenium.remote.RemoteWebDriver.findElement(RemoteWebDriver.java:323)
at org.openqa.selenium.remote.RemoteWebDriver.findElementByXPath(RemoteWebDriver.java:428)
at org.openqa.selenium.By$ByXPath.findElement(By.java:353)
at org.openqa.selenium.remote.RemoteWebDriver.findElement(RemoteWebDriver.java:315)
at org.openqa.selenium.support.pagefactory.DefaultElementLocator.findElement(DefaultElementLocator.java:69)
at org.openqa.selenium.support.pagefactory.internal.LocatingElementHandler.invoke(LocatingElementHandler.java:38)
at com.sun.proxy.$Proxy12.getText(Unknown Source)
at Marah.pages.Events.get_alert_message(Events.java:52)
at Marah.Admin.TestCases.EventsPageTest.add_event_with_invalid_date(EventsPageTest.java:93)
at java.base/jdk.internal.reflect.NativeMethodAccessorImpl.invoke0(Native Method)
at java.base/jdk.internal.reflect.NativeMethodAccessorImpl.invoke(NativeMethodAccessorImpl.java:62)
at java.base/jdk.internal.reflect.DelegatingMethodAccessorImpl.invoke(DelegatingMethodAccessorImpl.java:43)
at java.base/java.lang.reflect.Method.invoke(Method.java:566)
at org.testng.internal.MethodInvocationHelper.invokeMethod(MethodInvocationHelper.java:134)
at org.testng.internal.TestInvoker.invokeMethod(TestInvoker.java:597)
at org.testng.internal.TestInvoker.invokeTestMethod(TestInvoker.java:173)
at org.testng.internal.MethodRunner.runInSequence(MethodRunner.java:46)
at org.testng.internal.TestInvoker$MethodInvocationAgent.invoke(TestInvoker.java:816)
at org.testng.internal.TestInvoker.invokeTestMethods(TestInvoker.java:146)
at org.testng.internal.TestMethodWorker.invokeTestMethods(TestMethodWorker.java:146)
at org.testng.internal.TestMethodWorker.run(TestMethodWorker.java:128)
at java.base/java.util.ArrayList.forEach(ArrayList.java:1541)
at org.testng.TestRunner.privateRun(TestRunner.java:766)
at org.testng.TestRunner.run(TestRunner.java:587)
at org.testng.SuiteRunner.runTest(SuiteRunner.java:384)
at org.testng.SuiteRunner.runSequentially(SuiteRunner.java:378)
at org.testng.SuiteRunner.privateRun(SuiteRunner.java:337)
at org.testng.SuiteRunner.run(SuiteRunner.java:286)
at org.testng.SuiteRunnerWorker.runSuite(SuiteRunnerWorker.java:53)
at org.testng.SuiteRunnerWorker.run(SuiteRunnerWorker.java:96)
at org.testng.TestNG.runSuitesSequentially(TestNG.java:1187)
at org.testng.TestNG.runSuitesLocally(TestNG.java:1109)
at org.testng.TestNG.runSuites(TestNG.java:1039)
at org.testng.TestNG.run(TestNG.java:1007)
at org.apache.maven.surefire.testng.TestNGExecutor.run(TestNGExecutor.java:283)
at org.apache.maven.surefire.testng.TestNGXmlTestSuite.execute(TestNGXmlTestSuite.java:75)
at org.apache.maven.surefire.testng.TestNGProvider.invoke(TestNGProvider.java:120)
at org.apache.maven.surefire.booter.ForkedBooter.invokeProviderInSameClassLoader(ForkedBooter.java:383)
at org.apache.maven.surefire.booter.ForkedBooter.runSuitesInProcess(ForkedBooter.java:344)
at org.apache.maven.surefire.booter.ForkedBooter.execute(ForkedBooter.java:125)
at org.apache.maven.surefire.booter.ForkedBooter.main(ForkedBooter.java:417)
]]>
            </full-stacktrace>
          </exception> <!-- org.openqa.selenium.NoSuchElementException -->
          <reporter-output>
          </reporter-output>
        </test-method> <!-- add_event_with_invalid_date -->
        <test-method is-config="true" signature="end_method(java.lang.reflect.Method, org.testng.ITestResult)[pri:0, instance:Marah.Admin.TestCases.EventsPageTest@61d6015a]" started-at="2021-07-28T02:00:49 EET" name="end_method" finished-at="2021-07-28T02:00:49 EET" duration-ms="1" status="PASS">
          <params>
            <param index="0">
              <value>
                <![CDATA[public void Marah.Admin.TestCases.EventsPageTest.add_event_with_invalid_date(java.lang.reflect.Method) throws java.lang.InterruptedException]]>
              </value>
            </param>
            <param index="1">
              <value>
                <![CDATA[[TestResult name=add_event_with_invalid_date status=FAILURE method=EventsPageTest.add_event_with_invalid_date(java.lang.reflect.Method)[pri:4, instance:Marah.Admin.TestCases.EventsPageTest@61d6015a] output={null}]]]>
              </value>
            </param>
          </params>
          <reporter-output>
          </reporter-output>
        </test-method> <!-- end_method -->
        <test-method is-config="true" signature="set_up(java.lang.reflect.Method)[pri:0, instance:Marah.Admin.TestCases.EventsPageTest@61d6015a]" started-at="2021-07-28T02:00:49 EET" name="set_up" finished-at="2021-07-28T02:00:49 EET" duration-ms="1" status="PASS">
          <params>
            <param index="0">
              <value>
                <![CDATA[public void Marah.Admin.TestCases.EventsPageTest.add_event_special_show(java.lang.reflect.Method) throws java.lang.InterruptedException]]>
              </value>
            </param>
          </params>
          <reporter-output>
          </reporter-output>
        </test-method> <!-- set_up -->
        <test-method signature="add_event_special_show(java.lang.reflect.Method)[pri:5, instance:Marah.Admin.TestCases.EventsPageTest@61d6015a]" started-at="2021-07-28T02:00:49 EET" name="add_event_special_show" finished-at="2021-07-28T02:00:56 EET" duration-ms="7771" status="PASS">
          <params>
            <param index="0">
              <value>
                <![CDATA[public void Marah.Admin.TestCases.EventsPageTest.add_event_special_show(java.lang.reflect.Method) throws java.lang.InterruptedException]]>
              </value>
            </param>
          </params>
          <reporter-output>
          </reporter-output>
        </test-method> <!-- add_event_special_show -->
        <test-method is-config="true" signature="end_method(java.lang.reflect.Method, org.testng.ITestResult)[pri:0, instance:Marah.Admin.TestCases.EventsPageTest@61d6015a]" started-at="2021-07-28T02:00:56 EET" name="end_method" finished-at="2021-07-28T02:00:56 EET" duration-ms="1" status="PASS">
          <params>
            <param index="0">
              <value>
                <![CDATA[public void Marah.Admin.TestCases.EventsPageTest.add_event_special_show(java.lang.reflect.Method) throws java.lang.InterruptedException]]>
              </value>
            </param>
            <param index="1">
              <value>
                <![CDATA[[TestResult name=add_event_special_show status=SUCCESS method=EventsPageTest.add_event_special_show(java.lang.reflect.Method)[pri:5, instance:Marah.Admin.TestCases.EventsPageTest@61d6015a] output={null}]]]>
              </value>
            </param>
          </params>
          <reporter-output>
          </reporter-output>
        </test-method> <!-- end_method -->
        <test-method is-config="true" signature="set_up(java.lang.reflect.Method)[pri:0, instance:Marah.Admin.TestCases.EventsPageTest@61d6015a]" started-at="2021-07-28T02:00:56 EET" name="set_up" finished-at="2021-07-28T02:00:56 EET" duration-ms="1" status="PASS">
          <params>
            <param index="0">
              <value>
                <![CDATA[public void Marah.Admin.TestCases.EventsPageTest.add_event_special_price(java.lang.reflect.Method) throws java.lang.InterruptedException]]>
              </value>
            </param>
          </params>
          <reporter-output>
          </reporter-output>
        </test-method> <!-- set_up -->
        <test-method signature="add_event_special_price(java.lang.reflect.Method)[pri:6, instance:Marah.Admin.TestCases.EventsPageTest@61d6015a]" started-at="2021-07-28T02:00:56 EET" name="add_event_special_price" finished-at="2021-07-28T02:01:03 EET" duration-ms="7016" status="PASS">
          <params>
            <param index="0">
              <value>
                <![CDATA[public void Marah.Admin.TestCases.EventsPageTest.add_event_special_price(java.lang.reflect.Method) throws java.lang.InterruptedException]]>
              </value>
            </param>
          </params>
          <reporter-output>
          </reporter-output>
        </test-method> <!-- add_event_special_price -->
        <test-method is-config="true" signature="end_method(java.lang.reflect.Method, org.testng.ITestResult)[pri:0, instance:Marah.Admin.TestCases.EventsPageTest@61d6015a]" started-at="2021-07-28T02:01:03 EET" name="end_method" finished-at="2021-07-28T02:01:03 EET" duration-ms="1" status="PASS">
          <params>
            <param index="0">
              <value>
                <![CDATA[public void Marah.Admin.TestCases.EventsPageTest.add_event_special_price(java.lang.reflect.Method) throws java.lang.InterruptedException]]>
              </value>
            </param>
            <param index="1">
              <value>
                <![CDATA[[TestResult name=add_event_special_price status=SUCCESS method=EventsPageTest.add_event_special_price(java.lang.reflect.Method)[pri:6, instance:Marah.Admin.TestCases.EventsPageTest@61d6015a] output={null}]]]>
              </value>
            </param>
          </params>
          <reporter-output>
          </reporter-output>
        </test-method> <!-- end_method -->
        <test-method is-config="true" signature="set_up(java.lang.reflect.Method)[pri:0, instance:Marah.Admin.TestCases.EventsPageTest@61d6015a]" started-at="2021-07-28T02:01:03 EET" name="set_up" finished-at="2021-07-28T02:01:03 EET" duration-ms="0" status="PASS">
          <params>
            <param index="0">
              <value>
                <![CDATA[public void Marah.Admin.TestCases.EventsPageTest.delete_event(java.lang.reflect.Method) throws java.lang.InterruptedException]]>
              </value>
            </param>
          </params>
          <reporter-output>
          </reporter-output>
        </test-method> <!-- set_up -->
        <test-method signature="delete_event(java.lang.reflect.Method)[pri:7, instance:Marah.Admin.TestCases.EventsPageTest@61d6015a]" started-at="2021-07-28T02:01:03 EET" name="delete_event" finished-at="2021-07-28T02:01:08 EET" duration-ms="4456" status="PASS">
          <params>
            <param index="0">
              <value>
                <![CDATA[public void Marah.Admin.TestCases.EventsPageTest.delete_event(java.lang.reflect.Method) throws java.lang.InterruptedException]]>
              </value>
            </param>
          </params>
          <reporter-output>
          </reporter-output>
        </test-method> <!-- delete_event -->
        <test-method is-config="true" signature="end_method(java.lang.reflect.Method, org.testng.ITestResult)[pri:0, instance:Marah.Admin.TestCases.EventsPageTest@61d6015a]" started-at="2021-07-28T02:01:08 EET" name="end_method" finished-at="2021-07-28T02:01:08 EET" duration-ms="1" status="PASS">
          <params>
            <param index="0">
              <value>
                <![CDATA[public void Marah.Admin.TestCases.EventsPageTest.delete_event(java.lang.reflect.Method) throws java.lang.InterruptedException]]>
              </value>
            </param>
            <param index="1">
              <value>
                <![CDATA[[TestResult name=delete_event status=SUCCESS method=EventsPageTest.delete_event(java.lang.reflect.Method)[pri:7, instance:Marah.Admin.TestCases.EventsPageTest@61d6015a] output={null}]]]>
              </value>
            </param>
          </params>
          <reporter-output>
          </reporter-output>
        </test-method> <!-- end_method -->
      </class> <!-- Marah.Admin.TestCases.EventsPageTest -->
      <class name="Marah.Admin.TestCases.UsersTest">
        <test-method is-config="true" signature="set_up(java.lang.reflect.Method)[pri:0, instance:Marah.Admin.TestCases.UsersTest@f381794]" started-at="2021-07-28T01:58:19 EET" name="set_up" finished-at="2021-07-28T01:58:19 EET" duration-ms="0" status="PASS">
          <params>
            <param index="0">
              <value>
                <![CDATA[public void Marah.Admin.TestCases.UsersTest.go_to_Users_page(java.lang.reflect.Method)]]>
              </value>
            </param>
          </params>
          <reporter-output>
          </reporter-output>
        </test-method> <!-- set_up -->
        <test-method signature="go_to_Users_page(java.lang.reflect.Method)[pri:1, instance:Marah.Admin.TestCases.UsersTest@f381794]" started-at="2021-07-28T01:58:19 EET" name="go_to_Users_page" finished-at="2021-07-28T01:58:21 EET" duration-ms="1991" status="PASS">
          <params>
            <param index="0">
              <value>
                <![CDATA[public void Marah.Admin.TestCases.UsersTest.go_to_Users_page(java.lang.reflect.Method)]]>
              </value>
            </param>
          </params>
          <reporter-output>
          </reporter-output>
        </test-method> <!-- go_to_Users_page -->
        <test-method is-config="true" signature="end_method(java.lang.reflect.Method, org.testng.ITestResult)[pri:0, instance:Marah.Admin.TestCases.UsersTest@f381794]" started-at="2021-07-28T01:58:21 EET" name="end_method" finished-at="2021-07-28T01:58:21 EET" duration-ms="1" status="PASS">
          <params>
            <param index="0">
              <value>
                <![CDATA[public void Marah.Admin.TestCases.UsersTest.go_to_Users_page(java.lang.reflect.Method)]]>
              </value>
            </param>
            <param index="1">
              <value>
                <![CDATA[[TestResult name=go_to_Users_page status=SUCCESS method=UsersTest.go_to_Users_page(java.lang.reflect.Method)[pri:1, instance:Marah.Admin.TestCases.UsersTest@f381794] output={null}]]]>
              </value>
            </param>
          </params>
          <reporter-output>
          </reporter-output>
        </test-method> <!-- end_method -->
        <test-method is-config="true" signature="set_up(java.lang.reflect.Method)[pri:0, instance:Marah.Admin.TestCases.UsersTest@f381794]" started-at="2021-07-28T01:58:21 EET" name="set_up" finished-at="2021-07-28T01:58:21 EET" duration-ms="1" status="PASS">
          <params>
            <param index="0">
              <value>
                <![CDATA[public void Marah.Admin.TestCases.UsersTest.add_user_with_empty(java.lang.reflect.Method) throws java.lang.InterruptedException]]>
              </value>
            </param>
          </params>
          <reporter-output>
          </reporter-output>
        </test-method> <!-- set_up -->
        <test-method signature="add_user_with_empty(java.lang.reflect.Method)[pri:2, instance:Marah.Admin.TestCases.UsersTest@f381794]" started-at="2021-07-28T01:58:21 EET" name="add_user_with_empty" finished-at="2021-07-28T01:58:27 EET" duration-ms="5961" status="PASS">
          <params>
            <param index="0">
              <value>
                <![CDATA[public void Marah.Admin.TestCases.UsersTest.add_user_with_empty(java.lang.reflect.Method) throws java.lang.InterruptedException]]>
              </value>
            </param>
          </params>
          <reporter-output>
          </reporter-output>
        </test-method> <!-- add_user_with_empty -->
        <test-method is-config="true" signature="end_method(java.lang.reflect.Method, org.testng.ITestResult)[pri:0, instance:Marah.Admin.TestCases.UsersTest@f381794]" started-at="2021-07-28T01:58:27 EET" name="end_method" finished-at="2021-07-28T01:58:27 EET" duration-ms="1" status="PASS">
          <params>
            <param index="0">
              <value>
                <![CDATA[public void Marah.Admin.TestCases.UsersTest.add_user_with_empty(java.lang.reflect.Method) throws java.lang.InterruptedException]]>
              </value>
            </param>
            <param index="1">
              <value>
                <![CDATA[[TestResult name=add_user_with_empty status=SUCCESS method=UsersTest.add_user_with_empty(java.lang.reflect.Method)[pri:2, instance:Marah.Admin.TestCases.UsersTest@f381794] output={null}]]]>
              </value>
            </param>
          </params>
          <reporter-output>
          </reporter-output>
        </test-method> <!-- end_method -->
        <test-method is-config="true" signature="set_up(java.lang.reflect.Method)[pri:0, instance:Marah.Admin.TestCases.UsersTest@f381794]" started-at="2021-07-28T01:58:27 EET" name="set_up" finished-at="2021-07-28T01:58:27 EET" duration-ms="1" status="PASS">
          <params>
            <param index="0">
              <value>
                <![CDATA[public void Marah.Admin.TestCases.UsersTest.add_user_admin(java.lang.reflect.Method) throws java.lang.InterruptedException]]>
              </value>
            </param>
          </params>
          <reporter-output>
          </reporter-output>
        </test-method> <!-- set_up -->
        <test-method signature="add_user_admin(java.lang.reflect.Method)[pri:3, instance:Marah.Admin.TestCases.UsersTest@f381794]" started-at="2021-07-28T01:58:27 EET" name="add_user_admin" finished-at="2021-07-28T01:58:34 EET" duration-ms="6743" status="FAIL">
          <params>
            <param index="0">
              <value>
                <![CDATA[public void Marah.Admin.TestCases.UsersTest.add_user_admin(java.lang.reflect.Method) throws java.lang.InterruptedException]]>
              </value>
            </param>
          </params>
          <exception class="org.openqa.selenium.NoSuchElementException">
            <message>
              <![CDATA[no such element: Unable to locate element: {"method":"xpath","selector":"/html/body/div[3]/div/div"}
  (Session info: chrome=92.0.4515.107)
For documentation on this error, please visit: https://www.seleniumhq.org/exceptions/no_such_element.html
Build info: version: '3.141.59', revision: 'e82be7d358', time: '2018-11-14T08:17:03'
System info: host: 'DESKTOP-6D8D7QH', ip: '192.168.1.2', os.name: 'Windows 10', os.arch: 'amd64', os.version: '10.0', java.version: '11.0.8'
Driver info: org.openqa.selenium.chrome.ChromeDriver
Capabilities {acceptInsecureCerts: false, browserName: chrome, browserVersion: 92.0.4515.107, chrome: {chromedriverVersion: 91.0.4472.101 (af52a90bf870..., userDataDir: C:\Users\tarek\AppData\Loca...}, goog:chromeOptions: {debuggerAddress: localhost:50484}, javascriptEnabled: true, networkConnectionEnabled: false, pageLoadStrategy: normal, platform: WINDOWS, platformName: WINDOWS, proxy: Proxy(), setWindowRect: true, strictFileInteractability: false, timeouts: {implicit: 0, pageLoad: 300000, script: 30000}, unhandledPromptBehavior: dismiss and notify, webauthn:extension:largeBlob: true, webauthn:virtualAuthenticators: true}
Session ID: cc70ba4c212a6a60d47aa0bd50409d9b
*** Element info: {Using=xpath, value=/html/body/div[3]/div/div}]]>
            </message>
            <full-stacktrace>
              <![CDATA[org.openqa.selenium.NoSuchElementException: no such element: Unable to locate element: {"method":"xpath","selector":"/html/body/div[3]/div/div"}
  (Session info: chrome=92.0.4515.107)
For documentation on this error, please visit: https://www.seleniumhq.org/exceptions/no_such_element.html
Build info: version: '3.141.59', revision: 'e82be7d358', time: '2018-11-14T08:17:03'
System info: host: 'DESKTOP-6D8D7QH', ip: '192.168.1.2', os.name: 'Windows 10', os.arch: 'amd64', os.version: '10.0', java.version: '11.0.8'
Driver info: org.openqa.selenium.chrome.ChromeDriver
Capabilities {acceptInsecureCerts: false, browserName: chrome, browserVersion: 92.0.4515.107, chrome: {chromedriverVersion: 91.0.4472.101 (af52a90bf870..., userDataDir: C:\Users\tarek\AppData\Loca...}, goog:chromeOptions: {debuggerAddress: localhost:50484}, javascriptEnabled: true, networkConnectionEnabled: false, pageLoadStrategy: normal, platform: WINDOWS, platformName: WINDOWS, proxy: Proxy(), setWindowRect: true, strictFileInteractability: false, timeouts: {implicit: 0, pageLoad: 300000, script: 30000}, unhandledPromptBehavior: dismiss and notify, webauthn:extension:largeBlob: true, webauthn:virtualAuthenticators: true}
Session ID: cc70ba4c212a6a60d47aa0bd50409d9b
*** Element info: {Using=xpath, value=/html/body/div[3]/div/div}
at java.base/jdk.internal.reflect.NativeConstructorAccessorImpl.newInstance0(Native Method)
at java.base/jdk.internal.reflect.NativeConstructorAccessorImpl.newInstance(NativeConstructorAccessorImpl.java:62)
at java.base/jdk.internal.reflect.DelegatingConstructorAccessorImpl.newInstance(DelegatingConstructorAccessorImpl.java:45)
at java.base/java.lang.reflect.Constructor.newInstance(Constructor.java:490)
at org.openqa.selenium.remote.http.W3CHttpResponseCodec.createException(W3CHttpResponseCodec.java:187)
at org.openqa.selenium.remote.http.W3CHttpResponseCodec.decode(W3CHttpResponseCodec.java:122)
at org.openqa.selenium.remote.http.W3CHttpResponseCodec.decode(W3CHttpResponseCodec.java:49)
at org.openqa.selenium.remote.HttpCommandExecutor.execute(HttpCommandExecutor.java:158)
at org.openqa.selenium.remote.service.DriverCommandExecutor.execute(DriverCommandExecutor.java:83)
at org.openqa.selenium.remote.RemoteWebDriver.execute(RemoteWebDriver.java:552)
at org.openqa.selenium.remote.RemoteWebDriver.findElement(RemoteWebDriver.java:323)
at org.openqa.selenium.remote.RemoteWebDriver.findElementByXPath(RemoteWebDriver.java:428)
at org.openqa.selenium.By$ByXPath.findElement(By.java:353)
at org.openqa.selenium.remote.RemoteWebDriver.findElement(RemoteWebDriver.java:315)
at org.openqa.selenium.support.pagefactory.DefaultElementLocator.findElement(DefaultElementLocator.java:69)
at org.openqa.selenium.support.pagefactory.internal.LocatingElementHandler.invoke(LocatingElementHandler.java:38)
at com.sun.proxy.$Proxy12.getAttribute(Unknown Source)
at Marah.pages.ServicesTypes.getmessage(ServicesTypes.java:74)
at Marah.Admin.TestCases.UsersTest.add_user_admin(UsersTest.java:79)
at java.base/jdk.internal.reflect.NativeMethodAccessorImpl.invoke0(Native Method)
at java.base/jdk.internal.reflect.NativeMethodAccessorImpl.invoke(NativeMethodAccessorImpl.java:62)
at java.base/jdk.internal.reflect.DelegatingMethodAccessorImpl.invoke(DelegatingMethodAccessorImpl.java:43)
at java.base/java.lang.reflect.Method.invoke(Method.java:566)
at org.testng.internal.MethodInvocationHelper.invokeMethod(MethodInvocationHelper.java:134)
at org.testng.internal.TestInvoker.invokeMethod(TestInvoker.java:597)
at org.testng.internal.TestInvoker.invokeTestMethod(TestInvoker.java:173)
at org.testng.internal.MethodRunner.runInSequence(MethodRunner.java:46)
at org.testng.internal.TestInvoker$MethodInvocationAgent.invoke(TestInvoker.java:816)
at org.testng.internal.TestInvoker.invokeTestMethods(TestInvoker.java:146)
at org.testng.internal.TestMethodWorker.invokeTestMethods(TestMethodWorker.java:146)
at org.testng.internal.TestMethodWorker.run(TestMethodWorker.java:128)
at java.base/java.util.ArrayList.forEach(ArrayList.java:1541)
at org.testng.TestRunner.privateRun(TestRunner.java:766)
at org.testng.TestRunner.run(TestRunner.java:587)
at org.testng.SuiteRunner.runTest(SuiteRunner.java:384)
at org.testng.SuiteRunner.runSequentially(SuiteRunner.java:378)
at org.testng.SuiteRunner.privateRun(SuiteRunner.java:337)
at org.testng.SuiteRunner.run(SuiteRunner.java:286)
at org.testng.SuiteRunnerWorker.runSuite(SuiteRunnerWorker.java:53)
at org.testng.SuiteRunnerWorker.run(SuiteRunnerWorker.java:96)
at org.testng.TestNG.runSuitesSequentially(TestNG.java:1187)
at org.testng.TestNG.runSuitesLocally(TestNG.java:1109)
at org.testng.TestNG.runSuites(TestNG.java:1039)
at org.testng.TestNG.run(TestNG.java:1007)
at org.apache.maven.surefire.testng.TestNGExecutor.run(TestNGExecutor.java:283)
at org.apache.maven.surefire.testng.TestNGXmlTestSuite.execute(TestNGXmlTestSuite.java:75)
at org.apache.maven.surefire.testng.TestNGProvider.invoke(TestNGProvider.java:120)
at org.apache.maven.surefire.booter.ForkedBooter.invokeProviderInSameClassLoader(ForkedBooter.java:383)
at org.apache.maven.surefire.booter.ForkedBooter.runSuitesInProcess(ForkedBooter.java:344)
at org.apache.maven.surefire.booter.ForkedBooter.execute(ForkedBooter.java:125)
at org.apache.maven.surefire.booter.ForkedBooter.main(ForkedBooter.java:417)
]]>
            </full-stacktrace>
          </exception> <!-- org.openqa.selenium.NoSuchElementException -->
          <reporter-output>
          </reporter-output>
        </test-method> <!-- add_user_admin -->
        <test-method is-config="true" signature="end_method(java.lang.reflect.Method, org.testng.ITestResult)[pri:0, instance:Marah.Admin.TestCases.UsersTest@f381794]" started-at="2021-07-28T01:58:34 EET" name="end_method" finished-at="2021-07-28T01:58:34 EET" duration-ms="0" status="PASS">
          <params>
            <param index="0">
              <value>
                <![CDATA[public void Marah.Admin.TestCases.UsersTest.add_user_admin(java.lang.reflect.Method) throws java.lang.InterruptedException]]>
              </value>
            </param>
            <param index="1">
              <value>
                <![CDATA[[TestResult name=add_user_admin status=FAILURE method=UsersTest.add_user_admin(java.lang.reflect.Method)[pri:3, instance:Marah.Admin.TestCases.UsersTest@f381794] output={null}]]]>
              </value>
            </param>
          </params>
          <reporter-output>
          </reporter-output>
        </test-method> <!-- end_method -->
        <test-method signature="add_user_center_admin(java.lang.reflect.Method)[pri:4, instance:Marah.Admin.TestCases.UsersTest@f381794]" started-at="2021-07-28T01:58:34 EET" name="add_user_center_admin" finished-at="2021-07-28T01:58:42 EET" duration-ms="8054" status="PASS">
          <params>
            <param index="0">
              <value>
                <![CDATA[public void Marah.Admin.TestCases.UsersTest.add_user_center_admin(java.lang.reflect.Method) throws java.lang.InterruptedException]]>
              </value>
            </param>
          </params>
          <reporter-output>
          </reporter-output>
        </test-method> <!-- add_user_center_admin -->
        <test-method is-config="true" signature="set_up(java.lang.reflect.Method)[pri:0, instance:Marah.Admin.TestCases.UsersTest@f381794]" started-at="2021-07-28T01:58:34 EET" name="set_up" finished-at="2021-07-28T01:58:34 EET" duration-ms="0" status="PASS">
          <params>
            <param index="0">
              <value>
                <![CDATA[public void Marah.Admin.TestCases.UsersTest.add_user_center_admin(java.lang.reflect.Method) throws java.lang.InterruptedException]]>
              </value>
            </param>
          </params>
          <reporter-output>
          </reporter-output>
        </test-method> <!-- set_up -->
        <test-method is-config="true" signature="end_method(java.lang.reflect.Method, org.testng.ITestResult)[pri:0, instance:Marah.Admin.TestCases.UsersTest@f381794]" started-at="2021-07-28T01:58:42 EET" name="end_method" finished-at="2021-07-28T01:58:42 EET" duration-ms="0" status="PASS">
          <params>
            <param index="0">
              <value>
                <![CDATA[public void Marah.Admin.TestCases.UsersTest.add_user_center_admin(java.lang.reflect.Method) throws java.lang.InterruptedException]]>
              </value>
            </param>
            <param index="1">
              <value>
                <![CDATA[[TestResult name=add_user_center_admin status=SUCCESS method=UsersTest.add_user_center_admin(java.lang.reflect.Method)[pri:4, instance:Marah.Admin.TestCases.UsersTest@f381794] output={null}]]]>
              </value>
            </param>
          </params>
          <reporter-output>
          </reporter-output>
        </test-method> <!-- end_method -->
        <test-method is-config="true" signature="set_up(java.lang.reflect.Method)[pri:0, instance:Marah.Admin.TestCases.UsersTest@f381794]" started-at="2021-07-28T01:58:42 EET" name="set_up" finished-at="2021-07-28T01:58:42 EET" duration-ms="1" status="PASS">
          <params>
            <param index="0">
              <value>
                <![CDATA[public void Marah.Admin.TestCases.UsersTest.add_user_technical_support(java.lang.reflect.Method) throws java.lang.InterruptedException]]>
              </value>
            </param>
          </params>
          <reporter-output>
          </reporter-output>
        </test-method> <!-- set_up -->
        <test-method signature="add_user_technical_support(java.lang.reflect.Method)[pri:5, instance:Marah.Admin.TestCases.UsersTest@f381794]" started-at="2021-07-28T01:58:42 EET" name="add_user_technical_support" finished-at="2021-07-28T01:58:48 EET" duration-ms="5935" status="FAIL">
          <params>
            <param index="0">
              <value>
                <![CDATA[public void Marah.Admin.TestCases.UsersTest.add_user_technical_support(java.lang.reflect.Method) throws java.lang.InterruptedException]]>
              </value>
            </param>
          </params>
          <exception class="org.openqa.selenium.NoSuchElementException">
            <message>
              <![CDATA[no such element: Unable to locate element: {"method":"xpath","selector":"/html/body/div[3]/div/div"}
  (Session info: chrome=92.0.4515.107)
For documentation on this error, please visit: https://www.seleniumhq.org/exceptions/no_such_element.html
Build info: version: '3.141.59', revision: 'e82be7d358', time: '2018-11-14T08:17:03'
System info: host: 'DESKTOP-6D8D7QH', ip: '192.168.1.2', os.name: 'Windows 10', os.arch: 'amd64', os.version: '10.0', java.version: '11.0.8'
Driver info: org.openqa.selenium.chrome.ChromeDriver
Capabilities {acceptInsecureCerts: false, browserName: chrome, browserVersion: 92.0.4515.107, chrome: {chromedriverVersion: 91.0.4472.101 (af52a90bf870..., userDataDir: C:\Users\tarek\AppData\Loca...}, goog:chromeOptions: {debuggerAddress: localhost:50484}, javascriptEnabled: true, networkConnectionEnabled: false, pageLoadStrategy: normal, platform: WINDOWS, platformName: WINDOWS, proxy: Proxy(), setWindowRect: true, strictFileInteractability: false, timeouts: {implicit: 0, pageLoad: 300000, script: 30000}, unhandledPromptBehavior: dismiss and notify, webauthn:extension:largeBlob: true, webauthn:virtualAuthenticators: true}
Session ID: cc70ba4c212a6a60d47aa0bd50409d9b
*** Element info: {Using=xpath, value=/html/body/div[3]/div/div}]]>
            </message>
            <full-stacktrace>
              <![CDATA[org.openqa.selenium.NoSuchElementException: no such element: Unable to locate element: {"method":"xpath","selector":"/html/body/div[3]/div/div"}
  (Session info: chrome=92.0.4515.107)
For documentation on this error, please visit: https://www.seleniumhq.org/exceptions/no_such_element.html
Build info: version: '3.141.59', revision: 'e82be7d358', time: '2018-11-14T08:17:03'
System info: host: 'DESKTOP-6D8D7QH', ip: '192.168.1.2', os.name: 'Windows 10', os.arch: 'amd64', os.version: '10.0', java.version: '11.0.8'
Driver info: org.openqa.selenium.chrome.ChromeDriver
Capabilities {acceptInsecureCerts: false, browserName: chrome, browserVersion: 92.0.4515.107, chrome: {chromedriverVersion: 91.0.4472.101 (af52a90bf870..., userDataDir: C:\Users\tarek\AppData\Loca...}, goog:chromeOptions: {debuggerAddress: localhost:50484}, javascriptEnabled: true, networkConnectionEnabled: false, pageLoadStrategy: normal, platform: WINDOWS, platformName: WINDOWS, proxy: Proxy(), setWindowRect: true, strictFileInteractability: false, timeouts: {implicit: 0, pageLoad: 300000, script: 30000}, unhandledPromptBehavior: dismiss and notify, webauthn:extension:largeBlob: true, webauthn:virtualAuthenticators: true}
Session ID: cc70ba4c212a6a60d47aa0bd50409d9b
*** Element info: {Using=xpath, value=/html/body/div[3]/div/div}
at java.base/jdk.internal.reflect.NativeConstructorAccessorImpl.newInstance0(Native Method)
at java.base/jdk.internal.reflect.NativeConstructorAccessorImpl.newInstance(NativeConstructorAccessorImpl.java:62)
at java.base/jdk.internal.reflect.DelegatingConstructorAccessorImpl.newInstance(DelegatingConstructorAccessorImpl.java:45)
at java.base/java.lang.reflect.Constructor.newInstance(Constructor.java:490)
at org.openqa.selenium.remote.http.W3CHttpResponseCodec.createException(W3CHttpResponseCodec.java:187)
at org.openqa.selenium.remote.http.W3CHttpResponseCodec.decode(W3CHttpResponseCodec.java:122)
at org.openqa.selenium.remote.http.W3CHttpResponseCodec.decode(W3CHttpResponseCodec.java:49)
at org.openqa.selenium.remote.HttpCommandExecutor.execute(HttpCommandExecutor.java:158)
at org.openqa.selenium.remote.service.DriverCommandExecutor.execute(DriverCommandExecutor.java:83)
at org.openqa.selenium.remote.RemoteWebDriver.execute(RemoteWebDriver.java:552)
at org.openqa.selenium.remote.RemoteWebDriver.findElement(RemoteWebDriver.java:323)
at org.openqa.selenium.remote.RemoteWebDriver.findElementByXPath(RemoteWebDriver.java:428)
at org.openqa.selenium.By$ByXPath.findElement(By.java:353)
at org.openqa.selenium.remote.RemoteWebDriver.findElement(RemoteWebDriver.java:315)
at org.openqa.selenium.support.pagefactory.DefaultElementLocator.findElement(DefaultElementLocator.java:69)
at org.openqa.selenium.support.pagefactory.internal.LocatingElementHandler.invoke(LocatingElementHandler.java:38)
at com.sun.proxy.$Proxy12.getAttribute(Unknown Source)
at Marah.pages.ServicesTypes.getmessage(ServicesTypes.java:74)
at Marah.Admin.TestCases.UsersTest.add_user_technical_support(UsersTest.java:110)
at java.base/jdk.internal.reflect.NativeMethodAccessorImpl.invoke0(Native Method)
at java.base/jdk.internal.reflect.NativeMethodAccessorImpl.invoke(NativeMethodAccessorImpl.java:62)
at java.base/jdk.internal.reflect.DelegatingMethodAccessorImpl.invoke(DelegatingMethodAccessorImpl.java:43)
at java.base/java.lang.reflect.Method.invoke(Method.java:566)
at org.testng.internal.MethodInvocationHelper.invokeMethod(MethodInvocationHelper.java:134)
at org.testng.internal.TestInvoker.invokeMethod(TestInvoker.java:597)
at org.testng.internal.TestInvoker.invokeTestMethod(TestInvoker.java:173)
at org.testng.internal.MethodRunner.runInSequence(MethodRunner.java:46)
at org.testng.internal.TestInvoker$MethodInvocationAgent.invoke(TestInvoker.java:816)
at org.testng.internal.TestInvoker.invokeTestMethods(TestInvoker.java:146)
at org.testng.internal.TestMethodWorker.invokeTestMethods(TestMethodWorker.java:146)
at org.testng.internal.TestMethodWorker.run(TestMethodWorker.java:128)
at java.base/java.util.ArrayList.forEach(ArrayList.java:1541)
at org.testng.TestRunner.privateRun(TestRunner.java:766)
at org.testng.TestRunner.run(TestRunner.java:587)
at org.testng.SuiteRunner.runTest(SuiteRunner.java:384)
at org.testng.SuiteRunner.runSequentially(SuiteRunner.java:378)
at org.testng.SuiteRunner.privateRun(SuiteRunner.java:337)
at org.testng.SuiteRunner.run(SuiteRunner.java:286)
at org.testng.SuiteRunnerWorker.runSuite(SuiteRunnerWorker.java:53)
at org.testng.SuiteRunnerWorker.run(SuiteRunnerWorker.java:96)
at org.testng.TestNG.runSuitesSequentially(TestNG.java:1187)
at org.testng.TestNG.runSuitesLocally(TestNG.java:1109)
at org.testng.TestNG.runSuites(TestNG.java:1039)
at org.testng.TestNG.run(TestNG.java:1007)
at org.apache.maven.surefire.testng.TestNGExecutor.run(TestNGExecutor.java:283)
at org.apache.maven.surefire.testng.TestNGXmlTestSuite.execute(TestNGXmlTestSuite.java:75)
at org.apache.maven.surefire.testng.TestNGProvider.invoke(TestNGProvider.java:120)
at org.apache.maven.surefire.booter.ForkedBooter.invokeProviderInSameClassLoader(ForkedBooter.java:383)
at org.apache.maven.surefire.booter.ForkedBooter.runSuitesInProcess(ForkedBooter.java:344)
at org.apache.maven.surefire.booter.ForkedBooter.execute(ForkedBooter.java:125)
at org.apache.maven.surefire.booter.ForkedBooter.main(ForkedBooter.java:417)
]]>
            </full-stacktrace>
          </exception> <!-- org.openqa.selenium.NoSuchElementException -->
          <reporter-output>
          </reporter-output>
        </test-method> <!-- add_user_technical_support -->
        <test-method is-config="true" signature="end_method(java.lang.reflect.Method, org.testng.ITestResult)[pri:0, instance:Marah.Admin.TestCases.UsersTest@f381794]" started-at="2021-07-28T01:58:48 EET" name="end_method" finished-at="2021-07-28T01:58:48 EET" duration-ms="0" status="PASS">
          <params>
            <param index="0">
              <value>
                <![CDATA[public void Marah.Admin.TestCases.UsersTest.add_user_technical_support(java.lang.reflect.Method) throws java.lang.InterruptedException]]>
              </value>
            </param>
            <param index="1">
              <value>
                <![CDATA[[TestResult name=add_user_technical_support status=FAILURE method=UsersTest.add_user_technical_support(java.lang.reflect.Method)[pri:5, instance:Marah.Admin.TestCases.UsersTest@f381794] output={null}]]]>
              </value>
            </param>
          </params>
          <reporter-output>
          </reporter-output>
        </test-method> <!-- end_method -->
        <test-method is-config="true" signature="set_up(java.lang.reflect.Method)[pri:0, instance:Marah.Admin.TestCases.UsersTest@f381794]" started-at="2021-07-28T01:58:48 EET" name="set_up" finished-at="2021-07-28T01:58:48 EET" duration-ms="1" status="PASS">
          <params>
            <param index="0">
              <value>
                <![CDATA[public void Marah.Admin.TestCases.UsersTest.delete_user(java.lang.reflect.Method) throws java.lang.InterruptedException]]>
              </value>
            </param>
          </params>
          <reporter-output>
          </reporter-output>
        </test-method> <!-- set_up -->
        <test-method signature="delete_user(java.lang.reflect.Method)[pri:6, instance:Marah.Admin.TestCases.UsersTest@f381794]" started-at="2021-07-28T01:58:48 EET" name="delete_user" finished-at="2021-07-28T01:58:56 EET" duration-ms="7779" status="PASS">
          <params>
            <param index="0">
              <value>
                <![CDATA[public void Marah.Admin.TestCases.UsersTest.delete_user(java.lang.reflect.Method) throws java.lang.InterruptedException]]>
              </value>
            </param>
          </params>
          <reporter-output>
          </reporter-output>
        </test-method> <!-- delete_user -->
        <test-method is-config="true" signature="end_method(java.lang.reflect.Method, org.testng.ITestResult)[pri:0, instance:Marah.Admin.TestCases.UsersTest@f381794]" started-at="2021-07-28T01:58:56 EET" name="end_method" finished-at="2021-07-28T01:58:56 EET" duration-ms="1" status="PASS">
          <params>
            <param index="0">
              <value>
                <![CDATA[public void Marah.Admin.TestCases.UsersTest.delete_user(java.lang.reflect.Method) throws java.lang.InterruptedException]]>
              </value>
            </param>
            <param index="1">
              <value>
                <![CDATA[[TestResult name=delete_user status=SUCCESS method=UsersTest.delete_user(java.lang.reflect.Method)[pri:6, instance:Marah.Admin.TestCases.UsersTest@f381794] output={null}]]]>
              </value>
            </param>
          </params>
          <reporter-output>
          </reporter-output>
        </test-method> <!-- end_method -->
        <test-method is-config="true" signature="set_up(java.lang.reflect.Method)[pri:0, instance:Marah.Admin.TestCases.UsersTest@f381794]" started-at="2021-07-28T01:58:56 EET" name="set_up" finished-at="2021-07-28T01:58:56 EET" duration-ms="2" status="PASS">
          <params>
            <param index="0">
              <value>
                <![CDATA[public void Marah.Admin.TestCases.UsersTest.edit_user(java.lang.reflect.Method)]]>
              </value>
            </param>
          </params>
          <reporter-output>
          </reporter-output>
        </test-method> <!-- set_up -->
        <test-method signature="edit_user(java.lang.reflect.Method)[pri:7, instance:Marah.Admin.TestCases.UsersTest@f381794]" started-at="2021-07-28T01:58:56 EET" name="edit_user" finished-at="2021-07-28T01:59:01 EET" duration-ms="5025" status="PASS">
          <params>
            <param index="0">
              <value>
                <![CDATA[public void Marah.Admin.TestCases.UsersTest.edit_user(java.lang.reflect.Method)]]>
              </value>
            </param>
          </params>
          <reporter-output>
          </reporter-output>
        </test-method> <!-- edit_user -->
        <test-method is-config="true" signature="end_method(java.lang.reflect.Method, org.testng.ITestResult)[pri:0, instance:Marah.Admin.TestCases.UsersTest@f381794]" started-at="2021-07-28T01:59:01 EET" name="end_method" finished-at="2021-07-28T01:59:01 EET" duration-ms="1" status="PASS">
          <params>
            <param index="0">
              <value>
                <![CDATA[public void Marah.Admin.TestCases.UsersTest.edit_user(java.lang.reflect.Method)]]>
              </value>
            </param>
            <param index="1">
              <value>
                <![CDATA[[TestResult name=edit_user status=SUCCESS method=UsersTest.edit_user(java.lang.reflect.Method)[pri:7, instance:Marah.Admin.TestCases.UsersTest@f381794] output={null}]]]>
              </value>
            </param>
          </params>
          <reporter-output>
          </reporter-output>
        </test-method> <!-- end_method -->
        <test-method is-config="true" signature="set_up(java.lang.reflect.Method)[pri:0, instance:Marah.Admin.TestCases.UsersTest@f381794]" started-at="2021-07-28T01:59:01 EET" name="set_up" finished-at="2021-07-28T01:59:01 EET" duration-ms="1" status="PASS">
          <params>
            <param index="0">
              <value>
                <![CDATA[public void Marah.Admin.TestCases.UsersTest.add_user_admin_by_registered_emai_phone(java.lang.reflect.Method) throws java.lang.InterruptedException]]>
              </value>
            </param>
          </params>
          <reporter-output>
          </reporter-output>
        </test-method> <!-- set_up -->
        <test-method signature="add_user_admin_by_registered_emai_phone(java.lang.reflect.Method)[pri:8, instance:Marah.Admin.TestCases.UsersTest@f381794]" started-at="2021-07-28T01:59:01 EET" name="add_user_admin_by_registered_emai_phone" finished-at="2021-07-28T01:59:08 EET" duration-ms="7041" status="FAIL">
          <params>
            <param index="0">
              <value>
                <![CDATA[public void Marah.Admin.TestCases.UsersTest.add_user_admin_by_registered_emai_phone(java.lang.reflect.Method) throws java.lang.InterruptedException]]>
              </value>
            </param>
          </params>
          <exception class="java.lang.AssertionError">
            <message>
              <![CDATA[ it is inValid expected [The email has already been taken.] but found [The Phone has already been taken.]]]>
            </message>
            <full-stacktrace>
              <![CDATA[java.lang.AssertionError:  it is inValid expected [The email has already been taken.] but found [The Phone has already been taken.]
at org.testng.Assert.fail(Assert.java:97)
at org.testng.Assert.assertEqualsImpl(Assert.java:136)
at org.testng.Assert.assertEquals(Assert.java:118)
at org.testng.Assert.assertEquals(Assert.java:575)
at Marah.Admin.TestCases.UsersTest.add_user_admin_by_registered_emai_phone(UsersTest.java:158)
at java.base/jdk.internal.reflect.NativeMethodAccessorImpl.invoke0(Native Method)
at java.base/jdk.internal.reflect.NativeMethodAccessorImpl.invoke(NativeMethodAccessorImpl.java:62)
at java.base/jdk.internal.reflect.DelegatingMethodAccessorImpl.invoke(DelegatingMethodAccessorImpl.java:43)
at java.base/java.lang.reflect.Method.invoke(Method.java:566)
at org.testng.internal.MethodInvocationHelper.invokeMethod(MethodInvocationHelper.java:134)
at org.testng.internal.TestInvoker.invokeMethod(TestInvoker.java:597)
at org.testng.internal.TestInvoker.invokeTestMethod(TestInvoker.java:173)
at org.testng.internal.MethodRunner.runInSequence(MethodRunner.java:46)
at org.testng.internal.TestInvoker$MethodInvocationAgent.invoke(TestInvoker.java:816)
at org.testng.internal.TestInvoker.invokeTestMethods(TestInvoker.java:146)
at org.testng.internal.TestMethodWorker.invokeTestMethods(TestMethodWorker.java:146)
at org.testng.internal.TestMethodWorker.run(TestMethodWorker.java:128)
at java.base/java.util.ArrayList.forEach(ArrayList.java:1541)
at org.testng.TestRunner.privateRun(TestRunner.java:766)
at org.testng.TestRunner.run(TestRunner.java:587)
at org.testng.SuiteRunner.runTest(SuiteRunner.java:384)
at org.testng.SuiteRunner.runSequentially(SuiteRunner.java:378)
at org.testng.SuiteRunner.privateRun(SuiteRunner.java:337)
at org.testng.SuiteRunner.run(SuiteRunner.java:286)
at org.testng.SuiteRunnerWorker.runSuite(SuiteRunnerWorker.java:53)
at org.testng.SuiteRunnerWorker.run(SuiteRunnerWorker.java:96)
at org.testng.TestNG.runSuitesSequentially(TestNG.java:1187)
at org.testng.TestNG.runSuitesLocally(TestNG.java:1109)
at org.testng.TestNG.runSuites(TestNG.java:1039)
at org.testng.TestNG.run(TestNG.java:1007)
at org.apache.maven.surefire.testng.TestNGExecutor.run(TestNGExecutor.java:283)
at org.apache.maven.surefire.testng.TestNGXmlTestSuite.execute(TestNGXmlTestSuite.java:75)
at org.apache.maven.surefire.testng.TestNGProvider.invoke(TestNGProvider.java:120)
at org.apache.maven.surefire.booter.ForkedBooter.invokeProviderInSameClassLoader(ForkedBooter.java:383)
at org.apache.maven.surefire.booter.ForkedBooter.runSuitesInProcess(ForkedBooter.java:344)
at org.apache.maven.surefire.booter.ForkedBooter.execute(ForkedBooter.java:125)
at org.apache.maven.surefire.booter.ForkedBooter.main(ForkedBooter.java:417)
]]>
            </full-stacktrace>
          </exception> <!-- java.lang.AssertionError -->
          <reporter-output>
          </reporter-output>
        </test-method> <!-- add_user_admin_by_registered_emai_phone -->
        <test-method is-config="true" signature="end_method(java.lang.reflect.Method, org.testng.ITestResult)[pri:0, instance:Marah.Admin.TestCases.UsersTest@f381794]" started-at="2021-07-28T01:59:08 EET" name="end_method" finished-at="2021-07-28T01:59:08 EET" duration-ms="0" status="PASS">
          <params>
            <param index="0">
              <value>
                <![CDATA[public void Marah.Admin.TestCases.UsersTest.add_user_admin_by_registered_emai_phone(java.lang.reflect.Method) throws java.lang.InterruptedException]]>
              </value>
            </param>
            <param index="1">
              <value>
                <![CDATA[[TestResult name=add_user_admin_by_registered_emai_phone status=FAILURE method=UsersTest.add_user_admin_by_registered_emai_phone(java.lang.reflect.Method)[pri:8, instance:Marah.Admin.TestCases.UsersTest@f381794] output={null}]]]>
              </value>
            </param>
          </params>
          <reporter-output>
          </reporter-output>
        </test-method> <!-- end_method -->
      </class> <!-- Marah.Admin.TestCases.UsersTest -->
      <class name="Marah.Admin.TestCases.CustomerPageTest">
        <test-method signature="go_to_Customer_page(java.lang.reflect.Method)[pri:1, instance:Marah.Admin.TestCases.CustomerPageTest@2cdd0d4b]" started-at="2021-07-28T01:59:08 EET" name="go_to_Customer_page" finished-at="2021-07-28T01:59:09 EET" duration-ms="1045" status="PASS">
          <params>
            <param index="0">
              <value>
                <![CDATA[public void Marah.Admin.TestCases.CustomerPageTest.go_to_Customer_page(java.lang.reflect.Method)]]>
              </value>
            </param>
          </params>
          <reporter-output>
          </reporter-output>
        </test-method> <!-- go_to_Customer_page -->
        <test-method signature="add_Customer(java.lang.reflect.Method)[pri:2, instance:Marah.Admin.TestCases.CustomerPageTest@2cdd0d4b]" started-at="2021-07-28T01:59:09 EET" name="add_Customer" finished-at="2021-07-28T01:59:13 EET" duration-ms="4401" status="PASS">
          <params>
            <param index="0">
              <value>
                <![CDATA[public void Marah.Admin.TestCases.CustomerPageTest.add_Customer(java.lang.reflect.Method) throws java.lang.InterruptedException]]>
              </value>
            </param>
          </params>
          <reporter-output>
          </reporter-output>
        </test-method> <!-- add_Customer -->
        <test-method signature="add_user_admin_by_registered_phone(java.lang.reflect.Method)[pri:3, instance:Marah.Admin.TestCases.CustomerPageTest@2cdd0d4b]" started-at="2021-07-28T01:59:13 EET" name="add_user_admin_by_registered_phone" finished-at="2021-07-28T01:59:17 EET" duration-ms="4324" status="PASS">
          <params>
            <param index="0">
              <value>
                <![CDATA[public void Marah.Admin.TestCases.CustomerPageTest.add_user_admin_by_registered_phone(java.lang.reflect.Method) throws java.lang.InterruptedException]]>
              </value>
            </param>
          </params>
          <reporter-output>
          </reporter-output>
        </test-method> <!-- add_user_admin_by_registered_phone -->
        <test-method signature="edit_Customer(java.lang.reflect.Method)[pri:4, instance:Marah.Admin.TestCases.CustomerPageTest@2cdd0d4b]" started-at="2021-07-28T01:59:17 EET" name="edit_Customer" finished-at="2021-07-28T01:59:24 EET" duration-ms="6318" status="PASS">
          <params>
            <param index="0">
              <value>
                <![CDATA[public void Marah.Admin.TestCases.CustomerPageTest.edit_Customer(java.lang.reflect.Method) throws java.lang.InterruptedException]]>
              </value>
            </param>
          </params>
          <reporter-output>
          </reporter-output>
        </test-method> <!-- edit_Customer -->
        <test-method signature="delete_Customer(java.lang.reflect.Method)[pri:5, instance:Marah.Admin.TestCases.CustomerPageTest@2cdd0d4b]" started-at="2021-07-28T01:59:24 EET" name="delete_Customer" finished-at="2021-07-28T01:59:29 EET" duration-ms="5492" status="PASS">
          <params>
            <param index="0">
              <value>
                <![CDATA[public void Marah.Admin.TestCases.CustomerPageTest.delete_Customer(java.lang.reflect.Method) throws java.lang.InterruptedException]]>
              </value>
            </param>
          </params>
          <reporter-output>
          </reporter-output>
        </test-method> <!-- delete_Customer -->
        <test-method signature="add_Customer_without_name(java.lang.reflect.Method)[pri:6, instance:Marah.Admin.TestCases.CustomerPageTest@2cdd0d4b]" started-at="2021-07-28T01:59:29 EET" name="add_Customer_without_name" finished-at="2021-07-28T01:59:31 EET" duration-ms="2147" status="PASS">
          <params>
            <param index="0">
              <value>
                <![CDATA[public void Marah.Admin.TestCases.CustomerPageTest.add_Customer_without_name(java.lang.reflect.Method) throws java.lang.InterruptedException]]>
              </value>
            </param>
          </params>
          <reporter-output>
          </reporter-output>
        </test-method> <!-- add_Customer_without_name -->
      </class> <!-- Marah.Admin.TestCases.CustomerPageTest -->
    </test> <!-- Group of group Test -->
  </suite> <!-- Group of group Suite -->
</testng-results>
